TN:First_Test
SF:/usr/include/c++/5/bits/alloc_traits.h
FN:516,_ZNSt16allocator_traitsISaISt6vectorINSt7__cxx1112basic_stringIcSt11char_traitsIcESaIcEEESaIS6_EEEE10deallocateERS9_PS8_m
FN:516,_ZNSt16allocator_traitsISaINSt7__cxx1112basic_stringIcSt11char_traitsIcESaIcEEEEE10deallocateERS6_PS5_m
FNDA:0,_ZNSt16allocator_traitsISaISt6vectorINSt7__cxx1112basic_stringIcSt11char_traitsIcESaIcEEESaIS6_EEEE10deallocateERS9_PS8_m
FNDA:0,_ZNSt16allocator_traitsISaINSt7__cxx1112basic_stringIcSt11char_traitsIcESaIcEEEEE10deallocateERS6_PS5_m
FNF:2
FNH:0
DA:516,0
DA:517,0
LF:2
LH:0
end_of_record
SF:/usr/include/c++/5/bits/allocator.h
FN:113,_ZNSaISt6vectorINSt7__cxx1112basic_stringIcSt11char_traitsIcESaIcEEESaIS5_EEEC2Ev
FN:113,_ZNSaINSt7__cxx1112basic_stringIcSt11char_traitsIcESaIcEEEEC2Ev
FN:121,_ZNSaINSt7__cxx1112basic_stringIcSt11char_traitsIcESaIcEEEED2Ev
FN:121,_ZNSaISt6vectorINSt7__cxx1112basic_stringIcSt11char_traitsIcESaIcEEESaIS5_EEED2Ev
FNDA:0,_ZNSaISt6vectorINSt7__cxx1112basic_stringIcSt11char_traitsIcESaIcEEESaIS5_EEEC2Ev
FNDA:0,_ZNSaINSt7__cxx1112basic_stringIcSt11char_traitsIcESaIcEEEEC2Ev
FNDA:0,_ZNSaISt6vectorINSt7__cxx1112basic_stringIcSt11char_traitsIcESaIcEEESaIS5_EEED2Ev
FNDA:0,_ZNSaINSt7__cxx1112basic_stringIcSt11char_traitsIcESaIcEEEED2Ev
FNF:4
FNH:0
DA:113,0
DA:121,0
LF:2
LH:0
end_of_record
SF:/usr/include/c++/5/bits/ios_base.h
FN:129,_ZStorSt13_Ios_OpenmodeS_
FNDA:54,_ZStorSt13_Ios_OpenmodeS_
FNF:1
FNH:1
DA:129,54
DA:130,54
LF:2
LH:2
end_of_record
SF:/usr/include/c++/5/bits/move.h
FN:47,_ZSt11__addressofISt6vectorINSt7__cxx1112basic_stringIcSt11char_traitsIcESaIcEEESaIS6_EEEPT_RS9_
FN:47,_ZSt11__addressofINSt7__cxx1112basic_stringIcSt11char_traitsIcESaIcEEEEPT_RS6_
FNDA:0,_ZSt11__addressofISt6vectorINSt7__cxx1112basic_stringIcSt11char_traitsIcESaIcEEESaIS6_EEEPT_RS9_
FNDA:0,_ZSt11__addressofINSt7__cxx1112basic_stringIcSt11char_traitsIcESaIcEEEEPT_RS6_
FNF:2
FNH:0
DA:47,0
DA:50,0
LF:2
LH:0
end_of_record
SF:/usr/include/c++/5/bits/stl_construct.h
FN:92,_ZSt8_DestroyISt6vectorINSt7__cxx1112basic_stringIcSt11char_traitsIcESaIcEEESaIS6_EEEvPT_
FN:92,_ZSt8_DestroyINSt7__cxx1112basic_stringIcSt11char_traitsIcESaIcEEEEvPT_
FN:100,_ZNSt12_Destroy_auxILb0EE9__destroyIPSt6vectorINSt7__cxx1112basic_stringIcSt11char_traitsIcESaIcEEESaIS8_EEEEvT_SC_
FN:100,_ZNSt12_Destroy_auxILb0EE9__destroyIPNSt7__cxx1112basic_stringIcSt11char_traitsIcESaIcEEEEEvT_S9_
FN:122,_ZSt8_DestroyIPNSt7__cxx1112basic_stringIcSt11char_traitsIcESaIcEEEEvT_S7_
FN:122,_ZSt8_DestroyIPSt6vectorINSt7__cxx1112basic_stringIcSt11char_traitsIcESaIcEEESaIS6_EEEvT_SA_
FN:148,_ZSt8_DestroyIPNSt7__cxx1112basic_stringIcSt11char_traitsIcESaIcEEES5_EvT_S7_RSaIT0_E
FN:148,_ZSt8_DestroyIPSt6vectorINSt7__cxx1112basic_stringIcSt11char_traitsIcESaIcEEESaIS6_EES8_EvT_SA_RSaIT0_E
FNDA:0,_ZSt8_DestroyISt6vectorINSt7__cxx1112basic_stringIcSt11char_traitsIcESaIcEEESaIS6_EEEvPT_
FNDA:0,_ZSt8_DestroyINSt7__cxx1112basic_stringIcSt11char_traitsIcESaIcEEEEvPT_
FNDA:0,_ZNSt12_Destroy_auxILb0EE9__destroyIPSt6vectorINSt7__cxx1112basic_stringIcSt11char_traitsIcESaIcEEESaIS8_EEEEvT_SC_
FNDA:0,_ZNSt12_Destroy_auxILb0EE9__destroyIPNSt7__cxx1112basic_stringIcSt11char_traitsIcESaIcEEEEEvT_S9_
FNDA:0,_ZSt8_DestroyIPSt6vectorINSt7__cxx1112basic_stringIcSt11char_traitsIcESaIcEEESaIS6_EEEvT_SA_
FNDA:0,_ZSt8_DestroyIPNSt7__cxx1112basic_stringIcSt11char_traitsIcESaIcEEEEvT_S7_
FNDA:0,_ZSt8_DestroyIPSt6vectorINSt7__cxx1112basic_stringIcSt11char_traitsIcESaIcEEESaIS6_EES8_EvT_SA_RSaIT0_E
FNDA:0,_ZSt8_DestroyIPNSt7__cxx1112basic_stringIcSt11char_traitsIcESaIcEEES5_EvT_S7_RSaIT0_E
FNF:8
FNH:0
DA:92,0
DA:93,0
DA:100,0
DA:102,0
DA:103,0
DA:104,0
DA:122,0
DA:126,0
DA:128,0
DA:148,0
DA:151,0
DA:152,0
LF:12
LH:0
end_of_record
SF:/usr/include/c++/5/bits/stl_iterator.h
FN:740,_ZN9__gnu_cxx17__normal_iteratorIPSt6vectorINSt7__cxx1112basic_stringIcSt11char_traitsIcESaIcEEESaIS7_EES1_IS9_SaIS9_EEEC2ERKSA_
FN:757,_ZNK9__gnu_cxx17__normal_iteratorIPSt6vectorINSt7__cxx1112basic_stringIcSt11char_traitsIcESaIcEEESaIS7_EES1_IS9_SaIS9_EEEptEv
FN:768,_ZN9__gnu_cxx17__normal_iteratorIPSt6vectorINSt7__cxx1112basic_stringIcSt11char_traitsIcESaIcEEESaIS7_EES1_IS9_SaIS9_EEEppEi
FN:805,_ZNK9__gnu_cxx17__normal_iteratorIPSt6vectorINSt7__cxx1112basic_stringIcSt11char_traitsIcESaIcEEESaIS7_EES1_IS9_SaIS9_EEE4baseEv
FN:841,_ZN9__gnu_cxxneIPSt6vectorINSt7__cxx1112basic_stringIcSt11char_traitsIcESaIcEEESaIS7_EES1_IS9_SaIS9_EEEEbRKNS_17__normal_iteratorIT_T0_EESI_
FNDA:0,_ZN9__gnu_cxx17__normal_iteratorIPSt6vectorINSt7__cxx1112basic_stringIcSt11char_traitsIcESaIcEEESaIS7_EES1_IS9_SaIS9_EEEC2ERKSA_
FNDA:16,_ZNK9__gnu_cxx17__normal_iteratorIPSt6vectorINSt7__cxx1112basic_stringIcSt11char_traitsIcESaIcEEESaIS7_EES1_IS9_SaIS9_EEEptEv
FNDA:0,_ZN9__gnu_cxx17__normal_iteratorIPSt6vectorINSt7__cxx1112basic_stringIcSt11char_traitsIcESaIcEEESaIS7_EES1_IS9_SaIS9_EEEppEi
FNDA:0,_ZNK9__gnu_cxx17__normal_iteratorIPSt6vectorINSt7__cxx1112basic_stringIcSt11char_traitsIcESaIcEEESaIS7_EES1_IS9_SaIS9_EEE4baseEv
FNDA:0,_ZN9__gnu_cxxneIPSt6vectorINSt7__cxx1112basic_stringIcSt11char_traitsIcESaIcEEESaIS7_EES1_IS9_SaIS9_EEEEbRKNS_17__normal_iteratorIT_T0_EESI_
FNF:5
FNH:1
DA:740,0
DA:741,0
DA:757,16
DA:758,16
DA:768,0
DA:769,0
DA:805,0
DA:806,0
DA:841,0
DA:844,0
LF:10
LH:2
end_of_record
SF:/usr/include/c++/5/bits/stl_vector.h
FN:79,_ZNSt12_Vector_baseISt6vectorINSt7__cxx1112basic_stringIcSt11char_traitsIcESaIcEEESaIS6_EESaIS8_EE12_Vector_implD2Ev
FN:79,_ZNSt12_Vector_baseINSt7__cxx1112basic_stringIcSt11char_traitsIcESaIcEEESaIS5_EE12_Vector_implD2Ev
FN:86,_ZNSt12_Vector_baseINSt7__cxx1112basic_stringIcSt11char_traitsIcESaIcEEESaIS5_EE12_Vector_implC2Ev
FN:86,_ZNSt12_Vector_baseISt6vectorINSt7__cxx1112basic_stringIcSt11char_traitsIcESaIcEEESaIS6_EESaIS8_EE12_Vector_implC2Ev
FN:113,_ZNSt12_Vector_baseISt6vectorINSt7__cxx1112basic_stringIcSt11char_traitsIcESaIcEEESaIS6_EESaIS8_EE19_M_get_Tp_allocatorEv
FN:113,_ZNSt12_Vector_baseINSt7__cxx1112basic_stringIcSt11char_traitsIcESaIcEEESaIS5_EE19_M_get_Tp_allocatorEv
FN:124,_ZNSt12_Vector_baseINSt7__cxx1112basic_stringIcSt11char_traitsIcESaIcEEESaIS5_EEC2Ev
FN:124,_ZNSt12_Vector_baseISt6vectorINSt7__cxx1112basic_stringIcSt11char_traitsIcESaIcEEESaIS6_EESaIS8_EEC2Ev
FN:159,_ZNSt12_Vector_baseINSt7__cxx1112basic_stringIcSt11char_traitsIcESaIcEEESaIS5_EED2Ev
FN:159,_ZNSt12_Vector_baseISt6vectorINSt7__cxx1112basic_stringIcSt11char_traitsIcESaIcEEESaIS6_EESaIS8_EED2Ev
FN:174,_ZNSt12_Vector_baseINSt7__cxx1112basic_stringIcSt11char_traitsIcESaIcEEESaIS5_EE13_M_deallocateEPS5_m
FN:174,_ZNSt12_Vector_baseISt6vectorINSt7__cxx1112basic_stringIcSt11char_traitsIcESaIcEEESaIS6_EESaIS8_EE13_M_deallocateEPS8_m
FN:253,_ZNSt6vectorINSt7__cxx1112basic_stringIcSt11char_traitsIcESaIcEEESaIS5_EEC2Ev
FN:253,_ZNSt6vectorIS_INSt7__cxx1112basic_stringIcSt11char_traitsIcESaIcEEESaIS5_EESaIS7_EEC2Ev
FN:423,_ZNSt6vectorINSt7__cxx1112basic_stringIcSt11char_traitsIcESaIcEEESaIS5_EED2Ev
FN:423,_ZNSt6vectorIS_INSt7__cxx1112basic_stringIcSt11char_traitsIcESaIcEEESaIS5_EESaIS7_EED2Ev
FN:547,_ZNSt6vectorIS_INSt7__cxx1112basic_stringIcSt11char_traitsIcESaIcEEESaIS5_EESaIS7_EE5beginEv
FN:565,_ZNSt6vectorIS_INSt7__cxx1112basic_stringIcSt11char_traitsIcESaIcEEESaIS5_EESaIS7_EE3endEv
FN:654,_ZNKSt6vectorINSt7__cxx1112basic_stringIcSt11char_traitsIcESaIcEEESaIS5_EE4sizeEv
FN:779,_ZNSt6vectorINSt7__cxx1112basic_stringIcSt11char_traitsIcESaIcEEESaIS5_EEixEm
FN:800,_ZNKSt6vectorINSt7__cxx1112basic_stringIcSt11char_traitsIcESaIcEEESaIS5_EE14_M_range_checkEm
FN:822,_ZNSt6vectorINSt7__cxx1112basic_stringIcSt11char_traitsIcESaIcEEESaIS5_EE2atEm
FN:1211,_ZNSt6vectorINSt7__cxx1112basic_stringIcSt11char_traitsIcESaIcEEESaIS5_EE5clearEv
FN:1436,_ZNSt6vectorINSt7__cxx1112basic_stringIcSt11char_traitsIcESaIcEEESaIS5_EE15_M_erase_at_endEPS5_
FNDA:0,_ZNSt12_Vector_baseISt6vectorINSt7__cxx1112basic_stringIcSt11char_traitsIcESaIcEEESaIS6_EESaIS8_EE12_Vector_implD2Ev
FNDA:0,_ZNSt12_Vector_baseINSt7__cxx1112basic_stringIcSt11char_traitsIcESaIcEEESaIS5_EE12_Vector_implD2Ev
FNDA:0,_ZNSt12_Vector_baseISt6vectorINSt7__cxx1112basic_stringIcSt11char_traitsIcESaIcEEESaIS6_EESaIS8_EE12_Vector_implC2Ev
FNDA:0,_ZNSt12_Vector_baseINSt7__cxx1112basic_stringIcSt11char_traitsIcESaIcEEESaIS5_EE12_Vector_implC2Ev
FNDA:0,_ZNSt12_Vector_baseISt6vectorINSt7__cxx1112basic_stringIcSt11char_traitsIcESaIcEEESaIS6_EESaIS8_EE19_M_get_Tp_allocatorEv
FNDA:0,_ZNSt12_Vector_baseINSt7__cxx1112basic_stringIcSt11char_traitsIcESaIcEEESaIS5_EE19_M_get_Tp_allocatorEv
FNDA:0,_ZNSt12_Vector_baseISt6vectorINSt7__cxx1112basic_stringIcSt11char_traitsIcESaIcEEESaIS6_EESaIS8_EEC2Ev
FNDA:0,_ZNSt12_Vector_baseINSt7__cxx1112basic_stringIcSt11char_traitsIcESaIcEEESaIS5_EEC2Ev
FNDA:0,_ZNSt12_Vector_baseISt6vectorINSt7__cxx1112basic_stringIcSt11char_traitsIcESaIcEEESaIS6_EESaIS8_EED2Ev
FNDA:0,_ZNSt12_Vector_baseINSt7__cxx1112basic_stringIcSt11char_traitsIcESaIcEEESaIS5_EED2Ev
FNDA:0,_ZNSt12_Vector_baseISt6vectorINSt7__cxx1112basic_stringIcSt11char_traitsIcESaIcEEESaIS6_EESaIS8_EE13_M_deallocateEPS8_m
FNDA:0,_ZNSt12_Vector_baseINSt7__cxx1112basic_stringIcSt11char_traitsIcESaIcEEESaIS5_EE13_M_deallocateEPS5_m
FNDA:0,_ZNSt6vectorIS_INSt7__cxx1112basic_stringIcSt11char_traitsIcESaIcEEESaIS5_EESaIS7_EEC2Ev
FNDA:0,_ZNSt6vectorINSt7__cxx1112basic_stringIcSt11char_traitsIcESaIcEEESaIS5_EEC2Ev
FNDA:0,_ZNSt6vectorIS_INSt7__cxx1112basic_stringIcSt11char_traitsIcESaIcEEESaIS5_EESaIS7_EED2Ev
FNDA:0,_ZNSt6vectorINSt7__cxx1112basic_stringIcSt11char_traitsIcESaIcEEESaIS5_EED2Ev
FNDA:0,_ZNSt6vectorIS_INSt7__cxx1112basic_stringIcSt11char_traitsIcESaIcEEESaIS5_EESaIS7_EE5beginEv
FNDA:0,_ZNSt6vectorIS_INSt7__cxx1112basic_stringIcSt11char_traitsIcESaIcEEESaIS5_EESaIS7_EE3endEv
FNDA:0,_ZNKSt6vectorINSt7__cxx1112basic_stringIcSt11char_traitsIcESaIcEEESaIS5_EE4sizeEv
FNDA:0,_ZNSt6vectorINSt7__cxx1112basic_stringIcSt11char_traitsIcESaIcEEESaIS5_EEixEm
FNDA:0,_ZNKSt6vectorINSt7__cxx1112basic_stringIcSt11char_traitsIcESaIcEEESaIS5_EE14_M_range_checkEm
FNDA:0,_ZNSt6vectorINSt7__cxx1112basic_stringIcSt11char_traitsIcESaIcEEESaIS5_EE2atEm
FNDA:0,_ZNSt6vectorINSt7__cxx1112basic_stringIcSt11char_traitsIcESaIcEEESaIS5_EE5clearEv
FNDA:0,_ZNSt6vectorINSt7__cxx1112basic_stringIcSt11char_traitsIcESaIcEEESaIS5_EE15_M_erase_at_endEPS5_
FNF:24
FNH:0
DA:79,0
DA:86,0
DA:87,0
DA:88,0
DA:113,0
DA:114,0
DA:124,0
DA:125,0
DA:159,0
DA:160,0
DA:161,0
DA:174,0
DA:177,0
DA:178,0
DA:179,0
DA:253,0
DA:257,0
DA:423,0
DA:424,0
DA:425,0
DA:547,0
DA:548,0
DA:565,0
DA:566,0
DA:654,0
DA:655,0
DA:779,0
DA:780,0
DA:800,0
DA:802,0
DA:803,0
DA:807,0
DA:822,0
DA:824,0
DA:825,0
DA:1211,0
DA:1212,0
DA:1436,0
DA:1438,0
DA:1439,0
DA:1440,0
LF:41
LH:0
end_of_record
SF:/usr/include/c++/5/ext/new_allocator.h
FN:79,_ZN9__gnu_cxx13new_allocatorISt6vectorINSt7__cxx1112basic_stringIcSt11char_traitsIcESaIcEEESaIS7_EEEC2Ev
FN:79,_ZN9__gnu_cxx13new_allocatorINSt7__cxx1112basic_stringIcSt11char_traitsIcESaIcEEEEC2Ev
FN:86,_ZN9__gnu_cxx13new_allocatorINSt7__cxx1112basic_stringIcSt11char_traitsIcESaIcEEEED2Ev
FN:86,_ZN9__gnu_cxx13new_allocatorISt6vectorINSt7__cxx1112basic_stringIcSt11char_traitsIcESaIcEEESaIS7_EEED2Ev
FN:109,_ZN9__gnu_cxx13new_allocatorISt6vectorINSt7__cxx1112basic_stringIcSt11char_traitsIcESaIcEEESaIS7_EEE10deallocateEPS9_m
FN:109,_ZN9__gnu_cxx13new_allocatorINSt7__cxx1112basic_stringIcSt11char_traitsIcESaIcEEEE10deallocateEPS6_m
FNDA:0,_ZN9__gnu_cxx13new_allocatorISt6vectorINSt7__cxx1112basic_stringIcSt11char_traitsIcESaIcEEESaIS7_EEEC2Ev
FNDA:0,_ZN9__gnu_cxx13new_allocatorINSt7__cxx1112basic_stringIcSt11char_traitsIcESaIcEEEEC2Ev
FNDA:0,_ZN9__gnu_cxx13new_allocatorISt6vectorINSt7__cxx1112basic_stringIcSt11char_traitsIcESaIcEEESaIS7_EEED2Ev
FNDA:0,_ZN9__gnu_cxx13new_allocatorINSt7__cxx1112basic_stringIcSt11char_traitsIcESaIcEEEED2Ev
FNDA:0,_ZN9__gnu_cxx13new_allocatorISt6vectorINSt7__cxx1112basic_stringIcSt11char_traitsIcESaIcEEESaIS7_EEE10deallocateEPS9_m
FNDA:0,_ZN9__gnu_cxx13new_allocatorINSt7__cxx1112basic_stringIcSt11char_traitsIcESaIcEEEE10deallocateEPS6_m
FNF:6
FNH:0
DA:79,0
DA:86,0
DA:109,0
DA:110,0
LF:4
LH:0
end_of_record
SF:/usr/include/c++/5/iostream
DA:74,1
LF:1
LH:1
end_of_record
SF:/usr/include/gtest/gtest-message.h
FN:85,_ZN7testing7MessageD2Ev
FNDA:54,_ZN7testing7MessageD2Ev
FNF:1
FNH:1
DA:85,54
LF:1
LH:1
end_of_record
SF:/usr/include/gtest/gtest-printers.h
FN:218,_ZN16testing_internal26DefaultPrintNonContainerToIiEEvRKT_PSo
FN:218,_ZN16testing_internal26DefaultPrintNonContainerToImEEvRKT_PSo
FN:335,_ZN7testing8internal14DefaultPrintToImEEvcNS0_13bool_constantILb0EEERKT_PSo
FN:335,_ZN7testing8internal14DefaultPrintToIiEEvcNS0_13bool_constantILb0EEERKT_PSo
FN:353,_ZN7testing8internal7PrintToImEEvRKT_PSo
FN:353,_ZN7testing8internal7PrintToIiEEvRKT_PSo
FN:386,_ZN7testing8internal7PrintToEcPSo
FN:591,_ZN7testing8internal16UniversalPrinterIiE5PrintERKiPSo
FN:591,_ZN7testing8internal16UniversalPrinterImE5PrintERKmPSo
FN:591,_ZN7testing8internal16UniversalPrinterIcE5PrintERKcPSo
FN:683,_ZN7testing8internal21UniversalTersePrinterIiE5PrintERKiPSo
FN:683,_ZN7testing8internal21UniversalTersePrinterImE5PrintERKmPSo
FN:683,_ZN7testing8internal21UniversalTersePrinterIcE5PrintERKcPSo
FN:752,_ZN7testing8internal14UniversalPrintIiEEvRKT_PSo
FN:752,_ZN7testing8internal14UniversalPrintIcEEvRKT_PSo
FN:752,_ZN7testing8internal14UniversalPrintImEEvRKT_PSo
FN:847,_ZN7testing13PrintToStringIiEENSt7__cxx1112basic_stringIcSt11char_traitsIcESaIcEEERKT_
FN:847,_ZN7testing13PrintToStringIcEENSt7__cxx1112basic_stringIcSt11char_traitsIcESaIcEEERKT_
FN:847,_ZN7testing13PrintToStringImEENSt7__cxx1112basic_stringIcSt11char_traitsIcESaIcEEERKT_
FNDA:0,_ZN16testing_internal26DefaultPrintNonContainerToImEEvRKT_PSo
FNDA:0,_ZN16testing_internal26DefaultPrintNonContainerToIiEEvRKT_PSo
FNDA:0,_ZN7testing8internal14DefaultPrintToImEEvcNS0_13bool_constantILb0EEERKT_PSo
FNDA:0,_ZN7testing8internal14DefaultPrintToIiEEvcNS0_13bool_constantILb0EEERKT_PSo
FNDA:0,_ZN7testing8internal7PrintToImEEvRKT_PSo
FNDA:0,_ZN7testing8internal7PrintToIiEEvRKT_PSo
FNDA:0,_ZN7testing8internal7PrintToEcPSo
FNDA:0,_ZN7testing8internal16UniversalPrinterImE5PrintERKmPSo
FNDA:0,_ZN7testing8internal16UniversalPrinterIcE5PrintERKcPSo
FNDA:0,_ZN7testing8internal16UniversalPrinterIiE5PrintERKiPSo
FNDA:0,_ZN7testing8internal21UniversalTersePrinterImE5PrintERKmPSo
FNDA:0,_ZN7testing8internal21UniversalTersePrinterIcE5PrintERKcPSo
FNDA:0,_ZN7testing8internal21UniversalTersePrinterIiE5PrintERKiPSo
FNDA:0,_ZN7testing8internal14UniversalPrintImEEvRKT_PSo
FNDA:0,_ZN7testing8internal14UniversalPrintIcEEvRKT_PSo
FNDA:0,_ZN7testing8internal14UniversalPrintIiEEvRKT_PSo
FNDA:0,_ZN7testing13PrintToStringImEENSt7__cxx1112basic_stringIcSt11char_traitsIcESaIcEEERKT_
FNDA:0,_ZN7testing13PrintToStringIcEENSt7__cxx1112basic_stringIcSt11char_traitsIcESaIcEEERKT_
FNDA:0,_ZN7testing13PrintToStringIiEENSt7__cxx1112basic_stringIcSt11char_traitsIcESaIcEEERKT_
FNF:19
FNH:0
DA:218,0
DA:245,0
DA:246,0
DA:335,0
DA:338,0
DA:339,0
DA:353,0
DA:376,0
DA:377,0
DA:386,0
DA:390,0
DA:391,0
DA:591,0
DA:600,0
DA:601,0
DA:683,0
DA:684,0
DA:685,0
DA:752,0
DA:756,0
DA:757,0
DA:847,0
DA:848,0
DA:849,0
DA:850,0
LF:25
LH:0
end_of_record
SF:/usr/include/gtest/gtest.h
FN:256,_ZN7testing15AssertionResultD2Ev
FN:265,_ZNK7testing15AssertionResultcvbEv
FN:274,_ZNK7testing15AssertionResult7messageEv
FN:279,_ZNK7testing15AssertionResult15failure_messageEv
FN:365,_ZN7testing4Test13SetUpTestCaseEv
FN:373,_ZN7testing4Test16TearDownTestCaseEv
FN:451,_ZN7testing4Test5SetupEv
FN:1357,_ZN7testing8internal19FormatForComparisonIccE6FormatERKc
FN:1357,_ZN7testing8internal19FormatForComparisonImiE6FormatERKm
FN:1357,_ZN7testing8internal19FormatForComparisonIimE6FormatERKi
FN:1357,_ZN7testing8internal19FormatForComparisonIiiE6FormatERKi
FN:1431,_ZN7testing8internal33FormatForComparisonFailureMessageIccEENSt7__cxx1112basic_stringIcSt11char_traitsIcESaIcEEERKT_RKT0_
FN:1431,_ZN7testing8internal33FormatForComparisonFailureMessageIimEENSt7__cxx1112basic_stringIcSt11char_traitsIcESaIcEEERKT_RKT0_
FN:1431,_ZN7testing8internal33FormatForComparisonFailureMessageImiEENSt7__cxx1112basic_stringIcSt11char_traitsIcESaIcEEERKT_RKT0_
FN:1431,_ZN7testing8internal33FormatForComparisonFailureMessageIiiEENSt7__cxx1112basic_stringIcSt11char_traitsIcESaIcEEERKT_RKT0_
FN:1438,_ZN7testing8internal11CmpHelperEQIiiEENS_15AssertionResultEPKcS4_RKT_RKT0_
FN:1438,_ZN7testing8internal11CmpHelperEQImiEENS_15AssertionResultEPKcS4_RKT_RKT0_
FN:1438,_ZN7testing8internal11CmpHelperEQIccEENS_15AssertionResultEPKcS4_RKT_RKT0_
FN:1480,_ZN7testing8internal8EqHelperILb0EE7CompareImiEENS_15AssertionResultEPKcS6_RKT_RKT0_
FN:1480,_ZN7testing8internal8EqHelperILb0EE7CompareIiiEENS_15AssertionResultEPKcS6_RKT_RKT0_
FN:1480,_ZN7testing8internal8EqHelperILb0EE7CompareIccEENS_15AssertionResultEPKcS6_RKT_RKT0_
FN:2287,_Z13RUN_ALL_TESTSv
FNDA:37,_ZN7testing15AssertionResultD2Ev
FNDA:37,_ZNK7testing15AssertionResultcvbEv
FNDA:0,_ZNK7testing15AssertionResult7messageEv
FNDA:0,_ZNK7testing15AssertionResult15failure_messageEv
FNDA:4,_ZN7testing4Test13SetUpTestCaseEv
FNDA:4,_ZN7testing4Test16TearDownTestCaseEv
FNDA:0,_ZN7testing4Test5SetupEv
FNDA:0,_ZN7testing8internal19FormatForComparisonIimE6FormatERKi
FNDA:0,_ZN7testing8internal19FormatForComparisonImiE6FormatERKm
FNDA:0,_ZN7testing8internal19FormatForComparisonIccE6FormatERKc
FNDA:0,_ZN7testing8internal19FormatForComparisonIiiE6FormatERKi
FNDA:0,_ZN7testing8internal33FormatForComparisonFailureMessageIimEENSt7__cxx1112basic_stringIcSt11char_traitsIcESaIcEEERKT_RKT0_
FNDA:0,_ZN7testing8internal33FormatForComparisonFailureMessageImiEENSt7__cxx1112basic_stringIcSt11char_traitsIcESaIcEEERKT_RKT0_
FNDA:0,_ZN7testing8internal33FormatForComparisonFailureMessageIccEENSt7__cxx1112basic_stringIcSt11char_traitsIcESaIcEEERKT_RKT0_
FNDA:0,_ZN7testing8internal33FormatForComparisonFailureMessageIiiEENSt7__cxx1112basic_stringIcSt11char_traitsIcESaIcEEERKT_RKT0_
FNDA:16,_ZN7testing8internal11CmpHelperEQImiEENS_15AssertionResultEPKcS4_RKT_RKT0_
FNDA:17,_ZN7testing8internal11CmpHelperEQIccEENS_15AssertionResultEPKcS4_RKT_RKT0_
FNDA:4,_ZN7testing8internal11CmpHelperEQIiiEENS_15AssertionResultEPKcS4_RKT_RKT0_
FNDA:16,_ZN7testing8internal8EqHelperILb0EE7CompareImiEENS_15AssertionResultEPKcS6_RKT_RKT0_
FNDA:17,_ZN7testing8internal8EqHelperILb0EE7CompareIccEENS_15AssertionResultEPKcS6_RKT_RKT0_
FNDA:4,_ZN7testing8internal8EqHelperILb0EE7CompareIiiEENS_15AssertionResultEPKcS6_RKT_RKT0_
FNDA:1,_Z13RUN_ALL_TESTSv
FNF:22
FNH:11
DA:256,37
DA:265,37
DA:274,0
DA:275,0
DA:279,0
DA:365,4
DA:373,4
DA:451,0
DA:1357,0
DA:1358,0
DA:1431,0
DA:1433,0
DA:1438,37
DA:1448,37
DA:1449,37
DA:1460,0
DA:1480,37
DA:1485,37
DA:2287,1
DA:2288,1
LF:20
LH:11
end_of_record
SF:/usr/include/gtest/internal/gtest-internal.h
FN:436,_ZN7testing8internal15TestFactoryBaseD0Ev
FN:436,_ZN7testing8internal15TestFactoryBaseD2Ev
FN:443,_ZN7testing8internal15TestFactoryBaseC2Ev
FN:452,_ZN7testing8internal15TestFactoryImplI30Test4_FindSpecLengthChain_TestEC2Ev
FN:452,_ZN7testing8internal15TestFactoryImplI26Test3_FindSpecHTChain_TestED2Ev
FN:452,_ZN7testing8internal15TestFactoryImplI28Test2_FindMaxCharsChain_TestEC2Ev
FN:452,_ZN7testing8internal15TestFactoryImplI30Test4_FindSpecLengthChain_TestED2Ev
FN:452,_ZN7testing8internal15TestFactoryImplI28Test1_FindMaxWordsChain_TestED2Ev
FN:452,_ZN7testing8internal15TestFactoryImplI26Test3_FindSpecHTChain_TestED0Ev
FN:452,_ZN7testing8internal15TestFactoryImplI28Test1_FindMaxWordsChain_TestED0Ev
FN:452,_ZN7testing8internal15TestFactoryImplI26Test3_FindSpecHTChain_TestEC2Ev
FN:452,_ZN7testing8internal15TestFactoryImplI28Test2_FindMaxCharsChain_TestED0Ev
FN:452,_ZN7testing8internal15TestFactoryImplI28Test2_FindMaxCharsChain_TestED2Ev
FN:452,_ZN7testing8internal15TestFactoryImplI28Test1_FindMaxWordsChain_TestEC2Ev
FN:452,_ZN7testing8internal15TestFactoryImplI30Test4_FindSpecLengthChain_TestED0Ev
FN:454,_ZN7testing8internal15TestFactoryImplI28Test1_FindMaxWordsChain_TestE10CreateTestEv
FN:454,_ZN7testing8internal15TestFactoryImplI28Test2_FindMaxCharsChain_TestE10CreateTestEv
FN:454,_ZN7testing8internal15TestFactoryImplI30Test4_FindSpecLengthChain_TestE10CreateTestEv
FN:454,_ZN7testing8internal15TestFactoryImplI26Test3_FindSpecHTChain_TestE10CreateTestEv
FN:869,_ZN7testing8internal15IsContainerTestIiEEcl
FN:869,_ZN7testing8internal15IsContainerTestImEEcl
FNDA:0,_ZN7testing8internal15TestFactoryBaseD0Ev
FNDA:4,_ZN7testing8internal15TestFactoryBaseD2Ev
FNDA:4,_ZN7testing8internal15TestFactoryBaseC2Ev
FNDA:1,_ZN7testing8internal15TestFactoryImplI28Test1_FindMaxWordsChain_TestED0Ev
FNDA:1,_ZN7testing8internal15TestFactoryImplI28Test1_FindMaxWordsChain_TestED2Ev
FNDA:1,_ZN7testing8internal15TestFactoryImplI28Test2_FindMaxCharsChain_TestED0Ev
FNDA:1,_ZN7testing8internal15TestFactoryImplI28Test2_FindMaxCharsChain_TestED2Ev
FNDA:1,_ZN7testing8internal15TestFactoryImplI26Test3_FindSpecHTChain_TestED0Ev
FNDA:1,_ZN7testing8internal15TestFactoryImplI26Test3_FindSpecHTChain_TestED2Ev
FNDA:1,_ZN7testing8internal15TestFactoryImplI30Test4_FindSpecLengthChain_TestED0Ev
FNDA:1,_ZN7testing8internal15TestFactoryImplI30Test4_FindSpecLengthChain_TestED2Ev
FNDA:1,_ZN7testing8internal15TestFactoryImplI30Test4_FindSpecLengthChain_TestEC2Ev
FNDA:1,_ZN7testing8internal15TestFactoryImplI26Test3_FindSpecHTChain_TestEC2Ev
FNDA:1,_ZN7testing8internal15TestFactoryImplI28Test2_FindMaxCharsChain_TestEC2Ev
FNDA:1,_ZN7testing8internal15TestFactoryImplI28Test1_FindMaxWordsChain_TestEC2Ev
FNDA:1,_ZN7testing8internal15TestFactoryImplI28Test1_FindMaxWordsChain_TestE10CreateTestEv
FNDA:1,_ZN7testing8internal15TestFactoryImplI28Test2_FindMaxCharsChain_TestE10CreateTestEv
FNDA:1,_ZN7testing8internal15TestFactoryImplI26Test3_FindSpecHTChain_TestE10CreateTestEv
FNDA:1,_ZN7testing8internal15TestFactoryImplI30Test4_FindSpecLengthChain_TestE10CreateTestEv
FNDA:0,_ZN7testing8internal15IsContainerTestImEEcl
FNDA:0,_ZN7testing8internal15IsContainerTestIiEEcl
FNF:21
FNH:18
DA:436,4
DA:443,4
DA:452,12
DA:454,4
DA:869,0
LF:5
LH:4
end_of_record
SF:/usr/include/gtest/internal/gtest-port.h
FN:898,_ZN7testing8internal10scoped_ptrINSt7__cxx1112basic_stringIcSt11char_traitsIcESaIcEEEED2Ev
FN:898,_ZN7testing8internal10scoped_ptrINSt7__cxx1118basic_stringstreamIcSt11char_traitsIcESaIcEEEED2Ev
FN:901,_ZNK7testing8internal10scoped_ptrINSt7__cxx1112basic_stringIcSt11char_traitsIcESaIcEEEEptEv
FN:902,_ZNK7testing8internal10scoped_ptrINSt7__cxx1112basic_stringIcSt11char_traitsIcESaIcEEEE3getEv
FN:910,_ZN7testing8internal10scoped_ptrINSt7__cxx1118basic_stringstreamIcSt11char_traitsIcESaIcEEEE5resetEPS7_
FN:910,_ZN7testing8internal10scoped_ptrINSt7__cxx1112basic_stringIcSt11char_traitsIcESaIcEEEE5resetEPS7_
FNDA:37,_ZN7testing8internal10scoped_ptrINSt7__cxx1112basic_stringIcSt11char_traitsIcESaIcEEEED2Ev
FNDA:54,_ZN7testing8internal10scoped_ptrINSt7__cxx1118basic_stringstreamIcSt11char_traitsIcESaIcEEEED2Ev
FNDA:0,_ZNK7testing8internal10scoped_ptrINSt7__cxx1112basic_stringIcSt11char_traitsIcESaIcEEEEptEv
FNDA:0,_ZNK7testing8internal10scoped_ptrINSt7__cxx1112basic_stringIcSt11char_traitsIcESaIcEEEE3getEv
FNDA:54,_ZN7testing8internal10scoped_ptrINSt7__cxx1118basic_stringstreamIcSt11char_traitsIcESaIcEEEE5resetEPS7_
FNDA:37,_ZN7testing8internal10scoped_ptrINSt7__cxx1112basic_stringIcSt11char_traitsIcESaIcEEEE5resetEPS7_
FNF:6
FNH:4
DA:898,91
DA:901,0
DA:902,0
DA:910,91
DA:911,91
DA:912,54
DA:913,54
DA:915,54
DA:917,91
LF:9
LH:7
end_of_record
SF:/home/godo/lab_code/WordList/GUI/src/test_main.cpp
FN:13,_ZN28Test1_FindMaxWordsChain_TestD0Ev
FN:13,_ZN28Test1_FindMaxWordsChain_Test8TestBodyEv
FN:13,_ZN28Test1_FindMaxWordsChain_TestC2Ev
FN:13,_ZN28Test1_FindMaxWordsChain_TestD2Ev
FN:25,_ZN28Test2_FindMaxCharsChain_Test8TestBodyEv
FN:25,_ZN28Test2_FindMaxCharsChain_TestC2Ev
FN:25,_ZN28Test2_FindMaxCharsChain_TestD0Ev
FN:25,_ZN28Test2_FindMaxCharsChain_TestD2Ev
FN:37,_ZN26Test3_FindSpecHTChain_TestD0Ev
FN:37,_ZN26Test3_FindSpecHTChain_TestC2Ev
FN:37,_ZN26Test3_FindSpecHTChain_TestD2Ev
FN:37,_ZN26Test3_FindSpecHTChain_Test8TestBodyEv
FN:51,_ZN30Test4_FindSpecLengthChain_Test8TestBodyEv
FN:51,_ZN30Test4_FindSpecLengthChain_TestC2Ev
FN:51,_ZN30Test4_FindSpecLengthChain_TestD2Ev
FN:51,_ZN30Test4_FindSpecLengthChain_TestD0Ev
FN:59,main
FN:63,_GLOBAL__sub_I_s
FN:63,_Z41__static_initialization_and_destruction_0ii
FNDA:1,_ZN28Test1_FindMaxWordsChain_TestD0Ev
FNDA:1,_ZN28Test1_FindMaxWordsChain_TestD2Ev
FNDA:1,_ZN28Test1_FindMaxWordsChain_Test8TestBodyEv
FNDA:1,_ZN28Test1_FindMaxWordsChain_TestC2Ev
FNDA:1,_ZN28Test2_FindMaxCharsChain_TestD0Ev
FNDA:1,_ZN28Test2_FindMaxCharsChain_TestD2Ev
FNDA:1,_ZN28Test2_FindMaxCharsChain_Test8TestBodyEv
FNDA:1,_ZN28Test2_FindMaxCharsChain_TestC2Ev
FNDA:1,_ZN26Test3_FindSpecHTChain_TestD0Ev
FNDA:1,_ZN26Test3_FindSpecHTChain_TestD2Ev
FNDA:1,_ZN26Test3_FindSpecHTChain_Test8TestBodyEv
FNDA:1,_ZN26Test3_FindSpecHTChain_TestC2Ev
FNDA:1,_ZN30Test4_FindSpecLengthChain_TestD0Ev
FNDA:1,_ZN30Test4_FindSpecLengthChain_TestD2Ev
FNDA:1,_ZN30Test4_FindSpecLengthChain_Test8TestBodyEv
FNDA:1,_ZN30Test4_FindSpecLengthChain_TestC2Ev
FNDA:1,main
FNDA:1,_GLOBAL__sub_I_s
FNDA:1,_Z41__static_initialization_and_destruction_0ii
FNF:19
FNH:19
DA:9,1
DA:10,1
DA:11,1
DA:13,5
DA:15,1
DA:16,1
DA:17,7
DA:18,6
DA:19,6
DA:20,6
DA:22,1
DA:25,5
DA:27,1
DA:28,1
DA:29,5
DA:30,4
DA:31,4
DA:32,4
DA:34,1
DA:37,5
DA:39,1
DA:40,1
DA:41,6
DA:42,5
DA:43,5
DA:44,5
DA:45,5
DA:46,5
DA:48,1
DA:51,5
DA:53,1
DA:54,1
DA:55,17
DA:56,16
DA:59,1
DA:61,1
DA:62,1
DA:63,3
LF:38
LH:38
end_of_record
TN:First_Test
SF:/usr/include/c++/5/bits/alloc_traits.h
FN:516,_ZNSt16allocator_traitsISaINSt7__cxx1112basic_stringIcSt11char_traitsIcESaIcEEEEE10deallocateERS6_PS5_m
FN:516,_ZNSt16allocator_traitsISaISt6vectorINSt7__cxx1112basic_stringIcSt11char_traitsIcESaIcEEESaIS6_EEEE10deallocateERS9_PS8_m
FNDA:0,_ZNSt16allocator_traitsISaISt6vectorINSt7__cxx1112basic_stringIcSt11char_traitsIcESaIcEEESaIS6_EEEE10deallocateERS9_PS8_m
FNDA:0,_ZNSt16allocator_traitsISaINSt7__cxx1112basic_stringIcSt11char_traitsIcESaIcEEEEE10deallocateERS6_PS5_m
FNF:2
FNH:0
DA:516,0
DA:517,0
LF:2
LH:0
end_of_record
SF:/usr/include/c++/5/bits/allocator.h
FN:113,_ZNSaISt6vectorINSt7__cxx1112basic_stringIcSt11char_traitsIcESaIcEEESaIS5_EEEC2Ev
FN:121,_ZNSaINSt7__cxx1112basic_stringIcSt11char_traitsIcESaIcEEEED2Ev
FN:121,_ZNSaISt6vectorINSt7__cxx1112basic_stringIcSt11char_traitsIcESaIcEEESaIS5_EEED2Ev
FNDA:0,_ZNSaISt6vectorINSt7__cxx1112basic_stringIcSt11char_traitsIcESaIcEEESaIS5_EEEC2Ev
FNDA:0,_ZNSaISt6vectorINSt7__cxx1112basic_stringIcSt11char_traitsIcESaIcEEESaIS5_EEED2Ev
FNDA:0,_ZNSaINSt7__cxx1112basic_stringIcSt11char_traitsIcESaIcEEEED2Ev
FNF:3
FNH:0
DA:113,0
DA:121,0
LF:2
LH:0
end_of_record
SF:/usr/include/c++/5/bits/move.h
FN:47,_ZSt11__addressofISt6vectorINSt7__cxx1112basic_stringIcSt11char_traitsIcESaIcEEESaIS6_EEEPT_RS9_
FN:47,_ZSt11__addressofINSt7__cxx1112basic_stringIcSt11char_traitsIcESaIcEEEEPT_RS6_
FNDA:0,_ZSt11__addressofISt6vectorINSt7__cxx1112basic_stringIcSt11char_traitsIcESaIcEEESaIS6_EEEPT_RS9_
FNDA:0,_ZSt11__addressofINSt7__cxx1112basic_stringIcSt11char_traitsIcESaIcEEEEPT_RS6_
FNF:2
FNH:0
DA:47,0
DA:50,0
LF:2
LH:0
end_of_record
SF:/usr/include/c++/5/bits/stl_construct.h
FN:92,_ZSt8_DestroyISt6vectorINSt7__cxx1112basic_stringIcSt11char_traitsIcESaIcEEESaIS6_EEEvPT_
FN:92,_ZSt8_DestroyINSt7__cxx1112basic_stringIcSt11char_traitsIcESaIcEEEEvPT_
FN:100,_ZNSt12_Destroy_auxILb0EE9__destroyIPSt6vectorINSt7__cxx1112basic_stringIcSt11char_traitsIcESaIcEEESaIS8_EEEEvT_SC_
FN:100,_ZNSt12_Destroy_auxILb0EE9__destroyIPNSt7__cxx1112basic_stringIcSt11char_traitsIcESaIcEEEEEvT_S9_
FN:122,_ZSt8_DestroyIPNSt7__cxx1112basic_stringIcSt11char_traitsIcESaIcEEEEvT_S7_
FN:122,_ZSt8_DestroyIPSt6vectorINSt7__cxx1112basic_stringIcSt11char_traitsIcESaIcEEESaIS6_EEEvT_SA_
FN:148,_ZSt8_DestroyIPSt6vectorINSt7__cxx1112basic_stringIcSt11char_traitsIcESaIcEEESaIS6_EES8_EvT_SA_RSaIT0_E
FN:148,_ZSt8_DestroyIPNSt7__cxx1112basic_stringIcSt11char_traitsIcESaIcEEES5_EvT_S7_RSaIT0_E
FNDA:0,_ZSt8_DestroyISt6vectorINSt7__cxx1112basic_stringIcSt11char_traitsIcESaIcEEESaIS6_EEEvPT_
FNDA:0,_ZSt8_DestroyINSt7__cxx1112basic_stringIcSt11char_traitsIcESaIcEEEEvPT_
FNDA:0,_ZNSt12_Destroy_auxILb0EE9__destroyIPSt6vectorINSt7__cxx1112basic_stringIcSt11char_traitsIcESaIcEEESaIS8_EEEEvT_SC_
FNDA:0,_ZNSt12_Destroy_auxILb0EE9__destroyIPNSt7__cxx1112basic_stringIcSt11char_traitsIcESaIcEEEEEvT_S9_
FNDA:0,_ZSt8_DestroyIPSt6vectorINSt7__cxx1112basic_stringIcSt11char_traitsIcESaIcEEESaIS6_EEEvT_SA_
FNDA:0,_ZSt8_DestroyIPNSt7__cxx1112basic_stringIcSt11char_traitsIcESaIcEEEEvT_S7_
FNDA:0,_ZSt8_DestroyIPSt6vectorINSt7__cxx1112basic_stringIcSt11char_traitsIcESaIcEEESaIS6_EES8_EvT_SA_RSaIT0_E
FNDA:0,_ZSt8_DestroyIPNSt7__cxx1112basic_stringIcSt11char_traitsIcESaIcEEES5_EvT_S7_RSaIT0_E
FNF:8
FNH:0
DA:92,0
DA:93,0
DA:100,0
DA:102,0
DA:103,0
DA:104,0
DA:122,0
DA:126,0
DA:128,0
DA:148,0
DA:151,0
DA:152,0
LF:12
LH:0
end_of_record
SF:/usr/include/c++/5/bits/stl_iterator.h
FN:740,_ZN9__gnu_cxx17__normal_iteratorIPNSt7__cxx1112basic_stringIcSt11char_traitsIcESaIcEEESt6vectorIS6_SaIS6_EEEC2ERKS7_
FN:740,_ZN9__gnu_cxx17__normal_iteratorIPSt6vectorINSt7__cxx1112basic_stringIcSt11char_traitsIcESaIcEEESaIS7_EES1_IS9_SaIS9_EEEC2ERKSA_
FN:753,_ZNK9__gnu_cxx17__normal_iteratorIPNSt7__cxx1112basic_stringIcSt11char_traitsIcESaIcEEESt6vectorIS6_SaIS6_EEEdeEv
FN:757,_ZNK9__gnu_cxx17__normal_iteratorIPSt6vectorINSt7__cxx1112basic_stringIcSt11char_traitsIcESaIcEEESaIS7_EES1_IS9_SaIS9_EEEptEv
FN:768,_ZN9__gnu_cxx17__normal_iteratorIPSt6vectorINSt7__cxx1112basic_stringIcSt11char_traitsIcESaIcEEESaIS7_EES1_IS9_SaIS9_EEEppEi
FN:768,_ZN9__gnu_cxx17__normal_iteratorIPNSt7__cxx1112basic_stringIcSt11char_traitsIcESaIcEEESt6vectorIS6_SaIS6_EEEppEi
FN:805,_ZNK9__gnu_cxx17__normal_iteratorIPSt6vectorINSt7__cxx1112basic_stringIcSt11char_traitsIcESaIcEEESaIS7_EES1_IS9_SaIS9_EEE4baseEv
FN:805,_ZNK9__gnu_cxx17__normal_iteratorIPNSt7__cxx1112basic_stringIcSt11char_traitsIcESaIcEEESt6vectorIS6_SaIS6_EEE4baseEv
FN:841,_ZN9__gnu_cxxneIPSt6vectorINSt7__cxx1112basic_stringIcSt11char_traitsIcESaIcEEESaIS7_EES1_IS9_SaIS9_EEEEbRKNS_17__normal_iteratorIT_T0_EESI_
FN:841,_ZN9__gnu_cxxneIPNSt7__cxx1112basic_stringIcSt11char_traitsIcESaIcEEESt6vectorIS6_SaIS6_EEEEbRKNS_17__normal_iteratorIT_T0_EESG_
FNDA:0,_ZN9__gnu_cxx17__normal_iteratorIPSt6vectorINSt7__cxx1112basic_stringIcSt11char_traitsIcESaIcEEESaIS7_EES1_IS9_SaIS9_EEEC2ERKSA_
FNDA:0,_ZN9__gnu_cxx17__normal_iteratorIPNSt7__cxx1112basic_stringIcSt11char_traitsIcESaIcEEESt6vectorIS6_SaIS6_EEEC2ERKS7_
FNDA:0,_ZNK9__gnu_cxx17__normal_iteratorIPNSt7__cxx1112basic_stringIcSt11char_traitsIcESaIcEEESt6vectorIS6_SaIS6_EEEdeEv
FNDA:160,_ZNK9__gnu_cxx17__normal_iteratorIPSt6vectorINSt7__cxx1112basic_stringIcSt11char_traitsIcESaIcEEESaIS7_EES1_IS9_SaIS9_EEEptEv
FNDA:0,_ZN9__gnu_cxx17__normal_iteratorIPNSt7__cxx1112basic_stringIcSt11char_traitsIcESaIcEEESt6vectorIS6_SaIS6_EEEppEi
FNDA:0,_ZN9__gnu_cxx17__normal_iteratorIPSt6vectorINSt7__cxx1112basic_stringIcSt11char_traitsIcESaIcEEESaIS7_EES1_IS9_SaIS9_EEEppEi
FNDA:0,_ZNK9__gnu_cxx17__normal_iteratorIPSt6vectorINSt7__cxx1112basic_stringIcSt11char_traitsIcESaIcEEESaIS7_EES1_IS9_SaIS9_EEE4baseEv
FNDA:0,_ZNK9__gnu_cxx17__normal_iteratorIPNSt7__cxx1112basic_stringIcSt11char_traitsIcESaIcEEESt6vectorIS6_SaIS6_EEE4baseEv
FNDA:0,_ZN9__gnu_cxxneIPNSt7__cxx1112basic_stringIcSt11char_traitsIcESaIcEEESt6vectorIS6_SaIS6_EEEEbRKNS_17__normal_iteratorIT_T0_EESG_
FNDA:0,_ZN9__gnu_cxxneIPSt6vectorINSt7__cxx1112basic_stringIcSt11char_traitsIcESaIcEEESaIS7_EES1_IS9_SaIS9_EEEEbRKNS_17__normal_iteratorIT_T0_EESI_
FNF:10
FNH:1
DA:740,0
DA:741,0
DA:753,0
DA:754,0
DA:757,160
DA:758,160
DA:768,0
DA:769,0
DA:805,0
DA:806,0
DA:841,0
DA:844,0
LF:12
LH:2
end_of_record
SF:/usr/include/c++/5/bits/stl_vector.h
FN:79,_ZNSt12_Vector_baseISt6vectorINSt7__cxx1112basic_stringIcSt11char_traitsIcESaIcEEESaIS6_EESaIS8_EE12_Vector_implD2Ev
FN:79,_ZNSt12_Vector_baseINSt7__cxx1112basic_stringIcSt11char_traitsIcESaIcEEESaIS5_EE12_Vector_implD2Ev
FN:86,_ZNSt12_Vector_baseISt6vectorINSt7__cxx1112basic_stringIcSt11char_traitsIcESaIcEEESaIS6_EESaIS8_EE12_Vector_implC2Ev
FN:113,_ZNSt12_Vector_baseISt6vectorINSt7__cxx1112basic_stringIcSt11char_traitsIcESaIcEEESaIS6_EESaIS8_EE19_M_get_Tp_allocatorEv
FN:113,_ZNSt12_Vector_baseINSt7__cxx1112basic_stringIcSt11char_traitsIcESaIcEEESaIS5_EE19_M_get_Tp_allocatorEv
FN:124,_ZNSt12_Vector_baseISt6vectorINSt7__cxx1112basic_stringIcSt11char_traitsIcESaIcEEESaIS6_EESaIS8_EEC2Ev
FN:159,_ZNSt12_Vector_baseINSt7__cxx1112basic_stringIcSt11char_traitsIcESaIcEEESaIS5_EED2Ev
FN:159,_ZNSt12_Vector_baseISt6vectorINSt7__cxx1112basic_stringIcSt11char_traitsIcESaIcEEESaIS6_EESaIS8_EED2Ev
FN:174,_ZNSt12_Vector_baseINSt7__cxx1112basic_stringIcSt11char_traitsIcESaIcEEESaIS5_EE13_M_deallocateEPS5_m
FN:174,_ZNSt12_Vector_baseISt6vectorINSt7__cxx1112basic_stringIcSt11char_traitsIcESaIcEEESaIS6_EESaIS8_EE13_M_deallocateEPS8_m
FN:253,_ZNSt6vectorIS_INSt7__cxx1112basic_stringIcSt11char_traitsIcESaIcEEESaIS5_EESaIS7_EEC2Ev
FN:423,_ZNSt6vectorINSt7__cxx1112basic_stringIcSt11char_traitsIcESaIcEEESaIS5_EED2Ev
FN:423,_ZNSt6vectorIS_INSt7__cxx1112basic_stringIcSt11char_traitsIcESaIcEEESaIS5_EESaIS7_EED2Ev
FN:547,_ZNSt6vectorIS_INSt7__cxx1112basic_stringIcSt11char_traitsIcESaIcEEESaIS5_EESaIS7_EE5beginEv
FN:547,_ZNSt6vectorINSt7__cxx1112basic_stringIcSt11char_traitsIcESaIcEEESaIS5_EE5beginEv
FN:565,_ZNSt6vectorINSt7__cxx1112basic_stringIcSt11char_traitsIcESaIcEEESaIS5_EE3endEv
FN:565,_ZNSt6vectorIS_INSt7__cxx1112basic_stringIcSt11char_traitsIcESaIcEEESaIS5_EESaIS7_EE3endEv
FNDA:0,_ZNSt12_Vector_baseISt6vectorINSt7__cxx1112basic_stringIcSt11char_traitsIcESaIcEEESaIS6_EESaIS8_EE12_Vector_implD2Ev
FNDA:0,_ZNSt12_Vector_baseINSt7__cxx1112basic_stringIcSt11char_traitsIcESaIcEEESaIS5_EE12_Vector_implD2Ev
FNDA:0,_ZNSt12_Vector_baseISt6vectorINSt7__cxx1112basic_stringIcSt11char_traitsIcESaIcEEESaIS6_EESaIS8_EE12_Vector_implC2Ev
FNDA:0,_ZNSt12_Vector_baseISt6vectorINSt7__cxx1112basic_stringIcSt11char_traitsIcESaIcEEESaIS6_EESaIS8_EE19_M_get_Tp_allocatorEv
FNDA:0,_ZNSt12_Vector_baseINSt7__cxx1112basic_stringIcSt11char_traitsIcESaIcEEESaIS5_EE19_M_get_Tp_allocatorEv
FNDA:0,_ZNSt12_Vector_baseISt6vectorINSt7__cxx1112basic_stringIcSt11char_traitsIcESaIcEEESaIS6_EESaIS8_EEC2Ev
FNDA:0,_ZNSt12_Vector_baseISt6vectorINSt7__cxx1112basic_stringIcSt11char_traitsIcESaIcEEESaIS6_EESaIS8_EED2Ev
FNDA:0,_ZNSt12_Vector_baseINSt7__cxx1112basic_stringIcSt11char_traitsIcESaIcEEESaIS5_EED2Ev
FNDA:0,_ZNSt12_Vector_baseISt6vectorINSt7__cxx1112basic_stringIcSt11char_traitsIcESaIcEEESaIS6_EESaIS8_EE13_M_deallocateEPS8_m
FNDA:0,_ZNSt12_Vector_baseINSt7__cxx1112basic_stringIcSt11char_traitsIcESaIcEEESaIS5_EE13_M_deallocateEPS5_m
FNDA:0,_ZNSt6vectorIS_INSt7__cxx1112basic_stringIcSt11char_traitsIcESaIcEEESaIS5_EESaIS7_EEC2Ev
FNDA:0,_ZNSt6vectorIS_INSt7__cxx1112basic_stringIcSt11char_traitsIcESaIcEEESaIS5_EESaIS7_EED2Ev
FNDA:0,_ZNSt6vectorINSt7__cxx1112basic_stringIcSt11char_traitsIcESaIcEEESaIS5_EED2Ev
FNDA:0,_ZNSt6vectorIS_INSt7__cxx1112basic_stringIcSt11char_traitsIcESaIcEEESaIS5_EESaIS7_EE5beginEv
FNDA:0,_ZNSt6vectorINSt7__cxx1112basic_stringIcSt11char_traitsIcESaIcEEESaIS5_EE5beginEv
FNDA:0,_ZNSt6vectorIS_INSt7__cxx1112basic_stringIcSt11char_traitsIcESaIcEEESaIS5_EESaIS7_EE3endEv
FNDA:0,_ZNSt6vectorINSt7__cxx1112basic_stringIcSt11char_traitsIcESaIcEEESaIS5_EE3endEv
FNF:17
FNH:0
DA:79,0
DA:86,0
DA:87,0
DA:88,0
DA:113,0
DA:114,0
DA:124,0
DA:125,0
DA:159,0
DA:160,0
DA:161,0
DA:174,0
DA:177,0
DA:178,0
DA:179,0
DA:253,0
DA:257,0
DA:423,0
DA:424,0
DA:425,0
DA:547,0
DA:548,0
DA:565,0
DA:566,0
LF:24
LH:0
end_of_record
SF:/usr/include/c++/5/ext/new_allocator.h
FN:79,_ZN9__gnu_cxx13new_allocatorISt6vectorINSt7__cxx1112basic_stringIcSt11char_traitsIcESaIcEEESaIS7_EEEC2Ev
FN:86,_ZN9__gnu_cxx13new_allocatorISt6vectorINSt7__cxx1112basic_stringIcSt11char_traitsIcESaIcEEESaIS7_EEED2Ev
FN:86,_ZN9__gnu_cxx13new_allocatorINSt7__cxx1112basic_stringIcSt11char_traitsIcESaIcEEEED2Ev
FN:109,_ZN9__gnu_cxx13new_allocatorISt6vectorINSt7__cxx1112basic_stringIcSt11char_traitsIcESaIcEEESaIS7_EEE10deallocateEPS9_m
FN:109,_ZN9__gnu_cxx13new_allocatorINSt7__cxx1112basic_stringIcSt11char_traitsIcESaIcEEEE10deallocateEPS6_m
FNDA:0,_ZN9__gnu_cxx13new_allocatorISt6vectorINSt7__cxx1112basic_stringIcSt11char_traitsIcESaIcEEESaIS7_EEEC2Ev
FNDA:0,_ZN9__gnu_cxx13new_allocatorISt6vectorINSt7__cxx1112basic_stringIcSt11char_traitsIcESaIcEEESaIS7_EEED2Ev
FNDA:0,_ZN9__gnu_cxx13new_allocatorINSt7__cxx1112basic_stringIcSt11char_traitsIcESaIcEEEED2Ev
FNDA:0,_ZN9__gnu_cxx13new_allocatorISt6vectorINSt7__cxx1112basic_stringIcSt11char_traitsIcESaIcEEESaIS7_EEE10deallocateEPS9_m
FNDA:0,_ZN9__gnu_cxx13new_allocatorINSt7__cxx1112basic_stringIcSt11char_traitsIcESaIcEEEE10deallocateEPS6_m
FNF:5
FNH:0
DA:79,0
DA:86,0
DA:109,0
DA:110,0
LF:4
LH:0
end_of_record
SF:/usr/include/c++/5/iostream
DA:74,2
LF:1
LH:1
end_of_record
SF:/home/godo/lab_code/WordList/GUI/src/test.cpp
FN:6,main
FN:20,_GLOBAL__sub_I_main
FN:20,_Z41__static_initialization_and_destruction_0ii
FNDA:2,main
FNDA:2,_GLOBAL__sub_I_main
FNDA:2,_Z41__static_initialization_and_destruction_0ii
FNF:3
FNH:3
DA:6,2
DA:7,2
DA:10,4
DA:11,2
DA:12,2
DA:15,34
DA:16,128
DA:17,96
DA:18,32
DA:20,8
LF:10
LH:10
end_of_record
TN:First_Test
SF:/usr/include/c++/5/bits/alloc_traits.h
FN:490,_ZNSt16allocator_traitsISaINSt8__detail10_Hash_nodeISt4pairIKNSt7__cxx1112basic_stringIcSt11char_traitsIcESaIcEEEiELb1EEEEE8allocateERSC_m
FN:490,_ZNSt16allocator_traitsISaISt6vectorINSt7__cxx1112basic_stringIcSt11char_traitsIcESaIcEEESaIS6_EEEE8allocateERS9_m
FN:490,_ZNSt16allocator_traitsISaINSt7__cxx1112basic_stringIcSt11char_traitsIcESaIcEEEEE8allocateERS6_m
FN:490,_ZNSt16allocator_traitsISaISt6vectorIN8wordList9wordSidesESaIS2_EEEE8allocateERS5_m
FN:490,_ZNSt16allocator_traitsISaIPNSt8__detail15_Hash_node_baseEEE8allocateERS3_m
FN:490,_ZNSt16allocator_traitsISaIN8wordList9wordSidesEEE8allocateERS2_m
FN:516,_ZNSt16allocator_traitsISaINSt7__cxx1112basic_stringIcSt11char_traitsIcESaIcEEEEE10deallocateERS6_PS5_m
FN:516,_ZNSt16allocator_traitsISaISt6vectorINSt7__cxx1112basic_stringIcSt11char_traitsIcESaIcEEESaIS6_EEEE10deallocateERS9_PS8_m
FN:516,_ZNSt16allocator_traitsISaINSt8__detail10_Hash_nodeISt4pairIKNSt7__cxx1112basic_stringIcSt11char_traitsIcESaIcEEEiELb1EEEEE10deallocateERSC_PSB_m
FN:516,_ZNSt16allocator_traitsISaIPNSt8__detail15_Hash_node_baseEEE10deallocateERS3_PS2_m
FN:516,_ZNSt16allocator_traitsISaISt6vectorIN8wordList9wordSidesESaIS2_EEEE10deallocateERS5_PS4_m
FN:516,_ZNSt16allocator_traitsISaIN8wordList9wordSidesEEE10deallocateERS2_PS1_m
FN:529,_ZNSt16allocator_traitsISaISt6vectorINSt7__cxx1112basic_stringIcSt11char_traitsIcESaIcEEESaIS6_EEEE9constructIS8_JRKS8_EEEvRS9_PT_DpOT0_
FN:529,_ZNSt16allocator_traitsISaISt6vectorIN8wordList9wordSidesESaIS2_EEEE9constructIS4_JRKS4_EEEvRS5_PT_DpOT0_
FN:529,_ZNSt16allocator_traitsISaINSt7__cxx1112basic_stringIcSt11char_traitsIcESaIcEEEEE9constructIS5_JS5_EEEvRS6_PT_DpOT0_
FN:529,_ZNSt16allocator_traitsISaIN8wordList9wordSidesEEE9constructIS1_JRKS1_EEEvRS2_PT_DpOT0_
FN:529,_ZNSt16allocator_traitsISaINSt7__cxx1112basic_stringIcSt11char_traitsIcESaIcEEEEE9constructIS5_JRKS5_EEEvRS6_PT_DpOT0_
FN:529,_ZNSt16allocator_traitsISaISt4pairIKNSt7__cxx1112basic_stringIcSt11char_traitsIcESaIcEEEiEEE9constructIS8_JRKSt21piecewise_construct_tSt5tupleIJRS7_EESF_IJEEEEEvRS9_PT_DpOT0_
FN:541,_ZNSt16allocator_traitsISaISt6vectorINSt7__cxx1112basic_stringIcSt11char_traitsIcESaIcEEESaIS6_EEEE7destroyIS8_EEvRS9_PT_
FN:541,_ZNSt16allocator_traitsISaISt6vectorIN8wordList9wordSidesESaIS2_EEEE7destroyIS4_EEvRS5_PT_
FN:541,_ZNSt16allocator_traitsISaISt4pairIKNSt7__cxx1112basic_stringIcSt11char_traitsIcESaIcEEEiEEE7destroyIS8_EEvRS9_PT_
FN:541,_ZNSt16allocator_traitsISaIN8wordList9wordSidesEEE7destroyIS1_EEvRS2_PT_
FN:541,_ZNSt16allocator_traitsISaINSt7__cxx1112basic_stringIcSt11char_traitsIcESaIcEEEEE7destroyIS5_EEvRS6_PT_
FN:550,_ZNSt16allocator_traitsISaIN8wordList9wordSidesEEE8max_sizeERKS2_
FN:550,_ZNSt16allocator_traitsISaISt6vectorINSt7__cxx1112basic_stringIcSt11char_traitsIcESaIcEEESaIS6_EEEE8max_sizeERKS9_
FN:550,_ZNSt16allocator_traitsISaISt6vectorIN8wordList9wordSidesESaIS2_EEEE8max_sizeERKS5_
FN:550,_ZNSt16allocator_traitsISaINSt7__cxx1112basic_stringIcSt11char_traitsIcESaIcEEEEE8max_sizeERKS6_
FN:559,_ZNSt16allocator_traitsISaIN8wordList9wordSidesEEE37select_on_container_copy_constructionERKS2_
FN:559,_ZNSt16allocator_traitsISaINSt7__cxx1112basic_stringIcSt11char_traitsIcESaIcEEEEE37select_on_container_copy_constructionERKS6_
FN:571,_ZSt18__do_alloc_on_copyISaIN8wordList9wordSidesEEEvRT_RKS3_St17integral_constantIbLb0EE
FN:575,_ZSt15__alloc_on_copyISaIN8wordList9wordSidesEEEvRT_RKS3_
FNDA:16,_ZNSt16allocator_traitsISaIPNSt8__detail15_Hash_node_baseEEE8allocateERS3_m
FNDA:10,_ZNSt16allocator_traitsISaISt6vectorINSt7__cxx1112basic_stringIcSt11char_traitsIcESaIcEEESaIS6_EEEE8allocateERS9_m
FNDA:5,_ZNSt16allocator_traitsISaISt6vectorIN8wordList9wordSidesESaIS2_EEEE8allocateERS5_m
FNDA:88,_ZNSt16allocator_traitsISaIN8wordList9wordSidesEEE8allocateERS2_m
FNDA:48,_ZNSt16allocator_traitsISaINSt8__detail10_Hash_nodeISt4pairIKNSt7__cxx1112basic_stringIcSt11char_traitsIcESaIcEEEiELb1EEEEE8allocateERSC_m
FNDA:76,_ZNSt16allocator_traitsISaINSt7__cxx1112basic_stringIcSt11char_traitsIcESaIcEEEEE8allocateERS6_m
FNDA:16,_ZNSt16allocator_traitsISaIPNSt8__detail15_Hash_node_baseEEE10deallocateERS3_PS2_m
FNDA:48,_ZNSt16allocator_traitsISaINSt8__detail10_Hash_nodeISt4pairIKNSt7__cxx1112basic_stringIcSt11char_traitsIcESaIcEEEiELb1EEEEE10deallocateERSC_PSB_m
FNDA:9,_ZNSt16allocator_traitsISaISt6vectorINSt7__cxx1112basic_stringIcSt11char_traitsIcESaIcEEESaIS6_EEEE10deallocateERS9_PS8_m
FNDA:4,_ZNSt16allocator_traitsISaISt6vectorIN8wordList9wordSidesESaIS2_EEEE10deallocateERS5_PS4_m
FNDA:47,_ZNSt16allocator_traitsISaINSt7__cxx1112basic_stringIcSt11char_traitsIcESaIcEEEEE10deallocateERS6_PS5_m
FNDA:74,_ZNSt16allocator_traitsISaIN8wordList9wordSidesEEE10deallocateERS2_PS1_m
FNDA:48,_ZNSt16allocator_traitsISaISt4pairIKNSt7__cxx1112basic_stringIcSt11char_traitsIcESaIcEEEiEEE9constructIS8_JRKSt21piecewise_construct_tSt5tupleIJRS7_EESF_IJEEEEEvRS9_PT_DpOT0_
FNDA:52,_ZNSt16allocator_traitsISaINSt7__cxx1112basic_stringIcSt11char_traitsIcESaIcEEEEE9constructIS5_JS5_EEEvRS6_PT_DpOT0_
FNDA:32,_ZNSt16allocator_traitsISaISt6vectorINSt7__cxx1112basic_stringIcSt11char_traitsIcESaIcEEESaIS6_EEEE9constructIS8_JRKS8_EEEvRS9_PT_DpOT0_
FNDA:12,_ZNSt16allocator_traitsISaISt6vectorIN8wordList9wordSidesESaIS2_EEEE9constructIS4_JRKS4_EEEvRS5_PT_DpOT0_
FNDA:128,_ZNSt16allocator_traitsISaIN8wordList9wordSidesEEE9constructIS1_JRKS1_EEEvRS2_PT_DpOT0_
FNDA:173,_ZNSt16allocator_traitsISaINSt7__cxx1112basic_stringIcSt11char_traitsIcESaIcEEEEE9constructIS5_JRKS5_EEEvRS6_PT_DpOT0_
FNDA:48,_ZNSt16allocator_traitsISaISt4pairIKNSt7__cxx1112basic_stringIcSt11char_traitsIcESaIcEEEiEEE7destroyIS8_EEvRS9_PT_
FNDA:0,_ZNSt16allocator_traitsISaISt6vectorINSt7__cxx1112basic_stringIcSt11char_traitsIcESaIcEEESaIS6_EEEE7destroyIS8_EEvRS9_PT_
FNDA:0,_ZNSt16allocator_traitsISaISt6vectorIN8wordList9wordSidesESaIS2_EEEE7destroyIS4_EEvRS5_PT_
FNDA:128,_ZNSt16allocator_traitsISaIN8wordList9wordSidesEEE7destroyIS1_EEvRS2_PT_
FNDA:110,_ZNSt16allocator_traitsISaINSt7__cxx1112basic_stringIcSt11char_traitsIcESaIcEEEEE7destroyIS5_EEvRS6_PT_
FNDA:20,_ZNSt16allocator_traitsISaISt6vectorINSt7__cxx1112basic_stringIcSt11char_traitsIcESaIcEEESaIS6_EEEE8max_sizeERKS9_
FNDA:10,_ZNSt16allocator_traitsISaISt6vectorIN8wordList9wordSidesESaIS2_EEEE8max_sizeERKS5_
FNDA:8,_ZNSt16allocator_traitsISaIN8wordList9wordSidesEEE8max_sizeERKS2_
FNDA:88,_ZNSt16allocator_traitsISaINSt7__cxx1112basic_stringIcSt11char_traitsIcESaIcEEEEE8max_sizeERKS6_
FNDA:82,_ZNSt16allocator_traitsISaIN8wordList9wordSidesEEE37select_on_container_copy_constructionERKS2_
FNDA:32,_ZNSt16allocator_traitsISaINSt7__cxx1112basic_stringIcSt11char_traitsIcESaIcEEEEE37select_on_container_copy_constructionERKS6_
FNDA:0,_ZSt18__do_alloc_on_copyISaIN8wordList9wordSidesEEEvRT_RKS3_St17integral_constantIbLb0EE
FNDA:0,_ZSt15__alloc_on_copyISaIN8wordList9wordSidesEEEvRT_RKS3_
FNF:31
FNH:27
DA:490,243
DA:491,243
DA:516,198
DA:517,198
DA:529,445
DA:530,445
DA:541,286
DA:542,286
DA:550,126
DA:551,126
DA:559,114
DA:560,114
DA:571,0
DA:572,0
DA:575,0
DA:579,0
DA:580,0
LF:17
LH:12
end_of_record
SF:/usr/include/c++/5/bits/allocator.h
FN:113,_ZNSaISt6vectorIN8wordList9wordSidesESaIS1_EEEC2Ev
FN:113,_ZNSaIN8wordList9wordSidesEEC2Ev
FN:113,_ZNSaINSt7__cxx1112basic_stringIcSt11char_traitsIcESaIcEEEEC2Ev
FN:113,_ZNSaINSt8__detail10_Hash_nodeISt4pairIKNSt7__cxx1112basic_stringIcSt11char_traitsIcESaIcEEEiELb1EEEEC2Ev
FN:113,_ZNSaISt6vectorINSt7__cxx1112basic_stringIcSt11char_traitsIcESaIcEEESaIS5_EEEC2Ev
FN:115,_ZNSaIN8wordList9wordSidesEEC2ERKS1_
FN:115,_ZNSaINSt7__cxx1112basic_stringIcSt11char_traitsIcESaIcEEEEC2ERKS5_
FN:119,_ZNSaISt4pairIKNSt7__cxx1112basic_stringIcSt11char_traitsIcESaIcEEEiEEC2INSt8__detail10_Hash_nodeIS7_Lb1EEEEERKSaIT_E
FN:119,_ZNSaIPNSt8__detail15_Hash_node_baseEEC2INS_10_Hash_nodeISt4pairIKNSt7__cxx1112basic_stringIcSt11char_traitsIcESaIcEEEiELb1EEEEERKSaIT_E
FN:121,_ZNSaISt6vectorIN8wordList9wordSidesESaIS1_EEED2Ev
FN:121,_ZNSaINSt8__detail10_Hash_nodeISt4pairIKNSt7__cxx1112basic_stringIcSt11char_traitsIcESaIcEEEiELb1EEEED2Ev
FN:121,_ZNSaIN8wordList9wordSidesEED2Ev
FN:121,_ZNSaINSt7__cxx1112basic_stringIcSt11char_traitsIcESaIcEEEED2Ev
FN:121,_ZNSaIPNSt8__detail15_Hash_node_baseEED2Ev
FN:121,_ZNSaISt4pairIKNSt7__cxx1112basic_stringIcSt11char_traitsIcESaIcEEEiEED2Ev
FN:121,_ZNSaISt6vectorINSt7__cxx1112basic_stringIcSt11char_traitsIcESaIcEEESaIS5_EEED2Ev
FN:146,_ZStneIN8wordList9wordSidesEEbRKSaIT_ES5_
FNDA:2,_ZNSaISt6vectorINSt7__cxx1112basic_stringIcSt11char_traitsIcESaIcEEESaIS5_EEEC2Ev
FNDA:1,_ZNSaISt6vectorIN8wordList9wordSidesESaIS1_EEEC2Ev
FNDA:2,_ZNSaIN8wordList9wordSidesEEC2Ev
FNDA:684,_ZNSaINSt7__cxx1112basic_stringIcSt11char_traitsIcESaIcEEEEC2Ev
FNDA:4,_ZNSaINSt8__detail10_Hash_nodeISt4pairIKNSt7__cxx1112basic_stringIcSt11char_traitsIcESaIcEEEiELb1EEEEC2Ev
FNDA:179,_ZNSaIN8wordList9wordSidesEEC2ERKS1_
FNDA:94,_ZNSaINSt7__cxx1112basic_stringIcSt11char_traitsIcESaIcEEEEC2ERKS5_
FNDA:32,_ZNSaIPNSt8__detail15_Hash_node_baseEEC2INS_10_Hash_nodeISt4pairIKNSt7__cxx1112basic_stringIcSt11char_traitsIcESaIcEEEiELb1EEEEERKSaIT_E
FNDA:96,_ZNSaISt4pairIKNSt7__cxx1112basic_stringIcSt11char_traitsIcESaIcEEEiEEC2INSt8__detail10_Hash_nodeIS7_Lb1EEEEERKSaIT_E
FNDA:32,_ZNSaIPNSt8__detail15_Hash_node_baseEED2Ev
FNDA:96,_ZNSaISt4pairIKNSt7__cxx1112basic_stringIcSt11char_traitsIcESaIcEEEiEED2Ev
FNDA:1,_ZNSaISt6vectorINSt7__cxx1112basic_stringIcSt11char_traitsIcESaIcEEESaIS5_EEED2Ev
FNDA:0,_ZNSaISt6vectorIN8wordList9wordSidesESaIS1_EEED2Ev
FNDA:167,_ZNSaIN8wordList9wordSidesEED2Ev
FNDA:84,_ZNSaINSt7__cxx1112basic_stringIcSt11char_traitsIcESaIcEEEED2Ev
FNDA:4,_ZNSaINSt8__detail10_Hash_nodeISt4pairIKNSt7__cxx1112basic_stringIcSt11char_traitsIcESaIcEEEiELb1EEEED2Ev
FNDA:0,_ZStneIN8wordList9wordSidesEEbRKSaIT_ES5_
FNF:17
FNH:15
DA:113,693
DA:115,273
DA:116,273
DA:119,128
DA:121,384
DA:146,0
DA:148,0
LF:7
LH:5
end_of_record
SF:/usr/include/c++/5/bits/basic_string.h
FN:106,_ZNSt7__cxx1112basic_stringIcSt11char_traitsIcESaIcEE12_Alloc_hiderD2Ev
FN:191,_ZNSt7__cxx1112basic_stringIcSt11char_traitsIcESaIcEE16_M_construct_auxIPcEEvT_S7_St12__false_type
FN:211,_ZNSt7__cxx1112basic_stringIcSt11char_traitsIcESaIcEE12_M_constructIPcEEvT_S7_
FN:534,_ZNSt7__cxx1112basic_stringIcSt11char_traitsIcESaIcEEC2IPcvEET_S7_RKS3_
FN:4820,_ZStplIcSt11char_traitsIcESaIcEENSt7__cxx1112basic_stringIT_T0_T1_EERKS8_PKS5_
FN:4836,_ZStplIcSt11char_traitsIcESaIcEENSt7__cxx1112basic_stringIT_T0_T1_EERKS8_S5_
FN:4890,_ZStplIcSt11char_traitsIcESaIcEENSt7__cxx1112basic_stringIT_T0_T1_EEOS8_S5_
FN:4911,_ZSteqIcEN9__gnu_cxx11__enable_ifIXsrSt9__is_charIT_E7__valueEbE6__typeERKNSt7__cxx1112basic_stringIS3_St11char_traitsIS3_ESaIS3_EEESE_
FN:5299,_ZNSt7__cxx119to_stringEi
FN:5482,_ZNSt4hashINSt7__cxx1112basic_stringIcSt11char_traitsIcESaIcEEEEC2Ev
FN:5486,_ZNKSt4hashINSt7__cxx1112basic_stringIcSt11char_traitsIcESaIcEEEEclERKS5_
FNDA:0,_ZNSt7__cxx1112basic_stringIcSt11char_traitsIcESaIcEE12_Alloc_hiderD2Ev
FNDA:4,_ZNSt7__cxx1112basic_stringIcSt11char_traitsIcESaIcEE16_M_construct_auxIPcEEvT_S7_St12__false_type
FNDA:4,_ZNSt7__cxx1112basic_stringIcSt11char_traitsIcESaIcEE12_M_constructIPcEEvT_S7_
FNDA:4,_ZNSt7__cxx1112basic_stringIcSt11char_traitsIcESaIcEEC2IPcvEET_S7_RKS3_
FNDA:38,_ZStplIcSt11char_traitsIcESaIcEENSt7__cxx1112basic_stringIT_T0_T1_EERKS8_PKS5_
FNDA:66,_ZStplIcSt11char_traitsIcESaIcEENSt7__cxx1112basic_stringIT_T0_T1_EERKS8_S5_
FNDA:4,_ZStplIcSt11char_traitsIcESaIcEENSt7__cxx1112basic_stringIT_T0_T1_EEOS8_S5_
FNDA:0,_ZSteqIcEN9__gnu_cxx11__enable_ifIXsrSt9__is_charIT_E7__valueEbE6__typeERKNSt7__cxx1112basic_stringIS3_St11char_traitsIS3_ESaIS3_EEESE_
FNDA:4,_ZNSt7__cxx119to_stringEi
FNDA:4,_ZNSt4hashINSt7__cxx1112basic_stringIcSt11char_traitsIcESaIcEEEEC2Ev
FNDA:96,_ZNKSt4hashINSt7__cxx1112basic_stringIcSt11char_traitsIcESaIcEEEEclERKS5_
FNF:11
FNH:9
DA:106,0
DA:191,4
DA:195,4
DA:196,4
DA:211,4
DA:214,4
DA:215,4
DA:534,4
DA:536,4
DA:537,4
DA:4820,38
DA:4823,38
DA:4824,38
DA:4825,38
DA:4836,66
DA:4840,66
DA:4841,66
DA:4842,66
DA:4890,4
DA:4892,4
DA:4911,0
DA:4913,0
DA:4914,0
DA:4915,0
DA:5299,4
DA:5301,4
DA:5482,4
DA:5486,96
DA:5487,96
LF:29
LH:24
end_of_record
SF:/usr/include/c++/5/bits/basic_string.tcc
FN:210,_ZNSt7__cxx1112basic_stringIcSt11char_traitsIcESaIcEE12_M_constructIPcEEvT_S7_St20forward_iterator_tag
FNDA:852,_ZNSt7__cxx1112basic_stringIcSt11char_traitsIcESaIcEE12_M_constructIPcEEvT_S7_St20forward_iterator_tag
FNF:1
FNH:1
DA:210,852
DA:215,852
DA:216,0
DA:219,852
DA:221,852
DA:223,12
DA:224,12
DA:229,852
DA:230,0
DA:232,0
DA:233,0
DA:236,852
DA:237,852
LF:13
LH:9
end_of_record
SF:/usr/include/c++/5/bits/char_traits.h
FN:258,_ZNSt11char_traitsIcE7compareEPKcS2_m
FNDA:0,_ZNSt11char_traitsIcE7compareEPKcS2_m
FNF:1
FNH:0
DA:258,0
DA:260,0
DA:261,0
DA:262,0
LF:4
LH:0
end_of_record
SF:/usr/include/c++/5/bits/functional_hash.h
FN:50,_ZNSt11__hash_baseImNSt7__cxx1112basic_stringIcSt11char_traitsIcESaIcEEEEC2Ev
FN:129,_ZNSt10_Hash_impl4hashEPKvmm
FNDA:4,_ZNSt11__hash_baseImNSt7__cxx1112basic_stringIcSt11char_traitsIcESaIcEEEEC2Ev
FNDA:96,_ZNSt10_Hash_impl4hashEPKvmm
FNF:2
FNH:2
DA:50,4
DA:129,96
DA:131,96
LF:3
LH:3
end_of_record
SF:/usr/include/c++/5/bits/hashtable.h
FN:328,_ZNKSt10_HashtableINSt7__cxx1112basic_stringIcSt11char_traitsIcESaIcEEESt4pairIKS5_iESaIS8_ENSt8__detail10_Select1stESt8equal_toIS5_ESt4hashIS5_ENSA_18_Mod_range_hashingENSA_20_Default_ranged_hashENSA_20_Prime_rehash_policyENSA_17_Hashtable_traitsILb1ELb0ELb1EEEE21_M_uses_single_bucketEPPNSA_15_Hash_node_baseE
FN:339,_ZNSt10_HashtableINSt7__cxx1112basic_stringIcSt11char_traitsIcESaIcEEESt4pairIKS5_iESaIS8_ENSt8__detail10_Select1stESt8equal_toIS5_ESt4hashIS5_ENSA_18_Mod_range_hashingENSA_20_Default_ranged_hashENSA_20_Prime_rehash_policyENSA_17_Hashtable_traitsILb1ELb0ELb1EEEE19_M_allocate_bucketsEm
FN:351,_ZNSt10_HashtableINSt7__cxx1112basic_stringIcSt11char_traitsIcESaIcEEESt4pairIKS5_iESaIS8_ENSt8__detail10_Select1stESt8equal_toIS5_ESt4hashIS5_ENSA_18_Mod_range_hashingENSA_20_Default_ranged_hashENSA_20_Prime_rehash_policyENSA_17_Hashtable_traitsILb1ELb0ELb1EEEE21_M_deallocate_bucketsEPPNSA_15_Hash_node_baseEm
FN:360,_ZNSt10_HashtableINSt7__cxx1112basic_stringIcSt11char_traitsIcESaIcEEESt4pairIKS5_iESaIS8_ENSt8__detail10_Select1stESt8equal_toIS5_ESt4hashIS5_ENSA_18_Mod_range_hashingENSA_20_Default_ranged_hashENSA_20_Prime_rehash_policyENSA_17_Hashtable_traitsILb1ELb0ELb1EEEE21_M_deallocate_bucketsEv
FN:369,_ZNKSt10_HashtableINSt7__cxx1112basic_stringIcSt11char_traitsIcESaIcEEESt4pairIKS5_iESaIS8_ENSt8__detail10_Select1stESt8equal_toIS5_ESt4hashIS5_ENSA_18_Mod_range_hashingENSA_20_Default_ranged_hashENSA_20_Prime_rehash_policyENSA_17_Hashtable_traitsILb1ELb0ELb1EEEE8_M_beginEv
FN:394,_ZNSt10_HashtableINSt7__cxx1112basic_stringIcSt11char_traitsIcESaIcEEESt4pairIKS5_iESaIS8_ENSt8__detail10_Select1stESt8equal_toIS5_ESt4hashIS5_ENSA_18_Mod_range_hashingENSA_20_Default_ranged_hashENSA_20_Prime_rehash_policyENSA_17_Hashtable_traitsILb1ELb0ELb1EEEEC2Ev
FN:616,_ZNKSt10_HashtableINSt7__cxx1112basic_stringIcSt11char_traitsIcESaIcEEESt4pairIKS5_iESaIS8_ENSt8__detail10_Select1stESt8equal_toIS5_ESt4hashIS5_ENSA_18_Mod_range_hashingENSA_20_Default_ranged_hashENSA_20_Prime_rehash_policyENSA_17_Hashtable_traitsILb1ELb0ELb1EEEE15_M_bucket_indexEPNSA_10_Hash_nodeIS8_Lb1EEE
FN:620,_ZNKSt10_HashtableINSt7__cxx1112basic_stringIcSt11char_traitsIcESaIcEEESt4pairIKS5_iESaIS8_ENSt8__detail10_Select1stESt8equal_toIS5_ESt4hashIS5_ENSA_18_Mod_range_hashingENSA_20_Default_ranged_hashENSA_20_Prime_rehash_policyENSA_17_Hashtable_traitsILb1ELb0ELb1EEEE15_M_bucket_indexERS7_m
FN:629,_ZNKSt10_HashtableINSt7__cxx1112basic_stringIcSt11char_traitsIcESaIcEEESt4pairIKS5_iESaIS8_ENSt8__detail10_Select1stESt8equal_toIS5_ESt4hashIS5_ENSA_18_Mod_range_hashingENSA_20_Default_ranged_hashENSA_20_Prime_rehash_policyENSA_17_Hashtable_traitsILb1ELb0ELb1EEEE12_M_find_nodeEmRS7_m
FN:782,_ZNKSt10_HashtableINSt7__cxx1112basic_stringIcSt11char_traitsIcESaIcEEESt4pairIKS5_iESaIS8_ENSt8__detail10_Select1stESt8equal_toIS5_ESt4hashIS5_ENSA_18_Mod_range_hashingENSA_20_Default_ranged_hashENSA_20_Prime_rehash_policyENSA_17_Hashtable_traitsILb1ELb0ELb1EEEE15_M_bucket_beginEm
FN:1221,_ZNSt10_HashtableINSt7__cxx1112basic_stringIcSt11char_traitsIcESaIcEEESt4pairIKS5_iESaIS8_ENSt8__detail10_Select1stESt8equal_toIS5_ESt4hashIS5_ENSA_18_Mod_range_hashingENSA_20_Default_ranged_hashENSA_20_Prime_rehash_policyENSA_17_Hashtable_traitsILb1ELb0ELb1EEEED2Ev
FN:1332,_ZNKSt10_HashtableINSt7__cxx1112basic_stringIcSt11char_traitsIcESaIcEEESt4pairIKS5_iESaIS8_ENSt8__detail10_Select1stESt8equal_toIS5_ESt4hashIS5_ENSA_18_Mod_range_hashingENSA_20_Default_ranged_hashENSA_20_Prime_rehash_policyENSA_17_Hashtable_traitsILb1ELb0ELb1EEEE5countERS7_
FN:1420,_ZNKSt10_HashtableINSt7__cxx1112basic_stringIcSt11char_traitsIcESaIcEEESt4pairIKS5_iESaIS8_ENSt8__detail10_Select1stESt8equal_toIS5_ESt4hashIS5_ENSA_18_Mod_range_hashingENSA_20_Default_ranged_hashENSA_20_Prime_rehash_policyENSA_17_Hashtable_traitsILb1ELb0ELb1EEEE19_M_find_before_nodeEmRS7_m
FN:1448,_ZNSt10_HashtableINSt7__cxx1112basic_stringIcSt11char_traitsIcESaIcEEESt4pairIKS5_iESaIS8_ENSt8__detail10_Select1stESt8equal_toIS5_ESt4hashIS5_ENSA_18_Mod_range_hashingENSA_20_Default_ranged_hashENSA_20_Prime_rehash_policyENSA_17_Hashtable_traitsILb1ELb0ELb1EEEE22_M_insert_bucket_beginEmPNSA_10_Hash_nodeIS8_Lb1EEE
FN:1586,_ZNSt10_HashtableINSt7__cxx1112basic_stringIcSt11char_traitsIcESaIcEEESt4pairIKS5_iESaIS8_ENSt8__detail10_Select1stESt8equal_toIS5_ESt4hashIS5_ENSA_18_Mod_range_hashingENSA_20_Default_ranged_hashENSA_20_Prime_rehash_policyENSA_17_Hashtable_traitsILb1ELb0ELb1EEEE21_M_insert_unique_nodeEmmPNSA_10_Hash_nodeIS8_Lb1EEE
FN:1910,_ZNSt10_HashtableINSt7__cxx1112basic_stringIcSt11char_traitsIcESaIcEEESt4pairIKS5_iESaIS8_ENSt8__detail10_Select1stESt8equal_toIS5_ESt4hashIS5_ENSA_18_Mod_range_hashingENSA_20_Default_ranged_hashENSA_20_Prime_rehash_policyENSA_17_Hashtable_traitsILb1ELb0ELb1EEEE5clearEv
FN:1947,_ZNSt10_HashtableINSt7__cxx1112basic_stringIcSt11char_traitsIcESaIcEEESt4pairIKS5_iESaIS8_ENSt8__detail10_Select1stESt8equal_toIS5_ESt4hashIS5_ENSA_18_Mod_range_hashingENSA_20_Default_ranged_hashENSA_20_Prime_rehash_policyENSA_17_Hashtable_traitsILb1ELb0ELb1EEEE9_M_rehashEmRKm
FN:1970,_ZNSt10_HashtableINSt7__cxx1112basic_stringIcSt11char_traitsIcESaIcEEESt4pairIKS5_iESaIS8_ENSt8__detail10_Select1stESt8equal_toIS5_ESt4hashIS5_ENSA_18_Mod_range_hashingENSA_20_Default_ranged_hashENSA_20_Prime_rehash_policyENSA_17_Hashtable_traitsILb1ELb0ELb1EEEE13_M_rehash_auxEmSt17integral_constantIbLb1EE
FNDA:20,_ZNKSt10_HashtableINSt7__cxx1112basic_stringIcSt11char_traitsIcESaIcEEESt4pairIKS5_iESaIS8_ENSt8__detail10_Select1stESt8equal_toIS5_ESt4hashIS5_ENSA_18_Mod_range_hashingENSA_20_Default_ranged_hashENSA_20_Prime_rehash_policyENSA_17_Hashtable_traitsILb1ELb0ELb1EEEE21_M_uses_single_bucketEPPNSA_15_Hash_node_baseE
FNDA:16,_ZNSt10_HashtableINSt7__cxx1112basic_stringIcSt11char_traitsIcESaIcEEESt4pairIKS5_iESaIS8_ENSt8__detail10_Select1stESt8equal_toIS5_ESt4hashIS5_ENSA_18_Mod_range_hashingENSA_20_Default_ranged_hashENSA_20_Prime_rehash_policyENSA_17_Hashtable_traitsILb1ELb0ELb1EEEE19_M_allocate_bucketsEm
FNDA:20,_ZNSt10_HashtableINSt7__cxx1112basic_stringIcSt11char_traitsIcESaIcEEESt4pairIKS5_iESaIS8_ENSt8__detail10_Select1stESt8equal_toIS5_ESt4hashIS5_ENSA_18_Mod_range_hashingENSA_20_Default_ranged_hashENSA_20_Prime_rehash_policyENSA_17_Hashtable_traitsILb1ELb0ELb1EEEE21_M_deallocate_bucketsEPPNSA_15_Hash_node_baseEm
FNDA:20,_ZNSt10_HashtableINSt7__cxx1112basic_stringIcSt11char_traitsIcESaIcEEESt4pairIKS5_iESaIS8_ENSt8__detail10_Select1stESt8equal_toIS5_ESt4hashIS5_ENSA_18_Mod_range_hashingENSA_20_Default_ranged_hashENSA_20_Prime_rehash_policyENSA_17_Hashtable_traitsILb1ELb0ELb1EEEE21_M_deallocate_bucketsEv
FNDA:20,_ZNKSt10_HashtableINSt7__cxx1112basic_stringIcSt11char_traitsIcESaIcEEESt4pairIKS5_iESaIS8_ENSt8__detail10_Select1stESt8equal_toIS5_ESt4hashIS5_ENSA_18_Mod_range_hashingENSA_20_Default_ranged_hashENSA_20_Prime_rehash_policyENSA_17_Hashtable_traitsILb1ELb0ELb1EEEE8_M_beginEv
FNDA:4,_ZNSt10_HashtableINSt7__cxx1112basic_stringIcSt11char_traitsIcESaIcEEESt4pairIKS5_iESaIS8_ENSt8__detail10_Select1stESt8equal_toIS5_ESt4hashIS5_ENSA_18_Mod_range_hashingENSA_20_Default_ranged_hashENSA_20_Prime_rehash_policyENSA_17_Hashtable_traitsILb1ELb0ELb1EEEEC2Ev
FNDA:64,_ZNKSt10_HashtableINSt7__cxx1112basic_stringIcSt11char_traitsIcESaIcEEESt4pairIKS5_iESaIS8_ENSt8__detail10_Select1stESt8equal_toIS5_ESt4hashIS5_ENSA_18_Mod_range_hashingENSA_20_Default_ranged_hashENSA_20_Prime_rehash_policyENSA_17_Hashtable_traitsILb1ELb0ELb1EEEE15_M_bucket_indexEPNSA_10_Hash_nodeIS8_Lb1EEE
FNDA:112,_ZNKSt10_HashtableINSt7__cxx1112basic_stringIcSt11char_traitsIcESaIcEEESt4pairIKS5_iESaIS8_ENSt8__detail10_Select1stESt8equal_toIS5_ESt4hashIS5_ENSA_18_Mod_range_hashingENSA_20_Default_ranged_hashENSA_20_Prime_rehash_policyENSA_17_Hashtable_traitsILb1ELb0ELb1EEEE15_M_bucket_indexERS7_m
FNDA:48,_ZNKSt10_HashtableINSt7__cxx1112basic_stringIcSt11char_traitsIcESaIcEEESt4pairIKS5_iESaIS8_ENSt8__detail10_Select1stESt8equal_toIS5_ESt4hashIS5_ENSA_18_Mod_range_hashingENSA_20_Default_ranged_hashENSA_20_Prime_rehash_policyENSA_17_Hashtable_traitsILb1ELb0ELb1EEEE12_M_find_nodeEmRS7_m
FNDA:48,_ZNKSt10_HashtableINSt7__cxx1112basic_stringIcSt11char_traitsIcESaIcEEESt4pairIKS5_iESaIS8_ENSt8__detail10_Select1stESt8equal_toIS5_ESt4hashIS5_ENSA_18_Mod_range_hashingENSA_20_Default_ranged_hashENSA_20_Prime_rehash_policyENSA_17_Hashtable_traitsILb1ELb0ELb1EEEE15_M_bucket_beginEm
FNDA:4,_ZNSt10_HashtableINSt7__cxx1112basic_stringIcSt11char_traitsIcESaIcEEESt4pairIKS5_iESaIS8_ENSt8__detail10_Select1stESt8equal_toIS5_ESt4hashIS5_ENSA_18_Mod_range_hashingENSA_20_Default_ranged_hashENSA_20_Prime_rehash_policyENSA_17_Hashtable_traitsILb1ELb0ELb1EEEED2Ev
FNDA:48,_ZNKSt10_HashtableINSt7__cxx1112basic_stringIcSt11char_traitsIcESaIcEEESt4pairIKS5_iESaIS8_ENSt8__detail10_Select1stESt8equal_toIS5_ESt4hashIS5_ENSA_18_Mod_range_hashingENSA_20_Default_ranged_hashENSA_20_Prime_rehash_policyENSA_17_Hashtable_traitsILb1ELb0ELb1EEEE5countERS7_
FNDA:48,_ZNKSt10_HashtableINSt7__cxx1112basic_stringIcSt11char_traitsIcESaIcEEESt4pairIKS5_iESaIS8_ENSt8__detail10_Select1stESt8equal_toIS5_ESt4hashIS5_ENSA_18_Mod_range_hashingENSA_20_Default_ranged_hashENSA_20_Prime_rehash_policyENSA_17_Hashtable_traitsILb1ELb0ELb1EEEE19_M_find_before_nodeEmRS7_m
FNDA:48,_ZNSt10_HashtableINSt7__cxx1112basic_stringIcSt11char_traitsIcESaIcEEESt4pairIKS5_iESaIS8_ENSt8__detail10_Select1stESt8equal_toIS5_ESt4hashIS5_ENSA_18_Mod_range_hashingENSA_20_Default_ranged_hashENSA_20_Prime_rehash_policyENSA_17_Hashtable_traitsILb1ELb0ELb1EEEE22_M_insert_bucket_beginEmPNSA_10_Hash_nodeIS8_Lb1EEE
FNDA:48,_ZNSt10_HashtableINSt7__cxx1112basic_stringIcSt11char_traitsIcESaIcEEESt4pairIKS5_iESaIS8_ENSt8__detail10_Select1stESt8equal_toIS5_ESt4hashIS5_ENSA_18_Mod_range_hashingENSA_20_Default_ranged_hashENSA_20_Prime_rehash_policyENSA_17_Hashtable_traitsILb1ELb0ELb1EEEE21_M_insert_unique_nodeEmmPNSA_10_Hash_nodeIS8_Lb1EEE
FNDA:4,_ZNSt10_HashtableINSt7__cxx1112basic_stringIcSt11char_traitsIcESaIcEEESt4pairIKS5_iESaIS8_ENSt8__detail10_Select1stESt8equal_toIS5_ESt4hashIS5_ENSA_18_Mod_range_hashingENSA_20_Default_ranged_hashENSA_20_Prime_rehash_policyENSA_17_Hashtable_traitsILb1ELb0ELb1EEEE5clearEv
FNDA:16,_ZNSt10_HashtableINSt7__cxx1112basic_stringIcSt11char_traitsIcESaIcEEESt4pairIKS5_iESaIS8_ENSt8__detail10_Select1stESt8equal_toIS5_ESt4hashIS5_ENSA_18_Mod_range_hashingENSA_20_Default_ranged_hashENSA_20_Prime_rehash_policyENSA_17_Hashtable_traitsILb1ELb0ELb1EEEE9_M_rehashEmRKm
FNDA:16,_ZNSt10_HashtableINSt7__cxx1112basic_stringIcSt11char_traitsIcESaIcEEESt4pairIKS5_iESaIS8_ENSt8__detail10_Select1stESt8equal_toIS5_ESt4hashIS5_ENSA_18_Mod_range_hashingENSA_20_Default_ranged_hashENSA_20_Prime_rehash_policyENSA_17_Hashtable_traitsILb1ELb0ELb1EEEE13_M_rehash_auxEmSt17integral_constantIbLb1EE
FNF:18
FNH:18
DA:328,20
DA:329,20
DA:339,16
DA:341,16
DA:343,0
DA:344,0
DA:347,16
DA:351,20
DA:353,20
DA:354,4
DA:356,16
DA:360,20
DA:361,20
DA:369,20
DA:370,20
DA:394,4
DA:616,64
DA:617,64
DA:620,112
DA:621,112
DA:629,48
DA:632,48
DA:633,48
DA:634,0
DA:635,48
DA:782,48
DA:787,48
DA:788,48
DA:1221,4
DA:1225,4
DA:1226,4
DA:1227,4
DA:1332,48
DA:1337,48
DA:1338,48
DA:1339,48
DA:1340,48
DA:1341,32
DA:1343,16
DA:1344,0
DA:1346,16
DA:1347,0
DA:1348,16
DA:1352,0
DA:1353,16
DA:1354,16
DA:1356,16
DA:1420,48
DA:1426,48
DA:1427,48
DA:1428,32
DA:1430,16
DA:1433,16
DA:1434,0
DA:1436,16
DA:1437,16
DA:1438,0
DA:1440,16
DA:1448,48
DA:1452,48
DA:1456,12
DA:1457,12
DA:1464,36
DA:1465,36
DA:1466,36
DA:1469,32
DA:1470,36
DA:1472,48
DA:1586,48
DA:1592,48
DA:1594,48
DA:1598,48
DA:1600,16
DA:1601,16
DA:1604,48
DA:1607,48
DA:1608,48
DA:1609,48
DA:1611,0
DA:1613,0
DA:1614,0
DA:1910,4
DA:1914,4
DA:1915,4
DA:1916,4
DA:1917,4
DA:1918,4
DA:1947,16
DA:1953,16
DA:1955,0
DA:1959,0
DA:1960,0
DA:1962,16
DA:1970,16
DA:1974,16
DA:1975,16
DA:1976,16
DA:1977,16
DA:1978,136
DA:1980,60
DA:1981,60
DA:1982,60
DA:1984,52
DA:1985,52
DA:1986,52
DA:1987,52
DA:1988,40
DA:1989,52
DA:1993,8
DA:1994,8
DA:1996,60
DA:1999,16
DA:2000,16
DA:2001,16
DA:2002,16
LF:115
LH:101
end_of_record
SF:/usr/include/c++/5/bits/hashtable_policy.h
FN:96,_ZNSt8__detail10_Select1stC2Ev
FN:100,_ZNKSt8__detail10_Select1stclIRSt4pairIKNSt7__cxx1112basic_stringIcSt11char_traitsIcESaIcEEEiEEEDTcl3getILi0EEcl7forwardIT_Efp_EEEOSC_
FN:231,_ZNSt8__detail15_Hash_node_baseC2Ev
FN:242,_ZNSt8__detail21_Hash_node_value_baseISt4pairIKNSt7__cxx1112basic_stringIcSt11char_traitsIcESaIcEEEiEEC2Ev
FN:249,_ZNSt8__detail21_Hash_node_value_baseISt4pairIKNSt7__cxx1112basic_stringIcSt11char_traitsIcESaIcEEEiEE9_M_valptrEv
FN:257,_ZNSt8__detail21_Hash_node_value_baseISt4pairIKNSt7__cxx1112basic_stringIcSt11char_traitsIcESaIcEEEiEE4_M_vEv
FN:277,_ZNSt8__detail10_Hash_nodeISt4pairIKNSt7__cxx1112basic_stringIcSt11char_traitsIcESaIcEEEiELb1EEC2Ev
FN:282,_ZNKSt8__detail10_Hash_nodeISt4pairIKNSt7__cxx1112basic_stringIcSt11char_traitsIcESaIcEEEiELb1EE7_M_nextEv
FN:307,_ZNSt8__detail19_Node_iterator_baseISt4pairIKNSt7__cxx1112basic_stringIcSt11char_traitsIcESaIcEEEiELb1EEC2EPNS_10_Hash_nodeIS9_Lb1EEE
FN:353,_ZNSt8__detail14_Node_iteratorISt4pairIKNSt7__cxx1112basic_stringIcSt11char_traitsIcESaIcEEEiELb0ELb1EEC2EPNS_10_Hash_nodeIS9_Lb1EEE
FN:361,_ZNKSt8__detail14_Node_iteratorISt4pairIKNSt7__cxx1112basic_stringIcSt11char_traitsIcESaIcEEEiELb0ELb1EEptEv
FN:437,_ZNSt8__detail18_Mod_range_hashingC2Ev
FN:444,_ZNKSt8__detail18_Mod_range_hashingclEmm
FN:460,_ZNSt8__detail20_Prime_rehash_policyC2Ef
FN:487,_ZNKSt8__detail20_Prime_rehash_policy8_M_stateEv
FN:495,_ZNSt8__detail20_Prime_rehash_policy8_M_resetEm
FN:545,_ZNSt8__detail9_Map_baseINSt7__cxx1112basic_stringIcSt11char_traitsIcESaIcEEESt4pairIKS6_iESaIS9_ENS_10_Select1stESt8equal_toIS6_ESt4hashIS6_ENS_18_Mod_range_hashingENS_20_Default_ranged_hashENS_20_Prime_rehash_policyENS_17_Hashtable_traitsILb1ELb0ELb1EEELb1EEC2Ev
FN:585,_ZNSt8__detail9_Map_baseINSt7__cxx1112basic_stringIcSt11char_traitsIcESaIcEEESt4pairIKS6_iESaIS9_ENS_10_Select1stESt8equal_toIS6_ESt4hashIS6_ENS_18_Mod_range_hashingENS_20_Default_ranged_hashENS_20_Prime_rehash_policyENS_17_Hashtable_traitsILb1ELb0ELb1EEELb1EEixERS8_
FN:678,_ZNSt8__detail12_Insert_baseINSt7__cxx1112basic_stringIcSt11char_traitsIcESaIcEEESt4pairIKS6_iESaIS9_ENS_10_Select1stESt8equal_toIS6_ESt4hashIS6_ENS_18_Mod_range_hashingENS_20_Default_ranged_hashENS_20_Prime_rehash_policyENS_17_Hashtable_traitsILb1ELb0ELb1EEEEC2Ev
FN:871,_ZNSt8__detail7_InsertINSt7__cxx1112basic_stringIcSt11char_traitsIcESaIcEEESt4pairIKS6_iESaIS9_ENS_10_Select1stESt8equal_toIS6_ESt4hashIS6_ENS_18_Mod_range_hashingENS_20_Default_ranged_hashENS_20_Prime_rehash_policyENS_17_Hashtable_traitsILb1ELb0ELb1EEELb0ELb1EEC2Ev
FN:932,_ZNSt8__detail12_Rehash_baseINSt7__cxx1112basic_stringIcSt11char_traitsIcESaIcEEESt4pairIKS6_iESaIS9_ENS_10_Select1stESt8equal_toIS6_ESt4hashIS6_ENS_18_Mod_range_hashingENS_20_Default_ranged_hashENS_20_Prime_rehash_policyENS_17_Hashtable_traitsILb1ELb0ELb1EEEEC2Ev
FN:973,_ZNSt8__detail21_Hashtable_ebo_helperILi0ESaINS_10_Hash_nodeISt4pairIKNSt7__cxx1112basic_stringIcSt11char_traitsIcESaIcEEEiELb1EEEELb1EED2Ev
FN:976,_ZNSt8__detail21_Hashtable_ebo_helperILi1ESt4hashINSt7__cxx1112basic_stringIcSt11char_traitsIcESaIcEEEELb1EEC2Ev
FN:976,_ZNSt8__detail21_Hashtable_ebo_helperILi0ENS_10_Select1stELb1EEC2Ev
FN:976,_ZNSt8__detail21_Hashtable_ebo_helperILi0ESt8equal_toINSt7__cxx1112basic_stringIcSt11char_traitsIcESaIcEEEELb1EEC2Ev
FN:976,_ZNSt8__detail21_Hashtable_ebo_helperILi0ESaINS_10_Hash_nodeISt4pairIKNSt7__cxx1112basic_stringIcSt11char_traitsIcESaIcEEEiELb1EEEELb1EEC2Ev
FN:976,_ZNSt8__detail21_Hashtable_ebo_helperILi2ENS_18_Mod_range_hashingELb1EEC2Ev
FN:984,_ZNSt8__detail21_Hashtable_ebo_helperILi0ENS_10_Select1stELb1EE7_S_cgetERKS2_
FN:984,_ZNSt8__detail21_Hashtable_ebo_helperILi0ESt8equal_toINSt7__cxx1112basic_stringIcSt11char_traitsIcESaIcEEEELb1EE7_S_cgetERKS9_
FN:984,_ZNSt8__detail21_Hashtable_ebo_helperILi2ENS_18_Mod_range_hashingELb1EE7_S_cgetERKS2_
FN:984,_ZNSt8__detail21_Hashtable_ebo_helperILi1ESt4hashINSt7__cxx1112basic_stringIcSt11char_traitsIcESaIcEEEELb1EE7_S_cgetERKS9_
FN:988,_ZNSt8__detail21_Hashtable_ebo_helperILi0ESaINS_10_Hash_nodeISt4pairIKNSt7__cxx1112basic_stringIcSt11char_traitsIcESaIcEEEiELb1EEEELb1EE6_S_getERSD_
FN:988,_ZNSt8__detail21_Hashtable_ebo_helperILi0ENS_10_Select1stELb1EE6_S_getERS2_
FN:1249,_ZNSt8__detail15_Hash_code_baseINSt7__cxx1112basic_stringIcSt11char_traitsIcESaIcEEESt4pairIKS6_iENS_10_Select1stESt4hashIS6_ENS_18_Mod_range_hashingENS_20_Default_ranged_hashELb1EEC2Ev
FN:1256,_ZNKSt8__detail15_Hash_code_baseINSt7__cxx1112basic_stringIcSt11char_traitsIcESaIcEEESt4pairIKS6_iENS_10_Select1stESt4hashIS6_ENS_18_Mod_range_hashingENS_20_Default_ranged_hashELb1EE12_M_hash_codeERS8_
FN:1260,_ZNKSt8__detail15_Hash_code_baseINSt7__cxx1112basic_stringIcSt11char_traitsIcESaIcEEESt4pairIKS6_iENS_10_Select1stESt4hashIS6_ENS_18_Mod_range_hashingENS_20_Default_ranged_hashELb1EE15_M_bucket_indexERS8_mm
FN:1265,_ZNKSt8__detail15_Hash_code_baseINSt7__cxx1112basic_stringIcSt11char_traitsIcESaIcEEESt4pairIKS6_iENS_10_Select1stESt4hashIS6_ENS_18_Mod_range_hashingENS_20_Default_ranged_hashELb1EE15_M_bucket_indexEPKNS_10_Hash_nodeIS9_Lb1EEEm
FN:1271,_ZNKSt8__detail15_Hash_code_baseINSt7__cxx1112basic_stringIcSt11char_traitsIcESaIcEEESt4pairIKS6_iENS_10_Select1stESt4hashIS6_ENS_18_Mod_range_hashingENS_20_Default_ranged_hashELb1EE13_M_store_codeEPNS_10_Hash_nodeIS9_Lb1EEEm
FN:1287,_ZNKSt8__detail15_Hash_code_baseINSt7__cxx1112basic_stringIcSt11char_traitsIcESaIcEEESt4pairIKS6_iENS_10_Select1stESt4hashIS6_ENS_18_Mod_range_hashingENS_20_Default_ranged_hashELb1EE10_M_extractEv
FN:1290,_ZNSt8__detail15_Hash_code_baseINSt7__cxx1112basic_stringIcSt11char_traitsIcESaIcEEESt4pairIKS6_iENS_10_Select1stESt4hashIS6_ENS_18_Mod_range_hashingENS_20_Default_ranged_hashELb1EE10_M_extractEv
FN:1293,_ZNKSt8__detail15_Hash_code_baseINSt7__cxx1112basic_stringIcSt11char_traitsIcESaIcEEESt4pairIKS6_iENS_10_Select1stESt4hashIS6_ENS_18_Mod_range_hashingENS_20_Default_ranged_hashELb1EE5_M_h1Ev
FN:1299,_ZNKSt8__detail15_Hash_code_baseINSt7__cxx1112basic_stringIcSt11char_traitsIcESaIcEEESt4pairIKS6_iENS_10_Select1stESt4hashIS6_ENS_18_Mod_range_hashingENS_20_Default_ranged_hashELb1EE5_M_h2Ev
FN:1320,_ZNSt8__detail13_Equal_helperINSt7__cxx1112basic_stringIcSt11char_traitsIcESaIcEEESt4pairIKS6_iENS_10_Select1stESt8equal_toIS6_EmLb1EE9_S_equalsERKSC_RKSA_RS8_mPNS_10_Hash_nodeIS9_Lb1EEE
FN:1694,_ZNSt8__detail15_Hashtable_baseINSt7__cxx1112basic_stringIcSt11char_traitsIcESaIcEEESt4pairIKS6_iENS_10_Select1stESt8equal_toIS6_ESt4hashIS6_ENS_18_Mod_range_hashingENS_20_Default_ranged_hashENS_17_Hashtable_traitsILb1ELb0ELb1EEEEC2Ev
FN:1701,_ZNKSt8__detail15_Hashtable_baseINSt7__cxx1112basic_stringIcSt11char_traitsIcESaIcEEESt4pairIKS6_iENS_10_Select1stESt8equal_toIS6_ESt4hashIS6_ENS_18_Mod_range_hashingENS_20_Default_ranged_hashENS_17_Hashtable_traitsILb1ELb0ELb1EEEE9_M_equalsERS8_mPNS_10_Hash_nodeIS9_Lb1EEE
FN:1715,_ZNKSt8__detail15_Hashtable_baseINSt7__cxx1112basic_stringIcSt11char_traitsIcESaIcEEESt4pairIKS6_iENS_10_Select1stESt8equal_toIS6_ESt4hashIS6_ENS_18_Mod_range_hashingENS_20_Default_ranged_hashENS_17_Hashtable_traitsILb1ELb0ELb1EEEE5_M_eqEv
FN:1800,_ZNSt8__detail9_EqualityINSt7__cxx1112basic_stringIcSt11char_traitsIcESaIcEEESt4pairIKS6_iESaIS9_ENS_10_Select1stESt8equal_toIS6_ESt4hashIS6_ENS_18_Mod_range_hashingENS_20_Default_ranged_hashENS_20_Prime_rehash_policyENS_17_Hashtable_traitsILb1ELb0ELb1EEELb1EEC2Ev
FN:1886,_ZNSt8__detail16_Hashtable_allocISaINS_10_Hash_nodeISt4pairIKNSt7__cxx1112basic_stringIcSt11char_traitsIcESaIcEEEiELb1EEEEED2Ev
FN:1907,_ZNSt8__detail16_Hashtable_allocISaINS_10_Hash_nodeISt4pairIKNSt7__cxx1112basic_stringIcSt11char_traitsIcESaIcEEEiELb1EEEEEC2Ev
FN:1917,_ZNSt8__detail16_Hashtable_allocISaINS_10_Hash_nodeISt4pairIKNSt7__cxx1112basic_stringIcSt11char_traitsIcESaIcEEEiELb1EEEEE17_M_node_allocatorEv
FN:1947,_ZNSt8__detail16_Hashtable_allocISaINS_10_Hash_nodeISt4pairIKNSt7__cxx1112basic_stringIcSt11char_traitsIcESaIcEEEiELb1EEEEE16_M_allocate_nodeIJRKSt21piecewise_construct_tSt5tupleIJRS9_EESI_IJEEEEEPSB_DpOT_
FN:1968,_ZNSt8__detail16_Hashtable_allocISaINS_10_Hash_nodeISt4pairIKNSt7__cxx1112basic_stringIcSt11char_traitsIcESaIcEEEiELb1EEEEE18_M_deallocate_nodeEPSB_
FN:1980,_ZNSt8__detail16_Hashtable_allocISaINS_10_Hash_nodeISt4pairIKNSt7__cxx1112basic_stringIcSt11char_traitsIcESaIcEEEiELb1EEEEE19_M_deallocate_nodesEPSB_
FN:1992,_ZNSt8__detail16_Hashtable_allocISaINS_10_Hash_nodeISt4pairIKNSt7__cxx1112basic_stringIcSt11char_traitsIcESaIcEEEiELb1EEEEE19_M_allocate_bucketsEm
FN:2004,_ZNSt8__detail16_Hashtable_allocISaINS_10_Hash_nodeISt4pairIKNSt7__cxx1112basic_stringIcSt11char_traitsIcESaIcEEEiELb1EEEEE21_M_deallocate_bucketsEPPNS_15_Hash_node_baseEm
FNDA:4,_ZNSt8__detail10_Select1stC2Ev
FNDA:16,_ZNKSt8__detail10_Select1stclIRSt4pairIKNSt7__cxx1112basic_stringIcSt11char_traitsIcESaIcEEEiEEEDTcl3getILi0EEcl7forwardIT_Efp_EEEOSC_
FNDA:52,_ZNSt8__detail15_Hash_node_baseC2Ev
FNDA:48,_ZNSt8__detail21_Hash_node_value_baseISt4pairIKNSt7__cxx1112basic_stringIcSt11char_traitsIcESaIcEEEiEEC2Ev
FNDA:160,_ZNSt8__detail21_Hash_node_value_baseISt4pairIKNSt7__cxx1112basic_stringIcSt11char_traitsIcESaIcEEEiEE9_M_valptrEv
FNDA:16,_ZNSt8__detail21_Hash_node_value_baseISt4pairIKNSt7__cxx1112basic_stringIcSt11char_traitsIcESaIcEEEiEE4_M_vEv
FNDA:48,_ZNSt8__detail10_Hash_nodeISt4pairIKNSt7__cxx1112basic_stringIcSt11char_traitsIcESaIcEEEiELb1EEC2Ev
FNDA:172,_ZNKSt8__detail10_Hash_nodeISt4pairIKNSt7__cxx1112basic_stringIcSt11char_traitsIcESaIcEEEiELb1EE7_M_nextEv
FNDA:48,_ZNSt8__detail19_Node_iterator_baseISt4pairIKNSt7__cxx1112basic_stringIcSt11char_traitsIcESaIcEEEiELb1EEC2EPNS_10_Hash_nodeIS9_Lb1EEE
FNDA:48,_ZNSt8__detail14_Node_iteratorISt4pairIKNSt7__cxx1112basic_stringIcSt11char_traitsIcESaIcEEEiELb0ELb1EEC2EPNS_10_Hash_nodeIS9_Lb1EEE
FNDA:48,_ZNKSt8__detail14_Node_iteratorISt4pairIKNSt7__cxx1112basic_stringIcSt11char_traitsIcESaIcEEEiELb0ELb1EEptEv
FNDA:4,_ZNSt8__detail18_Mod_range_hashingC2Ev
FNDA:236,_ZNKSt8__detail18_Mod_range_hashingclEmm
FNDA:4,_ZNSt8__detail20_Prime_rehash_policyC2Ef
FNDA:48,_ZNKSt8__detail20_Prime_rehash_policy8_M_stateEv
FNDA:0,_ZNSt8__detail20_Prime_rehash_policy8_M_resetEm
FNDA:4,_ZNSt8__detail9_Map_baseINSt7__cxx1112basic_stringIcSt11char_traitsIcESaIcEEESt4pairIKS6_iESaIS9_ENS_10_Select1stESt8equal_toIS6_ESt4hashIS6_ENS_18_Mod_range_hashingENS_20_Default_ranged_hashENS_20_Prime_rehash_policyENS_17_Hashtable_traitsILb1ELb0ELb1EEELb1EEC2Ev
FNDA:48,_ZNSt8__detail9_Map_baseINSt7__cxx1112basic_stringIcSt11char_traitsIcESaIcEEESt4pairIKS6_iESaIS9_ENS_10_Select1stESt8equal_toIS6_ESt4hashIS6_ENS_18_Mod_range_hashingENS_20_Default_ranged_hashENS_20_Prime_rehash_policyENS_17_Hashtable_traitsILb1ELb0ELb1EEELb1EEixERS8_
FNDA:4,_ZNSt8__detail12_Insert_baseINSt7__cxx1112basic_stringIcSt11char_traitsIcESaIcEEESt4pairIKS6_iESaIS9_ENS_10_Select1stESt8equal_toIS6_ESt4hashIS6_ENS_18_Mod_range_hashingENS_20_Default_ranged_hashENS_20_Prime_rehash_policyENS_17_Hashtable_traitsILb1ELb0ELb1EEEEC2Ev
FNDA:4,_ZNSt8__detail7_InsertINSt7__cxx1112basic_stringIcSt11char_traitsIcESaIcEEESt4pairIKS6_iESaIS9_ENS_10_Select1stESt8equal_toIS6_ESt4hashIS6_ENS_18_Mod_range_hashingENS_20_Default_ranged_hashENS_20_Prime_rehash_policyENS_17_Hashtable_traitsILb1ELb0ELb1EEELb0ELb1EEC2Ev
FNDA:4,_ZNSt8__detail12_Rehash_baseINSt7__cxx1112basic_stringIcSt11char_traitsIcESaIcEEESt4pairIKS6_iESaIS9_ENS_10_Select1stESt8equal_toIS6_ESt4hashIS6_ENS_18_Mod_range_hashingENS_20_Default_ranged_hashENS_20_Prime_rehash_policyENS_17_Hashtable_traitsILb1ELb0ELb1EEEEC2Ev
FNDA:4,_ZNSt8__detail21_Hashtable_ebo_helperILi0ESaINS_10_Hash_nodeISt4pairIKNSt7__cxx1112basic_stringIcSt11char_traitsIcESaIcEEEiELb1EEEELb1EED2Ev
FNDA:4,_ZNSt8__detail21_Hashtable_ebo_helperILi0ESaINS_10_Hash_nodeISt4pairIKNSt7__cxx1112basic_stringIcSt11char_traitsIcESaIcEEEiELb1EEEELb1EEC2Ev
FNDA:4,_ZNSt8__detail21_Hashtable_ebo_helperILi0ESt8equal_toINSt7__cxx1112basic_stringIcSt11char_traitsIcESaIcEEEELb1EEC2Ev
FNDA:4,_ZNSt8__detail21_Hashtable_ebo_helperILi2ENS_18_Mod_range_hashingELb1EEC2Ev
FNDA:4,_ZNSt8__detail21_Hashtable_ebo_helperILi1ESt4hashINSt7__cxx1112basic_stringIcSt11char_traitsIcESaIcEEEELb1EEC2Ev
FNDA:4,_ZNSt8__detail21_Hashtable_ebo_helperILi0ENS_10_Select1stELb1EEC2Ev
FNDA:236,_ZNSt8__detail21_Hashtable_ebo_helperILi2ENS_18_Mod_range_hashingELb1EE7_S_cgetERKS2_
FNDA:32,_ZNSt8__detail21_Hashtable_ebo_helperILi0ENS_10_Select1stELb1EE7_S_cgetERKS2_
FNDA:32,_ZNSt8__detail21_Hashtable_ebo_helperILi0ESt8equal_toINSt7__cxx1112basic_stringIcSt11char_traitsIcESaIcEEEELb1EE7_S_cgetERKS9_
FNDA:96,_ZNSt8__detail21_Hashtable_ebo_helperILi1ESt4hashINSt7__cxx1112basic_stringIcSt11char_traitsIcESaIcEEEELb1EE7_S_cgetERKS9_
FNDA:16,_ZNSt8__detail21_Hashtable_ebo_helperILi0ENS_10_Select1stELb1EE6_S_getERS2_
FNDA:224,_ZNSt8__detail21_Hashtable_ebo_helperILi0ESaINS_10_Hash_nodeISt4pairIKNSt7__cxx1112basic_stringIcSt11char_traitsIcESaIcEEEiELb1EEEELb1EE6_S_getERSD_
FNDA:4,_ZNSt8__detail15_Hash_code_baseINSt7__cxx1112basic_stringIcSt11char_traitsIcESaIcEEESt4pairIKS6_iENS_10_Select1stESt4hashIS6_ENS_18_Mod_range_hashingENS_20_Default_ranged_hashELb1EEC2Ev
FNDA:96,_ZNKSt8__detail15_Hash_code_baseINSt7__cxx1112basic_stringIcSt11char_traitsIcESaIcEEESt4pairIKS6_iENS_10_Select1stESt4hashIS6_ENS_18_Mod_range_hashingENS_20_Default_ranged_hashELb1EE12_M_hash_codeERS8_
FNDA:112,_ZNKSt8__detail15_Hash_code_baseINSt7__cxx1112basic_stringIcSt11char_traitsIcESaIcEEESt4pairIKS6_iENS_10_Select1stESt4hashIS6_ENS_18_Mod_range_hashingENS_20_Default_ranged_hashELb1EE15_M_bucket_indexERS8_mm
FNDA:124,_ZNKSt8__detail15_Hash_code_baseINSt7__cxx1112basic_stringIcSt11char_traitsIcESaIcEEESt4pairIKS6_iENS_10_Select1stESt4hashIS6_ENS_18_Mod_range_hashingENS_20_Default_ranged_hashELb1EE15_M_bucket_indexEPKNS_10_Hash_nodeIS9_Lb1EEEm
FNDA:48,_ZNKSt8__detail15_Hash_code_baseINSt7__cxx1112basic_stringIcSt11char_traitsIcESaIcEEESt4pairIKS6_iENS_10_Select1stESt4hashIS6_ENS_18_Mod_range_hashingENS_20_Default_ranged_hashELb1EE13_M_store_codeEPNS_10_Hash_nodeIS9_Lb1EEEm
FNDA:32,_ZNKSt8__detail15_Hash_code_baseINSt7__cxx1112basic_stringIcSt11char_traitsIcESaIcEEESt4pairIKS6_iENS_10_Select1stESt4hashIS6_ENS_18_Mod_range_hashingENS_20_Default_ranged_hashELb1EE10_M_extractEv
FNDA:16,_ZNSt8__detail15_Hash_code_baseINSt7__cxx1112basic_stringIcSt11char_traitsIcESaIcEEESt4pairIKS6_iENS_10_Select1stESt4hashIS6_ENS_18_Mod_range_hashingENS_20_Default_ranged_hashELb1EE10_M_extractEv
FNDA:96,_ZNKSt8__detail15_Hash_code_baseINSt7__cxx1112basic_stringIcSt11char_traitsIcESaIcEEESt4pairIKS6_iENS_10_Select1stESt4hashIS6_ENS_18_Mod_range_hashingENS_20_Default_ranged_hashELb1EE5_M_h1Ev
FNDA:236,_ZNKSt8__detail15_Hash_code_baseINSt7__cxx1112basic_stringIcSt11char_traitsIcESaIcEEESt4pairIKS6_iENS_10_Select1stESt4hashIS6_ENS_18_Mod_range_hashingENS_20_Default_ranged_hashELb1EE5_M_h2Ev
FNDA:32,_ZNSt8__detail13_Equal_helperINSt7__cxx1112basic_stringIcSt11char_traitsIcESaIcEEESt4pairIKS6_iENS_10_Select1stESt8equal_toIS6_EmLb1EE9_S_equalsERKSC_RKSA_RS8_mPNS_10_Hash_nodeIS9_Lb1EEE
FNDA:4,_ZNSt8__detail15_Hashtable_baseINSt7__cxx1112basic_stringIcSt11char_traitsIcESaIcEEESt4pairIKS6_iENS_10_Select1stESt8equal_toIS6_ESt4hashIS6_ENS_18_Mod_range_hashingENS_20_Default_ranged_hashENS_17_Hashtable_traitsILb1ELb0ELb1EEEEC2Ev
FNDA:32,_ZNKSt8__detail15_Hashtable_baseINSt7__cxx1112basic_stringIcSt11char_traitsIcESaIcEEESt4pairIKS6_iENS_10_Select1stESt8equal_toIS6_ESt4hashIS6_ENS_18_Mod_range_hashingENS_20_Default_ranged_hashENS_17_Hashtable_traitsILb1ELb0ELb1EEEE9_M_equalsERS8_mPNS_10_Hash_nodeIS9_Lb1EEE
FNDA:32,_ZNKSt8__detail15_Hashtable_baseINSt7__cxx1112basic_stringIcSt11char_traitsIcESaIcEEESt4pairIKS6_iENS_10_Select1stESt8equal_toIS6_ESt4hashIS6_ENS_18_Mod_range_hashingENS_20_Default_ranged_hashENS_17_Hashtable_traitsILb1ELb0ELb1EEEE5_M_eqEv
FNDA:4,_ZNSt8__detail9_EqualityINSt7__cxx1112basic_stringIcSt11char_traitsIcESaIcEEESt4pairIKS6_iESaIS9_ENS_10_Select1stESt8equal_toIS6_ESt4hashIS6_ENS_18_Mod_range_hashingENS_20_Default_ranged_hashENS_20_Prime_rehash_policyENS_17_Hashtable_traitsILb1ELb0ELb1EEELb1EEC2Ev
FNDA:4,_ZNSt8__detail16_Hashtable_allocISaINS_10_Hash_nodeISt4pairIKNSt7__cxx1112basic_stringIcSt11char_traitsIcESaIcEEEiELb1EEEEED2Ev
FNDA:4,_ZNSt8__detail16_Hashtable_allocISaINS_10_Hash_nodeISt4pairIKNSt7__cxx1112basic_stringIcSt11char_traitsIcESaIcEEEiELb1EEEEEC2Ev
FNDA:224,_ZNSt8__detail16_Hashtable_allocISaINS_10_Hash_nodeISt4pairIKNSt7__cxx1112basic_stringIcSt11char_traitsIcESaIcEEEiELb1EEEEE17_M_node_allocatorEv
FNDA:48,_ZNSt8__detail16_Hashtable_allocISaINS_10_Hash_nodeISt4pairIKNSt7__cxx1112basic_stringIcSt11char_traitsIcESaIcEEEiELb1EEEEE16_M_allocate_nodeIJRKSt21piecewise_construct_tSt5tupleIJRS9_EESI_IJEEEEEPSB_DpOT_
FNDA:48,_ZNSt8__detail16_Hashtable_allocISaINS_10_Hash_nodeISt4pairIKNSt7__cxx1112basic_stringIcSt11char_traitsIcESaIcEEEiELb1EEEEE18_M_deallocate_nodeEPSB_
FNDA:4,_ZNSt8__detail16_Hashtable_allocISaINS_10_Hash_nodeISt4pairIKNSt7__cxx1112basic_stringIcSt11char_traitsIcESaIcEEEiELb1EEEEE19_M_deallocate_nodesEPSB_
FNDA:16,_ZNSt8__detail16_Hashtable_allocISaINS_10_Hash_nodeISt4pairIKNSt7__cxx1112basic_stringIcSt11char_traitsIcESaIcEEEiELb1EEEEE19_M_allocate_bucketsEm
FNDA:16,_ZNSt8__detail16_Hashtable_allocISaINS_10_Hash_nodeISt4pairIKNSt7__cxx1112basic_stringIcSt11char_traitsIcESaIcEEEiELb1EEEEE21_M_deallocate_bucketsEPPNS_15_Hash_node_baseEm
FNF:55
FNH:54
DA:96,4
DA:100,16
DA:102,16
DA:231,52
DA:242,48
DA:249,160
DA:250,160
DA:257,16
DA:258,16
DA:277,48
DA:282,172
DA:283,172
DA:307,48
DA:308,48
DA:353,48
DA:354,48
DA:361,48
DA:362,48
DA:437,4
DA:444,236
DA:446,236
DA:460,4
DA:461,4
DA:487,48
DA:488,48
DA:495,0
DA:496,0
DA:545,4
DA:585,48
DA:590,48
DA:591,48
DA:592,48
DA:593,48
DA:595,48
DA:597,48
DA:600,48
DA:603,0
DA:678,4
DA:871,4
DA:932,4
DA:973,4
DA:976,20
DA:984,396
DA:985,396
DA:988,240
[...]
FN:79,_ZN9__gnu_cxx13new_allocatorIN8wordList9wordSidesEEC2Ev
FN:79,_ZN9__gnu_cxx13new_allocatorIPNSt8__detail15_Hash_node_baseEEC2Ev
FN:79,_ZN9__gnu_cxx13new_allocatorISt6vectorIN8wordList9wordSidesESaIS3_EEEC2Ev
FN:79,_ZN9__gnu_cxx13new_allocatorISt6vectorINSt7__cxx1112basic_stringIcSt11char_traitsIcESaIcEEESaIS7_EEEC2Ev
FN:79,_ZN9__gnu_cxx13new_allocatorISt4pairIKNSt7__cxx1112basic_stringIcSt11char_traitsIcESaIcEEEiEEC2Ev
FN:79,_ZN9__gnu_cxx13new_allocatorINSt8__detail10_Hash_nodeISt4pairIKNSt7__cxx1112basic_stringIcSt11char_traitsIcESaIcEEEiELb1EEEEC2Ev
FN:79,_ZN9__gnu_cxx13new_allocatorINSt7__cxx1112basic_stringIcSt11char_traitsIcESaIcEEEEC2Ev
FN:81,_ZN9__gnu_cxx13new_allocatorIN8wordList9wordSidesEEC2ERKS3_
FN:81,_ZN9__gnu_cxx13new_allocatorINSt7__cxx1112basic_stringIcSt11char_traitsIcESaIcEEEEC2ERKS7_
FN:86,_ZN9__gnu_cxx13new_allocatorISt6vectorINSt7__cxx1112basic_stringIcSt11char_traitsIcESaIcEEESaIS7_EEED2Ev
FN:86,_ZN9__gnu_cxx13new_allocatorINSt8__detail10_Hash_nodeISt4pairIKNSt7__cxx1112basic_stringIcSt11char_traitsIcESaIcEEEiELb1EEEED2Ev
FN:86,_ZN9__gnu_cxx13new_allocatorIN8wordList9wordSidesEED2Ev
FN:86,_ZN9__gnu_cxx13new_allocatorISt4pairIKNSt7__cxx1112basic_stringIcSt11char_traitsIcESaIcEEEiEED2Ev
FN:86,_ZN9__gnu_cxx13new_allocatorINSt7__cxx1112basic_stringIcSt11char_traitsIcESaIcEEEED2Ev
FN:86,_ZN9__gnu_cxx13new_allocatorISt6vectorIN8wordList9wordSidesESaIS3_EEED2Ev
FN:86,_ZN9__gnu_cxx13new_allocatorIPNSt8__detail15_Hash_node_baseEED2Ev
FN:99,_ZN9__gnu_cxx13new_allocatorIPNSt8__detail15_Hash_node_baseEE8allocateEmPKv
FN:99,_ZN9__gnu_cxx13new_allocatorINSt7__cxx1112basic_stringIcSt11char_traitsIcESaIcEEEE8allocateEmPKv
FN:99,_ZN9__gnu_cxx13new_allocatorISt6vectorINSt7__cxx1112basic_stringIcSt11char_traitsIcESaIcEEESaIS7_EEE8allocateEmPKv
FN:99,_ZN9__gnu_cxx13new_allocatorIN8wordList9wordSidesEE8allocateEmPKv
FN:99,_ZN9__gnu_cxx13new_allocatorISt6vectorIN8wordList9wordSidesESaIS3_EEE8allocateEmPKv
FN:99,_ZN9__gnu_cxx13new_allocatorINSt8__detail10_Hash_nodeISt4pairIKNSt7__cxx1112basic_stringIcSt11char_traitsIcESaIcEEEiELb1EEEE8allocateEmPKv
FN:109,_ZN9__gnu_cxx13new_allocatorISt6vectorIN8wordList9wordSidesESaIS3_EEE10deallocateEPS5_m
FN:109,_ZN9__gnu_cxx13new_allocatorIN8wordList9wordSidesEE10deallocateEPS2_m
FN:109,_ZN9__gnu_cxx13new_allocatorINSt7__cxx1112basic_stringIcSt11char_traitsIcESaIcEEEE10deallocateEPS6_m
FN:109,_ZN9__gnu_cxx13new_allocatorIPNSt8__detail15_Hash_node_baseEE10deallocateEPS3_m
FN:109,_ZN9__gnu_cxx13new_allocatorINSt8__detail10_Hash_nodeISt4pairIKNSt7__cxx1112basic_stringIcSt11char_traitsIcESaIcEEEiELb1EEEE10deallocateEPSC_m
FN:109,_ZN9__gnu_cxx13new_allocatorISt6vectorINSt7__cxx1112basic_stringIcSt11char_traitsIcESaIcEEESaIS7_EEE10deallocateEPS9_m
FN:113,_ZNK9__gnu_cxx13new_allocatorINSt8__detail10_Hash_nodeISt4pairIKNSt7__cxx1112basic_stringIcSt11char_traitsIcESaIcEEEiELb1EEEE8max_sizeEv
FN:113,_ZNK9__gnu_cxx13new_allocatorISt6vectorIN8wordList9wordSidesESaIS3_EEE8max_sizeEv
FN:113,_ZNK9__gnu_cxx13new_allocatorINSt7__cxx1112basic_stringIcSt11char_traitsIcESaIcEEEE8max_sizeEv
FN:113,_ZNK9__gnu_cxx13new_allocatorIN8wordList9wordSidesEE8max_sizeEv
FN:113,_ZNK9__gnu_cxx13new_allocatorISt6vectorINSt7__cxx1112basic_stringIcSt11char_traitsIcESaIcEEESaIS7_EEE8max_sizeEv
FN:113,_ZNK9__gnu_cxx13new_allocatorIPNSt8__detail15_Hash_node_baseEE8max_sizeEv
FN:119,_ZN9__gnu_cxx13new_allocatorIN8wordList9wordSidesEE9constructIS2_JRKS2_EEEvPT_DpOT0_
FN:119,_ZN9__gnu_cxx13new_allocatorISt6vectorINSt7__cxx1112basic_stringIcSt11char_traitsIcESaIcEEESaIS7_EEE9constructIS9_JRKS9_EEEvPT_DpOT0_
FN:119,_ZN9__gnu_cxx13new_allocatorINSt7__cxx1112basic_stringIcSt11char_traitsIcESaIcEEEE9constructIS6_JRKS6_EEEvPT_DpOT0_
FN:119,_ZN9__gnu_cxx13new_allocatorINSt7__cxx1112basic_stringIcSt11char_traitsIcESaIcEEEE9constructIS6_JS6_EEEvPT_DpOT0_
FN:119,_ZN9__gnu_cxx13new_allocatorISt6vectorIN8wordList9wordSidesESaIS3_EEE9constructIS5_JRKS5_EEEvPT_DpOT0_
FN:119,_ZN9__gnu_cxx13new_allocatorISt4pairIKNSt7__cxx1112basic_stringIcSt11char_traitsIcESaIcEEEiEE9constructIS9_JRKSt21piecewise_construct_tSt5tupleIJRS8_EESF_IJEEEEEvPT_DpOT0_
FN:124,_ZN9__gnu_cxx13new_allocatorINSt7__cxx1112basic_stringIcSt11char_traitsIcESaIcEEEE7destroyIS6_EEvPT_
FN:124,_ZN9__gnu_cxx13new_allocatorISt4pairIKNSt7__cxx1112basic_stringIcSt11char_traitsIcESaIcEEEiEE7destroyIS9_EEvPT_
FN:124,_ZN9__gnu_cxx13new_allocatorIN8wordList9wordSidesEE7destroyIS2_EEvPT_
FN:124,_ZN9__gnu_cxx13new_allocatorISt6vectorIN8wordList9wordSidesESaIS3_EEE7destroyIS5_EEvPT_
FN:124,_ZN9__gnu_cxx13new_allocatorISt6vectorINSt7__cxx1112basic_stringIcSt11char_traitsIcESaIcEEESaIS7_EEE7destroyIS9_EEvPT_
FNDA:32,_ZN9__gnu_cxx13new_allocatorIPNSt8__detail15_Hash_node_baseEEC2Ev
FNDA:96,_ZN9__gnu_cxx13new_allocatorISt4pairIKNSt7__cxx1112basic_stringIcSt11char_traitsIcESaIcEEEiEEC2Ev
FNDA:2,_ZN9__gnu_cxx13new_allocatorISt6vectorINSt7__cxx1112basic_stringIcSt11char_traitsIcESaIcEEESaIS7_EEEC2Ev
FNDA:1,_ZN9__gnu_cxx13new_allocatorISt6vectorIN8wordList9wordSidesESaIS3_EEEC2Ev
FNDA:2,_ZN9__gnu_cxx13new_allocatorIN8wordList9wordSidesEEC2Ev
FNDA:684,_ZN9__gnu_cxx13new_allocatorINSt7__cxx1112basic_stringIcSt11char_traitsIcESaIcEEEEC2Ev
FNDA:4,_ZN9__gnu_cxx13new_allocatorINSt8__detail10_Hash_nodeISt4pairIKNSt7__cxx1112basic_stringIcSt11char_traitsIcESaIcEEEiELb1EEEEC2Ev
FNDA:179,_ZN9__gnu_cxx13new_allocatorIN8wordList9wordSidesEEC2ERKS3_
FNDA:94,_ZN9__gnu_cxx13new_allocatorINSt7__cxx1112basic_stringIcSt11char_traitsIcESaIcEEEEC2ERKS7_
FNDA:32,_ZN9__gnu_cxx13new_allocatorIPNSt8__detail15_Hash_node_baseEED2Ev
FNDA:96,_ZN9__gnu_cxx13new_allocatorISt4pairIKNSt7__cxx1112basic_stringIcSt11char_traitsIcESaIcEEEiEED2Ev
FNDA:1,_ZN9__gnu_cxx13new_allocatorISt6vectorINSt7__cxx1112basic_stringIcSt11char_traitsIcESaIcEEESaIS7_EEED2Ev
FNDA:0,_ZN9__gnu_cxx13new_allocatorISt6vectorIN8wordList9wordSidesESaIS3_EEED2Ev
FNDA:167,_ZN9__gnu_cxx13new_allocatorIN8wordList9wordSidesEED2Ev
FNDA:84,_ZN9__gnu_cxx13new_allocatorINSt7__cxx1112basic_stringIcSt11char_traitsIcESaIcEEEED2Ev
FNDA:4,_ZN9__gnu_cxx13new_allocatorINSt8__detail10_Hash_nodeISt4pairIKNSt7__cxx1112basic_stringIcSt11char_traitsIcESaIcEEEiELb1EEEED2Ev
FNDA:16,_ZN9__gnu_cxx13new_allocatorIPNSt8__detail15_Hash_node_baseEE8allocateEmPKv
FNDA:10,_ZN9__gnu_cxx13new_allocatorISt6vectorINSt7__cxx1112basic_stringIcSt11char_traitsIcESaIcEEESaIS7_EEE8allocateEmPKv
FNDA:5,_ZN9__gnu_cxx13new_allocatorISt6vectorIN8wordList9wordSidesESaIS3_EEE8allocateEmPKv
FNDA:88,_ZN9__gnu_cxx13new_allocatorIN8wordList9wordSidesEE8allocateEmPKv
FNDA:48,_ZN9__gnu_cxx13new_allocatorINSt8__detail10_Hash_nodeISt4pairIKNSt7__cxx1112basic_stringIcSt11char_traitsIcESaIcEEEiELb1EEEE8allocateEmPKv
FNDA:76,_ZN9__gnu_cxx13new_allocatorINSt7__cxx1112basic_stringIcSt11char_traitsIcESaIcEEEE8allocateEmPKv
FNDA:16,_ZN9__gnu_cxx13new_allocatorIPNSt8__detail15_Hash_node_baseEE10deallocateEPS3_m
FNDA:48,_ZN9__gnu_cxx13new_allocatorINSt8__detail10_Hash_nodeISt4pairIKNSt7__cxx1112basic_stringIcSt11char_traitsIcESaIcEEEiELb1EEEE10deallocateEPSC_m
FNDA:9,_ZN9__gnu_cxx13new_allocatorISt6vectorINSt7__cxx1112basic_stringIcSt11char_traitsIcESaIcEEESaIS7_EEE10deallocateEPS9_m
FNDA:4,_ZN9__gnu_cxx13new_allocatorISt6vectorIN8wordList9wordSidesESaIS3_EEE10deallocateEPS5_m
FNDA:47,_ZN9__gnu_cxx13new_allocatorINSt7__cxx1112basic_stringIcSt11char_traitsIcESaIcEEEE10deallocateEPS6_m
FNDA:74,_ZN9__gnu_cxx13new_allocatorIN8wordList9wordSidesEE10deallocateEPS2_m
FNDA:16,_ZNK9__gnu_cxx13new_allocatorIPNSt8__detail15_Hash_node_baseEE8max_sizeEv
FNDA:30,_ZNK9__gnu_cxx13new_allocatorISt6vectorINSt7__cxx1112basic_stringIcSt11char_traitsIcESaIcEEESaIS7_EEE8max_sizeEv
FNDA:15,_ZNK9__gnu_cxx13new_allocatorISt6vectorIN8wordList9wordSidesESaIS3_EEE8max_sizeEv
FNDA:96,_ZNK9__gnu_cxx13new_allocatorIN8wordList9wordSidesEE8max_sizeEv
FNDA:48,_ZNK9__gnu_cxx13new_allocatorINSt8__detail10_Hash_nodeISt4pairIKNSt7__cxx1112basic_stringIcSt11char_traitsIcESaIcEEEiELb1EEEE8max_sizeEv
FNDA:164,_ZNK9__gnu_cxx13new_allocatorINSt7__cxx1112basic_stringIcSt11char_traitsIcESaIcEEEE8max_sizeEv
FNDA:48,_ZN9__gnu_cxx13new_allocatorISt4pairIKNSt7__cxx1112basic_stringIcSt11char_traitsIcESaIcEEEiEE9constructIS9_JRKSt21piecewise_construct_tSt5tupleIJRS8_EESF_IJEEEEEvPT_DpOT0_
FNDA:52,_ZN9__gnu_cxx13new_allocatorINSt7__cxx1112basic_stringIcSt11char_traitsIcESaIcEEEE9constructIS6_JS6_EEEvPT_DpOT0_
FNDA:32,_ZN9__gnu_cxx13new_allocatorISt6vectorINSt7__cxx1112basic_stringIcSt11char_traitsIcESaIcEEESaIS7_EEE9constructIS9_JRKS9_EEEvPT_DpOT0_
FNDA:12,_ZN9__gnu_cxx13new_allocatorISt6vectorIN8wordList9wordSidesESaIS3_EEE9constructIS5_JRKS5_EEEvPT_DpOT0_
FNDA:128,_ZN9__gnu_cxx13new_allocatorIN8wordList9wordSidesEE9constructIS2_JRKS2_EEEvPT_DpOT0_
FNDA:173,_ZN9__gnu_cxx13new_allocatorINSt7__cxx1112basic_stringIcSt11char_traitsIcESaIcEEEE9constructIS6_JRKS6_EEEvPT_DpOT0_
FNDA:48,_ZN9__gnu_cxx13new_allocatorISt4pairIKNSt7__cxx1112basic_stringIcSt11char_traitsIcESaIcEEEiEE7destroyIS9_EEvPT_
FNDA:0,_ZN9__gnu_cxx13new_allocatorISt6vectorINSt7__cxx1112basic_stringIcSt11char_traitsIcESaIcEEESaIS7_EEE7destroyIS9_EEvPT_
FNDA:0,_ZN9__gnu_cxx13new_allocatorISt6vectorIN8wordList9wordSidesESaIS3_EEE7destroyIS5_EEvPT_
FNDA:128,_ZN9__gnu_cxx13new_allocatorIN8wordList9wordSidesEE7destroyIS2_EEvPT_
FNDA:110,_ZN9__gnu_cxx13new_allocatorINSt7__cxx1112basic_stringIcSt11char_traitsIcESaIcEEEE7destroyIS6_EEvPT_
FNF:45
FNH:42
DA:79,821
DA:81,273
DA:86,384
DA:99,243
DA:101,243
DA:102,0
DA:104,243
DA:109,198
DA:110,198
DA:113,369
DA:114,369
DA:119,445
DA:120,445
DA:124,286
LF:14
LH:13
end_of_record
SF:/usr/include/c++/5/ext/string_conversions.h
FN:83,_ZN9__gnu_cxx12__to_xstringINSt7__cxx1112basic_stringIcSt11char_traitsIcESaIcEEEcEET_PFiPT0_mPKS8_P13__va_list_tagEmSB_z
FNDA:4,_ZN9__gnu_cxx12__to_xstringINSt7__cxx1112basic_stringIcSt11char_traitsIcESaIcEEEcEET_PFiPT0_mPKS8_P13__va_list_tagEmSB_z
FNF:1
FNH:1
DA:83,4
DA:89,4
DA:90,4
DA:93,4
DA:95,4
DA:97,4
DA:99,4
LF:7
LH:7
end_of_record
SF:/usr/include/c++/5/ext/type_traits.h
FN:150,_ZN9__gnu_cxx17__is_null_pointerIcEEbPT_
FNDA:852,_ZN9__gnu_cxx17__is_null_pointerIcEEbPT_
FNF:1
FNH:1
DA:150,852
DA:151,852
LF:2
LH:2
end_of_record
SF:/usr/include/c++/5/iostream
DA:74,1
LF:1
LH:1
end_of_record
SF:/usr/include/c++/5/new
FN:129,_ZnwmPv
FN:135,_ZdlPvS_
FNDA:729,_ZnwmPv
FNDA:0,_ZdlPvS_
FNF:2
FNH:1
DA:129,729
DA:130,729
DA:135,0
LF:3
LH:2
end_of_record
SF:/usr/include/c++/5/tuple
FN:107,_ZNSt10_Head_baseILm0ERKNSt7__cxx1112basic_stringIcSt11char_traitsIcESaIcEEELb0EEC2ES7_
FN:142,_ZNSt10_Head_baseILm0ERKNSt7__cxx1112basic_stringIcSt11char_traitsIcESaIcEEELb0EE7_M_headERS8_
FN:347,_ZNSt11_Tuple_implILm0EJRKNSt7__cxx1112basic_stringIcSt11char_traitsIcESaIcEEEEE7_M_headERS8_
FN:356,_ZNSt11_Tuple_implILm0EJRKNSt7__cxx1112basic_stringIcSt11char_traitsIcESaIcEEEEEC2ES7_
FN:367,_ZNSt11_Tuple_implILm0EJRKNSt7__cxx1112basic_stringIcSt11char_traitsIcESaIcEEEEEC2EOS8_
FN:472,_ZNSt5tupleIJRKNSt7__cxx1112basic_stringIcSt11char_traitsIcESaIcEEEEEC2ES7_
FN:484,_ZNSt5tupleIJRKNSt7__cxx1112basic_stringIcSt11char_traitsIcESaIcEEEEEC2EOS8_
FN:821,_ZSt12__get_helperILm0ERKNSt7__cxx1112basic_stringIcSt11char_traitsIcESaIcEEEJEERT0_RSt11_Tuple_implIXT_EJS8_DpT1_EE
FN:832,_ZSt3getILm0EJRKNSt7__cxx1112basic_stringIcSt11char_traitsIcESaIcEEEEERNSt13tuple_elementIXT_ESt5tupleIJDpT0_EEE4typeERSC_
FN:1156,_ZNSt4pairIKNSt7__cxx1112basic_stringIcSt11char_traitsIcESaIcEEEiEC2IJRS6_EJEEESt21piecewise_construct_tSt5tupleIJDpT_EESB_IJDpT0_EE
FN:1168,_ZNSt4pairIKNSt7__cxx1112basic_stringIcSt11char_traitsIcESaIcEEEiEC2IJRS6_EJLm0EEJEJEEERSt5tupleIJDpT_EERSA_IJDpT1_EESt12_Index_tupleIJXspT0_EEESJ_IJXspT2_EEE
FNDA:96,_ZNSt10_Head_baseILm0ERKNSt7__cxx1112basic_stringIcSt11char_traitsIcESaIcEEELb0EEC2ES7_
FNDA:96,_ZNSt10_Head_baseILm0ERKNSt7__cxx1112basic_stringIcSt11char_traitsIcESaIcEEELb0EE7_M_headERS8_
FNDA:96,_ZNSt11_Tuple_implILm0EJRKNSt7__cxx1112basic_stringIcSt11char_traitsIcESaIcEEEEE7_M_headERS8_
FNDA:48,_ZNSt11_Tuple_implILm0EJRKNSt7__cxx1112basic_stringIcSt11char_traitsIcESaIcEEEEEC2ES7_
FNDA:48,_ZNSt11_Tuple_implILm0EJRKNSt7__cxx1112basic_stringIcSt11char_traitsIcESaIcEEEEEC2EOS8_
FNDA:48,_ZNSt5tupleIJRKNSt7__cxx1112basic_stringIcSt11char_traitsIcESaIcEEEEEC2ES7_
FNDA:48,_ZNSt5tupleIJRKNSt7__cxx1112basic_stringIcSt11char_traitsIcESaIcEEEEEC2EOS8_
FNDA:48,_ZSt12__get_helperILm0ERKNSt7__cxx1112basic_stringIcSt11char_traitsIcESaIcEEEJEERT0_RSt11_Tuple_implIXT_EJS8_DpT1_EE
FNDA:48,_ZSt3getILm0EJRKNSt7__cxx1112basic_stringIcSt11char_traitsIcESaIcEEEEERNSt13tuple_elementIXT_ESt5tupleIJDpT0_EEE4typeERSC_
FNDA:48,_ZNSt4pairIKNSt7__cxx1112basic_stringIcSt11char_traitsIcESaIcEEEiEC2IJRS6_EJEEESt21piecewise_construct_tSt5tupleIJDpT_EESB_IJDpT0_EE
FNDA:48,_ZNSt4pairIKNSt7__cxx1112basic_stringIcSt11char_traitsIcESaIcEEEiEC2IJRS6_EJLm0EEJEJEEERSt5tupleIJDpT_EERSA_IJDpT1_EESt12_Index_tupleIJXspT0_EEESJ_IJXspT2_EEE
FNF:11
FNH:11
DA:107,96
DA:108,96
DA:142,96
DA:347,96
DA:356,48
DA:357,48
DA:367,48
DA:369,48
DA:472,48
DA:473,48
DA:484,48
DA:821,48
DA:822,48
DA:832,48
DA:833,48
DA:1156,48
DA:1161,48
DA:1162,48
DA:1168,48
DA:1171,48
DA:1172,48
DA:1173,48
LF:22
LH:22
end_of_record
SF:/usr/include/c++/5/type_traits
FN:1986,_ZNSt15aligned_storageILm40ELm8EEC2Ev
FNDA:48,_ZNSt15aligned_storageILm40ELm8EEC2Ev
FNF:1
FNH:1
DA:1986,48
LF:1
LH:1
end_of_record
SF:/usr/include/c++/5/utility
FN:112,_ZNSt10__pair_getILm0EE5__getIKNSt7__cxx1112basic_stringIcSt11char_traitsIcESaIcEEEiEERT_RSt4pairIS9_T0_E
FN:147,_ZSt3getILm0EKNSt7__cxx1112basic_stringIcSt11char_traitsIcESaIcEEEiERNSt13tuple_elementIXT_ESt4pairIT0_T1_EE4typeERSB_
FNDA:16,_ZNSt10__pair_getILm0EE5__getIKNSt7__cxx1112basic_stringIcSt11char_traitsIcESaIcEEEiEERT_RSt4pairIS9_T0_E
FNDA:16,_ZSt3getILm0EKNSt7__cxx1112basic_stringIcSt11char_traitsIcESaIcEEEiERNSt13tuple_elementIXT_ESt4pairIT0_T1_EE4typeERSB_
FNF:2
FNH:2
DA:112,16
DA:113,16
DA:147,16
DA:148,16
LF:4
LH:4
end_of_record
SF:/home/godo/lab_code/WordList/GUI/src/wordlist.cpp
FN:31,_Z12outputMatrixv
FN:63,_Z7inRangec
FN:71,_ZN8wordList6filterENSt7__cxx1112basic_stringIcSt11char_traitsIcESaIcEEE
FN:108,_ZN8wordList7CompareENSt7__cxx1112basic_stringIcSt11char_traitsIcESaIcEEES5_
FN:114,_ZN8wordList12loadingWordsEv
FN:188,_ZN8wordList3DFSEic
FN:266,_ZN8wordList6outputEv
FN:280,_Z12output_printiSt6vectorIN8wordList9wordSidesESaIS1_EE
FN:301,_ZN8wordList18outputspecWordListEv
FN:344,_ZN8wordList13Find_WordListEv
FN:381,_Z4Initv
FN:398,_ZN8wordList14get_chain_wordEPcRSt6vectorINSt7__cxx1112basic_stringIcSt11char_traitsIcESaIcEEESaIS7_EEcc
FN:425,_ZN8wordList14get_chain_charEPcRSt6vectorINSt7__cxx1112basic_stringIcSt11char_traitsIcESaIcEEESaIS7_EEcc
FN:452,_ZN8wordList14get_chain_specEPciRSt6vectorIS1_INSt7__cxx1112basic_stringIcSt11char_traitsIcESaIcEEESaIS7_EESaIS9_EEcc
FN:478,_GLOBAL__sub_I__Z12outputMatrixv
FN:478,_Z41__static_initialization_and_destruction_0ii
FNDA:4,_Z12outputMatrixv
FNDA:280,_Z7inRangec
FNDA:4,_ZN8wordList6filterENSt7__cxx1112basic_stringIcSt11char_traitsIcESaIcEEE
FNDA:4,_ZN8wordList7CompareENSt7__cxx1112basic_stringIcSt11char_traitsIcESaIcEEES5_
FNDA:4,_ZN8wordList12loadingWordsEv
FNDA:207,_ZN8wordList3DFSEic
FNDA:3,_ZN8wordList6outputEv
FNDA:58,_Z12output_printiSt6vectorIN8wordList9wordSidesESaIS1_EE
FNDA:1,_ZN8wordList18outputspecWordListEv
FNDA:4,_ZN8wordList13Find_WordListEv
FNDA:4,_Z4Initv
FNDA:2,_ZN8wordList14get_chain_wordEPcRSt6vectorINSt7__cxx1112basic_stringIcSt11char_traitsIcESaIcEEESaIS7_EEcc
FNDA:1,_ZN8wordList14get_chain_charEPcRSt6vectorINSt7__cxx1112basic_stringIcSt11char_traitsIcESaIcEEESaIS7_EEcc
FNDA:1,_ZN8wordList14get_chain_specEPciRSt6vectorIS1_INSt7__cxx1112basic_stringIcSt11char_traitsIcESaIcEEESaIS7_EESaIS9_EEcc
FNDA:1,_GLOBAL__sub_I__Z12outputMatrixv
FNDA:1,_Z41__static_initialization_and_destruction_0ii
FNF:16
FNH:16
DA:31,4
DA:42,1
DA:44,1
DA:45,1
DA:46,1
DA:47,1
DA:55,1
DA:56,1
DA:58,1
DA:59,1
DA:60,1
DA:61,1
DA:63,280
DA:64,280
DA:65,232
DA:67,48
DA:71,4
DA:72,4
DA:73,4
DA:74,4
DA:75,284
DA:76,280
DA:77,232
DA:78,232
DA:79,8
DA:82,48
DA:83,48
DA:85,48
DA:88,4
DA:108,4
DA:110,4
DA:114,4
DA:115,8
DA:136,8
DA:137,52
DA:138,96
DA:139,48
DA:140,48
DA:142,48
DA:143,48
DA:148,4
DA:149,4
DA:188,207
DA:199,207
DA:200,207
DA:202,5589
DA:204,5382
DA:205,5239
DA:206,143
DA:207,7
DA:209,136
DA:211,128
DA:213,128
DA:215,128
DA:216,128
DA:218,128
DA:219,128
DA:221,128
DA:222,128
DA:226,16
DA:227,8
DA:228,8
DA:231,136
DA:239,35
DA:242,35
DA:244,35
DA:247,207
DA:248,14
DA:249,1
DA:250,1
DA:251,1
DA:252,1
DA:256,193
DA:257,15
DA:258,15
DA:259,15
DA:260,15
DA:266,3
DA:267,3
DA:269,3
DA:270,21
DA:271,18
DA:272,36
DA:273,18
DA:275,18
DA:278,3
DA:280,58
DA:281,58
DA:282,64
DA:284,48
DA:286,16
DA:287,16
DA:288,32
DA:290,42
DA:291,88
DA:292,92
DA:294,46
DA:295,46
DA:296,46
DA:297,46
DA:301,1
DA:302,1
DA:303,1
DA:304,13
DA:305,24
DA:306,12
DA:307,48
DA:308,36
DA:309,36
DA:311,12
DA:314,1
DA:315,13
DA:316,12
DA:318,12
DA:320,1
DA:344,4
DA:345,4
DA:347,81
DA:349,78
DA:353,4
DA:381,4
DA:383,4
DA:384,4
DA:385,4
DA:386,4
DA:387,4
DA:388,4
DA:389,4
DA:390,4
DA:391,4
DA:392,4
DA:393,4
DA:394,4
DA:395,4
DA:398,2
DA:400,2
DA:401,2
DA:402,2
DA:403,2
DA:404,2
DA:405,1
DA:406,1
DA:408,1
DA:409,2
DA:410,1
DA:411,1
DA:413,1
DA:415,2
DA:416,2
DA:417,2
DA:418,2
DA:420,15
DA:421,13
DA:422,2
DA:425,1
DA:427,1
DA:428,1
DA:429,1
DA:430,1
DA:431,1
DA:432,0
DA:433,0
DA:435,1
DA:436,1
DA:437,0
DA:438,0
DA:440,1
DA:442,1
DA:443,1
DA:444,1
DA:445,1
DA:447,6
DA:448,5
DA:449,1
DA:452,1
DA:454,1
DA:455,1
DA:456,1
DA:457,1
DA:458,1
DA:459,1
DA:460,0
DA:461,0
DA:463,1
DA:464,1
DA:465,0
DA:466,0
DA:468,1
DA:470,1
DA:471,1
DA:472,1
DA:473,1
DA:475,17
DA:476,16
DA:477,1
DA:478,3
LF:196
LH:188
end_of_record
SF:/home/godo/lab_code/WordList/GUI/src/wordlist.h
FN:18,_ZN8wordList4cellC2Ev
FN:18,_ZN8wordList4cellD2Ev
FN:32,_ZN8wordList11CwordMatrixD2Ev
FN:37,_ZN8wordList11CwordMatrixC2Ev
FN:41,_ZN8wordList11CwordMatrix4InitEv
FN:51,_ZN8wordList11CwordMatrix15setEstimatedMaxEcci
FN:55,_ZN8wordList11CwordMatrix12estimatedMaxEcc
FN:59,_ZN8wordList11CwordMatrix5countEcc
FN:63,_ZN8wordList11CwordMatrix7getsizeEcc
FN:67,_ZN8wordList11CwordMatrix8incCountEcc
FN:71,_ZN8wordList11CwordMatrix8incCountENSt7__cxx1112basic_stringIcSt11char_traitsIcESaIcEEE
FN:85,_ZN8wordList11CwordMatrix8decCountEcc
FN:93,_ZN8wordList11CwordMatrix8pushWordENSt7__cxx1112basic_stringIcSt11char_traitsIcESaIcEEE
FN:105,_ZN8wordList11CwordMatrix7popWordB5cxx11Ecc
FN:111,_ZN8wordList11CwordMatrix12getIncrementEcc
FN:118,_ZN8wordList11CwordMatrix5eraseB5cxx11Ecci
FN:124,_ZN8wordList11CwordMatrix6insertEccNSt7__cxx1112basic_stringIcSt11char_traitsIcESaIcEEEi
FNDA:0,_ZN8wordList4cellD2Ev
FNDA:676,_ZN8wordList4cellC2Ev
FNDA:0,_ZN8wordList11CwordMatrixD2Ev
FNDA:1,_ZN8wordList11CwordMatrixC2Ev
FNDA:5,_ZN8wordList11CwordMatrix4InitEv
FNDA:35,_ZN8wordList11CwordMatrix15setEstimatedMaxEcci
FNDA:160,_ZN8wordList11CwordMatrix12estimatedMaxEcc
FNDA:5382,_ZN8wordList11CwordMatrix5countEcc
FNDA:124,_ZN8wordList11CwordMatrix7getsizeEcc
FNDA:128,_ZN8wordList11CwordMatrix8incCountEcc
FNDA:48,_ZN8wordList11CwordMatrix8incCountENSt7__cxx1112basic_stringIcSt11char_traitsIcESaIcEEE
FNDA:128,_ZN8wordList11CwordMatrix8decCountEcc
FNDA:48,_ZN8wordList11CwordMatrix8pushWordENSt7__cxx1112basic_stringIcSt11char_traitsIcESaIcEEE
FNDA:18,_ZN8wordList11CwordMatrix7popWordB5cxx11Ecc
FNDA:128,_ZN8wordList11CwordMatrix12getIncrementEcc
FNDA:46,_ZN8wordList11CwordMatrix5eraseB5cxx11Ecci
FNDA:46,_ZN8wordList11CwordMatrix6insertEccNSt7__cxx1112basic_stringIcSt11char_traitsIcESaIcEEEi
FNF:17
FNH:15
DA:18,676
DA:32,0
DA:37,1
DA:38,1
DA:39,1
DA:41,5
DA:42,135
DA:43,3510
DA:44,3380
DA:45,3380
DA:46,3380
DA:49,5
DA:51,35
DA:52,35
DA:53,35
DA:55,160
DA:56,160
DA:59,5382
DA:60,5382
DA:63,124
DA:64,124
DA:67,128
DA:68,128
DA:69,128
DA:71,48
DA:72,48
DA:73,48
DA:74,48
DA:75,48
DA:85,128
DA:86,128
DA:87,128
DA:93,48
DA:94,48
DA:95,48
DA:96,192
DA:97,192
DA:98,48
DA:105,18
DA:106,18
DA:107,18
DA:108,18
DA:111,128
DA:112,128
DA:113,256
DA:114,128
DA:115,40
DA:118,46
DA:119,46
DA:120,46
DA:121,46
DA:124,46
DA:125,46
DA:126,46
LF:54
LH:53
end_of_record
