TN:Test
SF:/usr/include/c++/5/bits/alloc_traits.h
FN:516,_ZNSt16allocator_traitsISaISt6vectorINSt7__cxx1112basic_stringIcSt11char_traitsIcESaIcEEESaIS6_EEEE10deallocateERS9_PS8_m
FN:516,_ZNSt16allocator_traitsISaINSt7__cxx1112basic_stringIcSt11char_traitsIcESaIcEEEEE10deallocateERS6_PS5_m
FNDA:16,_ZNSt16allocator_traitsISaISt6vectorINSt7__cxx1112basic_stringIcSt11char_traitsIcESaIcEEESaIS6_EEEE10deallocateERS9_PS8_m
FNDA:60,_ZNSt16allocator_traitsISaINSt7__cxx1112basic_stringIcSt11char_traitsIcESaIcEEEEE10deallocateERS6_PS5_m
FNF:2
FNH:2
DA:516,76
DA:517,76
LF:2
LH:2
end_of_record
SF:/usr/include/c++/5/bits/allocator.h
FN:113,_ZNSaISt6vectorINSt7__cxx1112basic_stringIcSt11char_traitsIcESaIcEEESaIS5_EEEC2Ev
FN:113,_ZNSaINSt7__cxx1112basic_stringIcSt11char_traitsIcESaIcEEEEC2Ev
FN:121,_ZNSaINSt7__cxx1112basic_stringIcSt11char_traitsIcESaIcEEEED2Ev
FN:121,_ZNSaISt6vectorINSt7__cxx1112basic_stringIcSt11char_traitsIcESaIcEEESaIS5_EEED2Ev
FNDA:4,_ZNSaISt6vectorINSt7__cxx1112basic_stringIcSt11char_traitsIcESaIcEEESaIS5_EEEC2Ev
FNDA:1368,_ZNSaINSt7__cxx1112basic_stringIcSt11char_traitsIcESaIcEEEEC2Ev
FNDA:0,_ZNSaISt6vectorINSt7__cxx1112basic_stringIcSt11char_traitsIcESaIcEEESaIS5_EEED2Ev
FNDA:70,_ZNSaINSt7__cxx1112basic_stringIcSt11char_traitsIcESaIcEEEED2Ev
FNF:4
FNH:3
DA:113,1372
DA:121,70
LF:2
LH:2
end_of_record
SF:/usr/include/c++/5/bits/ios_base.h
FN:129,_ZStorSt13_Ios_OpenmodeS_
FNDA:108,_ZStorSt13_Ios_OpenmodeS_
FNF:1
FNH:1
DA:129,108
DA:130,108
LF:2
LH:2
end_of_record
SF:/usr/include/c++/5/bits/move.h
FN:47,_ZSt11__addressofISt6vectorINSt7__cxx1112basic_stringIcSt11char_traitsIcESaIcEEESaIS6_EEEPT_RS9_
FN:47,_ZSt11__addressofINSt7__cxx1112basic_stringIcSt11char_traitsIcESaIcEEEEPT_RS6_
FNDA:120,_ZSt11__addressofISt6vectorINSt7__cxx1112basic_stringIcSt11char_traitsIcESaIcEEESaIS6_EEEPT_RS9_
FNDA:710,_ZSt11__addressofINSt7__cxx1112basic_stringIcSt11char_traitsIcESaIcEEEEPT_RS6_
FNF:2
FNH:2
DA:47,830
DA:50,830
LF:2
LH:2
end_of_record
SF:/usr/include/c++/5/bits/stl_construct.h
FN:92,_ZSt8_DestroyISt6vectorINSt7__cxx1112basic_stringIcSt11char_traitsIcESaIcEEESaIS6_EEEvPT_
FN:92,_ZSt8_DestroyINSt7__cxx1112basic_stringIcSt11char_traitsIcESaIcEEEEvPT_
FN:100,_ZNSt12_Destroy_auxILb0EE9__destroyIPNSt7__cxx1112basic_stringIcSt11char_traitsIcESaIcEEEEEvT_S9_
FN:100,_ZNSt12_Destroy_auxILb0EE9__destroyIPSt6vectorINSt7__cxx1112basic_stringIcSt11char_traitsIcESaIcEEESaIS8_EEEEvT_SC_
FN:122,_ZSt8_DestroyIPNSt7__cxx1112basic_stringIcSt11char_traitsIcESaIcEEEEvT_S7_
FN:122,_ZSt8_DestroyIPSt6vectorINSt7__cxx1112basic_stringIcSt11char_traitsIcESaIcEEESaIS6_EEEvT_SA_
FN:148,_ZSt8_DestroyIPSt6vectorINSt7__cxx1112basic_stringIcSt11char_traitsIcESaIcEEESaIS6_EES8_EvT_SA_RSaIT0_E
FN:148,_ZSt8_DestroyIPNSt7__cxx1112basic_stringIcSt11char_traitsIcESaIcEEES5_EvT_S7_RSaIT0_E
FNDA:60,_ZSt8_DestroyISt6vectorINSt7__cxx1112basic_stringIcSt11char_traitsIcESaIcEEESaIS6_EEEvPT_
FNDA:362,_ZSt8_DestroyINSt7__cxx1112basic_stringIcSt11char_traitsIcESaIcEEEEvPT_
FNDA:28,_ZNSt12_Destroy_auxILb0EE9__destroyIPSt6vectorINSt7__cxx1112basic_stringIcSt11char_traitsIcESaIcEEESaIS8_EEEEvT_SC_
FNDA:6942,_ZNSt12_Destroy_auxILb0EE9__destroyIPNSt7__cxx1112basic_stringIcSt11char_traitsIcESaIcEEEEEvT_S9_
FNDA:28,_ZSt8_DestroyIPSt6vectorINSt7__cxx1112basic_stringIcSt11char_traitsIcESaIcEEESaIS6_EEEvT_SA_
FNDA:6942,_ZSt8_DestroyIPNSt7__cxx1112basic_stringIcSt11char_traitsIcESaIcEEEEvT_S7_
FNDA:28,_ZSt8_DestroyIPSt6vectorINSt7__cxx1112basic_stringIcSt11char_traitsIcESaIcEEESaIS6_EES8_EvT_SA_RSaIT0_E
FNDA:6942,_ZSt8_DestroyIPNSt7__cxx1112basic_stringIcSt11char_traitsIcESaIcEEES5_EvT_S7_RSaIT0_E
FNF:8
FNH:8
DA:92,422
DA:93,422
DA:100,7392
DA:102,7814
DA:103,422
DA:104,6970
DA:122,6970
DA:126,6970
DA:128,6970
DA:148,6970
DA:151,6970
DA:152,6970
LF:12
LH:12
end_of_record
SF:/usr/include/c++/5/bits/stl_iterator.h
FN:740,_ZN9__gnu_cxx17__normal_iteratorIPSt6vectorINSt7__cxx1112basic_stringIcSt11char_traitsIcESaIcEEESaIS7_EES1_IS9_SaIS9_EEEC2ERKSA_
FN:757,_ZNK9__gnu_cxx17__normal_iteratorIPSt6vectorINSt7__cxx1112basic_stringIcSt11char_traitsIcESaIcEEESaIS7_EES1_IS9_SaIS9_EEEptEv
FN:768,_ZN9__gnu_cxx17__normal_iteratorIPSt6vectorINSt7__cxx1112basic_stringIcSt11char_traitsIcESaIcEEESaIS7_EES1_IS9_SaIS9_EEEppEi
FN:805,_ZNK9__gnu_cxx17__normal_iteratorIPSt6vectorINSt7__cxx1112basic_stringIcSt11char_traitsIcESaIcEEESaIS7_EES1_IS9_SaIS9_EEE4baseEv
FN:841,_ZN9__gnu_cxxneIPSt6vectorINSt7__cxx1112basic_stringIcSt11char_traitsIcESaIcEEESaIS7_EES1_IS9_SaIS9_EEEEbRKNS_17__normal_iteratorIT_T0_EESI_
FNDA:136,_ZN9__gnu_cxx17__normal_iteratorIPSt6vectorINSt7__cxx1112basic_stringIcSt11char_traitsIcESaIcEEESaIS7_EES1_IS9_SaIS9_EEEC2ERKSA_
FNDA:32,_ZNK9__gnu_cxx17__normal_iteratorIPSt6vectorINSt7__cxx1112basic_stringIcSt11char_traitsIcESaIcEEESaIS7_EES1_IS9_SaIS9_EEEptEv
FNDA:64,_ZN9__gnu_cxx17__normal_iteratorIPSt6vectorINSt7__cxx1112basic_stringIcSt11char_traitsIcESaIcEEESaIS7_EES1_IS9_SaIS9_EEEppEi
FNDA:136,_ZNK9__gnu_cxx17__normal_iteratorIPSt6vectorINSt7__cxx1112basic_stringIcSt11char_traitsIcESaIcEEESaIS7_EES1_IS9_SaIS9_EEE4baseEv
FNDA:68,_ZN9__gnu_cxxneIPSt6vectorINSt7__cxx1112basic_stringIcSt11char_traitsIcESaIcEEESaIS7_EES1_IS9_SaIS9_EEEEbRKNS_17__normal_iteratorIT_T0_EESI_
FNF:5
FNH:5
DA:740,136
DA:741,136
DA:757,32
DA:758,32
DA:768,64
DA:769,64
DA:805,136
DA:806,136
DA:841,68
DA:844,68
LF:10
LH:10
end_of_record
SF:/usr/include/c++/5/bits/stl_vector.h
FN:79,_ZNSt12_Vector_baseINSt7__cxx1112basic_stringIcSt11char_traitsIcESaIcEEESaIS5_EE12_Vector_implD2Ev
FN:79,_ZNSt12_Vector_baseISt6vectorINSt7__cxx1112basic_stringIcSt11char_traitsIcESaIcEEESaIS6_EESaIS8_EE12_Vector_implD2Ev
FN:86,_ZNSt12_Vector_baseINSt7__cxx1112basic_stringIcSt11char_traitsIcESaIcEEESaIS5_EE12_Vector_implC2Ev
FN:86,_ZNSt12_Vector_baseISt6vectorINSt7__cxx1112basic_stringIcSt11char_traitsIcESaIcEEESaIS6_EESaIS8_EE12_Vector_implC2Ev
FN:113,_ZNSt12_Vector_baseISt6vectorINSt7__cxx1112basic_stringIcSt11char_traitsIcESaIcEEESaIS6_EESaIS8_EE19_M_get_Tp_allocatorEv
FN:113,_ZNSt12_Vector_baseINSt7__cxx1112basic_stringIcSt11char_traitsIcESaIcEEESaIS5_EE19_M_get_Tp_allocatorEv
FN:124,_ZNSt12_Vector_baseINSt7__cxx1112basic_stringIcSt11char_traitsIcESaIcEEESaIS5_EEC2Ev
FN:124,_ZNSt12_Vector_baseISt6vectorINSt7__cxx1112basic_stringIcSt11char_traitsIcESaIcEEESaIS6_EESaIS8_EEC2Ev
FN:159,_ZNSt12_Vector_baseISt6vectorINSt7__cxx1112basic_stringIcSt11char_traitsIcESaIcEEESaIS6_EESaIS8_EED2Ev
FN:159,_ZNSt12_Vector_baseINSt7__cxx1112basic_stringIcSt11char_traitsIcESaIcEEESaIS5_EED2Ev
FN:174,_ZNSt12_Vector_baseISt6vectorINSt7__cxx1112basic_stringIcSt11char_traitsIcESaIcEEESaIS6_EESaIS8_EE13_M_deallocateEPS8_m
FN:174,_ZNSt12_Vector_baseINSt7__cxx1112basic_stringIcSt11char_traitsIcESaIcEEESaIS5_EE13_M_deallocateEPS5_m
FN:253,_ZNSt6vectorINSt7__cxx1112basic_stringIcSt11char_traitsIcESaIcEEESaIS5_EEC2Ev
FN:253,_ZNSt6vectorIS_INSt7__cxx1112basic_stringIcSt11char_traitsIcESaIcEEESaIS5_EESaIS7_EEC2Ev
FN:423,_ZNSt6vectorINSt7__cxx1112basic_stringIcSt11char_traitsIcESaIcEEESaIS5_EED2Ev
FN:423,_ZNSt6vectorIS_INSt7__cxx1112basic_stringIcSt11char_traitsIcESaIcEEESaIS5_EESaIS7_EED2Ev
FN:547,_ZNSt6vectorIS_INSt7__cxx1112basic_stringIcSt11char_traitsIcESaIcEEESaIS5_EESaIS7_EE5beginEv
FN:565,_ZNSt6vectorIS_INSt7__cxx1112basic_stringIcSt11char_traitsIcESaIcEEESaIS5_EESaIS7_EE3endEv
FN:654,_ZNKSt6vectorINSt7__cxx1112basic_stringIcSt11char_traitsIcESaIcEEESaIS5_EE4sizeEv
FN:779,_ZNSt6vectorINSt7__cxx1112basic_stringIcSt11char_traitsIcESaIcEEESaIS5_EEixEm
FN:800,_ZNKSt6vectorINSt7__cxx1112basic_stringIcSt11char_traitsIcESaIcEEESaIS5_EE14_M_range_checkEm
FN:822,_ZNSt6vectorINSt7__cxx1112basic_stringIcSt11char_traitsIcESaIcEEESaIS5_EE2atEm
FN:1211,_ZNSt6vectorINSt7__cxx1112basic_stringIcSt11char_traitsIcESaIcEEESaIS5_EE5clearEv
FN:1436,_ZNSt6vectorINSt7__cxx1112basic_stringIcSt11char_traitsIcESaIcEEESaIS5_EE15_M_erase_at_endEPS5_
FNDA:0,_ZNSt12_Vector_baseISt6vectorINSt7__cxx1112basic_stringIcSt11char_traitsIcESaIcEEESaIS6_EESaIS8_EE12_Vector_implD2Ev
FNDA:70,_ZNSt12_Vector_baseINSt7__cxx1112basic_stringIcSt11char_traitsIcESaIcEEESaIS5_EE12_Vector_implD2Ev
FNDA:4,_ZNSt12_Vector_baseISt6vectorINSt7__cxx1112basic_stringIcSt11char_traitsIcESaIcEEESaIS6_EESaIS8_EE12_Vector_implC2Ev
FNDA:1368,_ZNSt12_Vector_baseINSt7__cxx1112basic_stringIcSt11char_traitsIcESaIcEEESaIS5_EE12_Vector_implC2Ev
FNDA:48,_ZNSt12_Vector_baseISt6vectorINSt7__cxx1112basic_stringIcSt11char_traitsIcESaIcEEESaIS6_EESaIS8_EE19_M_get_Tp_allocatorEv
FNDA:7202,_ZNSt12_Vector_baseINSt7__cxx1112basic_stringIcSt11char_traitsIcESaIcEEESaIS5_EE19_M_get_Tp_allocatorEv
FNDA:4,_ZNSt12_Vector_baseISt6vectorINSt7__cxx1112basic_stringIcSt11char_traitsIcESaIcEEESaIS6_EESaIS8_EEC2Ev
FNDA:1368,_ZNSt12_Vector_baseINSt7__cxx1112basic_stringIcSt11char_traitsIcESaIcEEESaIS5_EEC2Ev
FNDA:0,_ZNSt12_Vector_baseISt6vectorINSt7__cxx1112basic_stringIcSt11char_traitsIcESaIcEEESaIS6_EESaIS8_EED2Ev
FNDA:70,_ZNSt12_Vector_baseINSt7__cxx1112basic_stringIcSt11char_traitsIcESaIcEEESaIS5_EED2Ev
FNDA:20,_ZNSt12_Vector_baseISt6vectorINSt7__cxx1112basic_stringIcSt11char_traitsIcESaIcEEESaIS6_EESaIS8_EE13_M_deallocateEPS8_m
FNDA:158,_ZNSt12_Vector_baseINSt7__cxx1112basic_stringIcSt11char_traitsIcESaIcEEESaIS5_EE13_M_deallocateEPS5_m
FNDA:4,_ZNSt6vectorIS_INSt7__cxx1112basic_stringIcSt11char_traitsIcESaIcEEESaIS5_EESaIS7_EEC2Ev
FNDA:1368,_ZNSt6vectorINSt7__cxx1112basic_stringIcSt11char_traitsIcESaIcEEESaIS5_EEC2Ev
FNDA:0,_ZNSt6vectorIS_INSt7__cxx1112basic_stringIcSt11char_traitsIcESaIcEEESaIS5_EESaIS7_EED2Ev
FNDA:70,_ZNSt6vectorINSt7__cxx1112basic_stringIcSt11char_traitsIcESaIcEEESaIS5_EED2Ev
FNDA:4,_ZNSt6vectorIS_INSt7__cxx1112basic_stringIcSt11char_traitsIcESaIcEEESaIS5_EESaIS7_EE5beginEv
FNDA:68,_ZNSt6vectorIS_INSt7__cxx1112basic_stringIcSt11char_traitsIcESaIcEEESaIS5_EESaIS7_EE3endEv
FNDA:1190,_ZNKSt6vectorINSt7__cxx1112basic_stringIcSt11char_traitsIcESaIcEEESaIS5_EE4sizeEv
FNDA:408,_ZNSt6vectorINSt7__cxx1112basic_stringIcSt11char_traitsIcESaIcEEESaIS5_EEixEm
FNDA:408,_ZNKSt6vectorINSt7__cxx1112basic_stringIcSt11char_traitsIcESaIcEEESaIS5_EE14_M_range_checkEm
FNDA:408,_ZNSt6vectorINSt7__cxx1112basic_stringIcSt11char_traitsIcESaIcEEESaIS5_EE2atEm
FNDA:6784,_ZNSt6vectorINSt7__cxx1112basic_stringIcSt11char_traitsIcESaIcEEESaIS5_EE5clearEv
FNDA:6784,_ZNSt6vectorINSt7__cxx1112basic_stringIcSt11char_traitsIcESaIcEEESaIS5_EE15_M_erase_at_endEPS5_
FNF:24
FNH:21
DA:79,70
DA:86,1372
DA:87,1372
DA:88,1372
DA:113,7250
DA:114,7250
DA:124,1372
DA:125,1372
DA:159,70
DA:160,140
DA:161,210
DA:174,178
DA:177,178
DA:178,76
DA:179,178
DA:253,1372
DA:257,1372
DA:423,70
DA:424,70
DA:425,140
DA:547,4
DA:548,4
DA:565,68
DA:566,68
DA:654,1190
DA:655,1190
DA:779,408
DA:780,408
DA:800,408
DA:802,408
DA:803,0
DA:807,408
DA:822,408
DA:824,408
DA:825,408
DA:1211,6784
DA:1212,6784
DA:1436,6784
DA:1438,6784
DA:1439,6784
DA:1440,6784
LF:41
LH:40
end_of_record
SF:/usr/include/c++/5/ext/new_allocator.h
FN:79,_ZN9__gnu_cxx13new_allocatorINSt7__cxx1112basic_stringIcSt11char_traitsIcESaIcEEEEC2Ev
FN:79,_ZN9__gnu_cxx13new_allocatorISt6vectorINSt7__cxx1112basic_stringIcSt11char_traitsIcESaIcEEESaIS7_EEEC2Ev
FN:86,_ZN9__gnu_cxx13new_allocatorISt6vectorINSt7__cxx1112basic_stringIcSt11char_traitsIcESaIcEEESaIS7_EEED2Ev
FN:86,_ZN9__gnu_cxx13new_allocatorINSt7__cxx1112basic_stringIcSt11char_traitsIcESaIcEEEED2Ev
FN:109,_ZN9__gnu_cxx13new_allocatorISt6vectorINSt7__cxx1112basic_stringIcSt11char_traitsIcESaIcEEESaIS7_EEE10deallocateEPS9_m
FN:109,_ZN9__gnu_cxx13new_allocatorINSt7__cxx1112basic_stringIcSt11char_traitsIcESaIcEEEE10deallocateEPS6_m
FNDA:4,_ZN9__gnu_cxx13new_allocatorISt6vectorINSt7__cxx1112basic_stringIcSt11char_traitsIcESaIcEEESaIS7_EEEC2Ev
FNDA:1368,_ZN9__gnu_cxx13new_allocatorINSt7__cxx1112basic_stringIcSt11char_traitsIcESaIcEEEEC2Ev
FNDA:0,_ZN9__gnu_cxx13new_allocatorISt6vectorINSt7__cxx1112basic_stringIcSt11char_traitsIcESaIcEEESaIS7_EEED2Ev
FNDA:70,_ZN9__gnu_cxx13new_allocatorINSt7__cxx1112basic_stringIcSt11char_traitsIcESaIcEEEED2Ev
FNDA:16,_ZN9__gnu_cxx13new_allocatorISt6vectorINSt7__cxx1112basic_stringIcSt11char_traitsIcESaIcEEESaIS7_EEE10deallocateEPS9_m
FNDA:60,_ZN9__gnu_cxx13new_allocatorINSt7__cxx1112basic_stringIcSt11char_traitsIcESaIcEEEE10deallocateEPS6_m
FNF:6
FNH:5
DA:79,1372
DA:86,70
DA:109,76
DA:110,76
LF:4
LH:4
end_of_record
SF:/usr/include/c++/5/iostream
DA:74,2
LF:1
LH:1
end_of_record
SF:/usr/include/gtest/gtest-message.h
FN:85,_ZN7testing7MessageD2Ev
FNDA:108,_ZN7testing7MessageD2Ev
FNF:1
FNH:1
DA:85,108
LF:1
LH:1
end_of_record
SF:/usr/include/gtest/gtest-printers.h
FN:218,_ZN16testing_internal26DefaultPrintNonContainerToImEEvRKT_PSo
FN:218,_ZN16testing_internal26DefaultPrintNonContainerToIiEEvRKT_PSo
FN:335,_ZN7testing8internal14DefaultPrintToImEEvcNS0_13bool_constantILb0EEERKT_PSo
FN:335,_ZN7testing8internal14DefaultPrintToIiEEvcNS0_13bool_constantILb0EEERKT_PSo
FN:353,_ZN7testing8internal7PrintToIiEEvRKT_PSo
FN:353,_ZN7testing8internal7PrintToImEEvRKT_PSo
FN:386,_ZN7testing8internal7PrintToEcPSo
FN:591,_ZN7testing8internal16UniversalPrinterIcE5PrintERKcPSo
FN:591,_ZN7testing8internal16UniversalPrinterIiE5PrintERKiPSo
FN:591,_ZN7testing8internal16UniversalPrinterImE5PrintERKmPSo
FN:683,_ZN7testing8internal21UniversalTersePrinterImE5PrintERKmPSo
FN:683,_ZN7testing8internal21UniversalTersePrinterIcE5PrintERKcPSo
FN:683,_ZN7testing8internal21UniversalTersePrinterIiE5PrintERKiPSo
FN:752,_ZN7testing8internal14UniversalPrintIiEEvRKT_PSo
FN:752,_ZN7testing8internal14UniversalPrintImEEvRKT_PSo
FN:752,_ZN7testing8internal14UniversalPrintIcEEvRKT_PSo
FN:847,_ZN7testing13PrintToStringIiEENSt7__cxx1112basic_stringIcSt11char_traitsIcESaIcEEERKT_
FN:847,_ZN7testing13PrintToStringIcEENSt7__cxx1112basic_stringIcSt11char_traitsIcESaIcEEERKT_
FN:847,_ZN7testing13PrintToStringImEENSt7__cxx1112basic_stringIcSt11char_traitsIcESaIcEEERKT_
FNDA:0,_ZN16testing_internal26DefaultPrintNonContainerToImEEvRKT_PSo
FNDA:0,_ZN16testing_internal26DefaultPrintNonContainerToIiEEvRKT_PSo
FNDA:0,_ZN7testing8internal14DefaultPrintToImEEvcNS0_13bool_constantILb0EEERKT_PSo
FNDA:0,_ZN7testing8internal14DefaultPrintToIiEEvcNS0_13bool_constantILb0EEERKT_PSo
FNDA:0,_ZN7testing8internal7PrintToImEEvRKT_PSo
FNDA:0,_ZN7testing8internal7PrintToIiEEvRKT_PSo
FNDA:0,_ZN7testing8internal7PrintToEcPSo
FNDA:0,_ZN7testing8internal16UniversalPrinterImE5PrintERKmPSo
FNDA:0,_ZN7testing8internal16UniversalPrinterIcE5PrintERKcPSo
FNDA:0,_ZN7testing8internal16UniversalPrinterIiE5PrintERKiPSo
FNDA:0,_ZN7testing8internal21UniversalTersePrinterImE5PrintERKmPSo
FNDA:0,_ZN7testing8internal21UniversalTersePrinterIcE5PrintERKcPSo
FNDA:0,_ZN7testing8internal21UniversalTersePrinterIiE5PrintERKiPSo
FNDA:0,_ZN7testing8internal14UniversalPrintImEEvRKT_PSo
FNDA:0,_ZN7testing8internal14UniversalPrintIcEEvRKT_PSo
FNDA:0,_ZN7testing8internal14UniversalPrintIiEEvRKT_PSo
FNDA:0,_ZN7testing13PrintToStringImEENSt7__cxx1112basic_stringIcSt11char_traitsIcESaIcEEERKT_
FNDA:0,_ZN7testing13PrintToStringIcEENSt7__cxx1112basic_stringIcSt11char_traitsIcESaIcEEERKT_
FNDA:0,_ZN7testing13PrintToStringIiEENSt7__cxx1112basic_stringIcSt11char_traitsIcESaIcEEERKT_
FNF:19
FNH:0
DA:218,0
DA:245,0
DA:246,0
DA:335,0
DA:338,0
DA:339,0
DA:353,0
DA:376,0
DA:377,0
DA:386,0
DA:390,0
DA:391,0
DA:591,0
DA:600,0
DA:601,0
DA:683,0
DA:684,0
DA:685,0
DA:752,0
DA:756,0
DA:757,0
DA:847,0
DA:848,0
DA:849,0
DA:850,0
LF:25
LH:0
end_of_record
SF:/usr/include/gtest/gtest.h
FN:256,_ZN7testing15AssertionResultD2Ev
FN:265,_ZNK7testing15AssertionResultcvbEv
FN:274,_ZNK7testing15AssertionResult7messageEv
FN:279,_ZNK7testing15AssertionResult15failure_messageEv
FN:365,_ZN7testing4Test13SetUpTestCaseEv
FN:373,_ZN7testing4Test16TearDownTestCaseEv
FN:451,_ZN7testing4Test5SetupEv
FN:1357,_ZN7testing8internal19FormatForComparisonIiiE6FormatERKi
FN:1357,_ZN7testing8internal19FormatForComparisonIccE6FormatERKc
FN:1357,_ZN7testing8internal19FormatForComparisonImiE6FormatERKm
FN:1357,_ZN7testing8internal19FormatForComparisonIimE6FormatERKi
FN:1431,_ZN7testing8internal33FormatForComparisonFailureMessageIimEENSt7__cxx1112basic_stringIcSt11char_traitsIcESaIcEEERKT_RKT0_
FN:1431,_ZN7testing8internal33FormatForComparisonFailureMessageImiEENSt7__cxx1112basic_stringIcSt11char_traitsIcESaIcEEERKT_RKT0_
FN:1431,_ZN7testing8internal33FormatForComparisonFailureMessageIiiEENSt7__cxx1112basic_stringIcSt11char_traitsIcESaIcEEERKT_RKT0_
FN:1431,_ZN7testing8internal33FormatForComparisonFailureMessageIccEENSt7__cxx1112basic_stringIcSt11char_traitsIcESaIcEEERKT_RKT0_
FN:1438,_ZN7testing8internal11CmpHelperEQImiEENS_15AssertionResultEPKcS4_RKT_RKT0_
FN:1438,_ZN7testing8internal11CmpHelperEQIiiEENS_15AssertionResultEPKcS4_RKT_RKT0_
FN:1438,_ZN7testing8internal11CmpHelperEQIccEENS_15AssertionResultEPKcS4_RKT_RKT0_
FN:1480,_ZN7testing8internal8EqHelperILb0EE7CompareImiEENS_15AssertionResultEPKcS6_RKT_RKT0_
FN:1480,_ZN7testing8internal8EqHelperILb0EE7CompareIiiEENS_15AssertionResultEPKcS6_RKT_RKT0_
FN:1480,_ZN7testing8internal8EqHelperILb0EE7CompareIccEENS_15AssertionResultEPKcS6_RKT_RKT0_
FN:2287,_Z13RUN_ALL_TESTSv
FNDA:74,_ZN7testing15AssertionResultD2Ev
FNDA:74,_ZNK7testing15AssertionResultcvbEv
FNDA:0,_ZNK7testing15AssertionResult7messageEv
FNDA:0,_ZNK7testing15AssertionResult15failure_messageEv
FNDA:8,_ZN7testing4Test13SetUpTestCaseEv
FNDA:8,_ZN7testing4Test16TearDownTestCaseEv
FNDA:0,_ZN7testing4Test5SetupEv
FNDA:0,_ZN7testing8internal19FormatForComparisonIimE6FormatERKi
FNDA:0,_ZN7testing8internal19FormatForComparisonImiE6FormatERKm
FNDA:0,_ZN7testing8internal19FormatForComparisonIccE6FormatERKc
FNDA:0,_ZN7testing8internal19FormatForComparisonIiiE6FormatERKi
FNDA:0,_ZN7testing8internal33FormatForComparisonFailureMessageIimEENSt7__cxx1112basic_stringIcSt11char_traitsIcESaIcEEERKT_RKT0_
FNDA:0,_ZN7testing8internal33FormatForComparisonFailureMessageImiEENSt7__cxx1112basic_stringIcSt11char_traitsIcESaIcEEERKT_RKT0_
FNDA:0,_ZN7testing8internal33FormatForComparisonFailureMessageIccEENSt7__cxx1112basic_stringIcSt11char_traitsIcESaIcEEERKT_RKT0_
FNDA:0,_ZN7testing8internal33FormatForComparisonFailureMessageIiiEENSt7__cxx1112basic_stringIcSt11char_traitsIcESaIcEEERKT_RKT0_
FNDA:32,_ZN7testing8internal11CmpHelperEQImiEENS_15AssertionResultEPKcS4_RKT_RKT0_
FNDA:34,_ZN7testing8internal11CmpHelperEQIccEENS_15AssertionResultEPKcS4_RKT_RKT0_
FNDA:8,_ZN7testing8internal11CmpHelperEQIiiEENS_15AssertionResultEPKcS4_RKT_RKT0_
FNDA:32,_ZN7testing8internal8EqHelperILb0EE7CompareImiEENS_15AssertionResultEPKcS6_RKT_RKT0_
FNDA:34,_ZN7testing8internal8EqHelperILb0EE7CompareIccEENS_15AssertionResultEPKcS6_RKT_RKT0_
FNDA:8,_ZN7testing8internal8EqHelperILb0EE7CompareIiiEENS_15AssertionResultEPKcS6_RKT_RKT0_
FNDA:2,_Z13RUN_ALL_TESTSv
FNF:22
FNH:11
DA:256,74
DA:265,74
DA:274,0
DA:275,0
DA:279,0
DA:365,8
DA:373,8
DA:451,0
DA:1357,0
DA:1358,0
DA:1431,0
DA:1433,0
DA:1438,74
DA:1448,74
DA:1449,74
DA:1460,0
DA:1480,74
DA:1485,74
DA:2287,2
DA:2288,2
LF:20
LH:11
end_of_record
SF:/usr/include/gtest/internal/gtest-internal.h
FN:436,_ZN7testing8internal15TestFactoryBaseD2Ev
FN:436,_ZN7testing8internal15TestFactoryBaseD0Ev
FN:443,_ZN7testing8internal15TestFactoryBaseC2Ev
FN:452,_ZN7testing8internal15TestFactoryImplI28Test1_FindMaxWordsChain_TestEC2Ev
FN:452,_ZN7testing8internal15TestFactoryImplI28Test1_FindMaxWordsChain_TestED0Ev
FN:452,_ZN7testing8internal15TestFactoryImplI28Test2_FindMaxCharsChain_TestED0Ev
FN:452,_ZN7testing8internal15TestFactoryImplI28Test2_FindMaxCharsChain_TestEC2Ev
FN:452,_ZN7testing8internal15TestFactoryImplI30Test4_FindSpecLengthChain_TestEC2Ev
FN:452,_ZN7testing8internal15TestFactoryImplI30Test4_FindSpecLengthChain_TestED0Ev
FN:452,_ZN7testing8internal15TestFactoryImplI26Test3_FindSpecHTChain_TestEC2Ev
FN:452,_ZN7testing8internal15TestFactoryImplI28Test2_FindMaxCharsChain_TestED2Ev
FN:452,_ZN7testing8internal15TestFactoryImplI28Test1_FindMaxWordsChain_TestED2Ev
FN:452,_ZN7testing8internal15TestFactoryImplI26Test3_FindSpecHTChain_TestED2Ev
FN:452,_ZN7testing8internal15TestFactoryImplI26Test3_FindSpecHTChain_TestED0Ev
FN:452,_ZN7testing8internal15TestFactoryImplI30Test4_FindSpecLengthChain_TestED2Ev
FN:454,_ZN7testing8internal15TestFactoryImplI28Test1_FindMaxWordsChain_TestE10CreateTestEv
FN:454,_ZN7testing8internal15TestFactoryImplI28Test2_FindMaxCharsChain_TestE10CreateTestEv
FN:454,_ZN7testing8internal15TestFactoryImplI30Test4_FindSpecLengthChain_TestE10CreateTestEv
FN:454,_ZN7testing8internal15TestFactoryImplI26Test3_FindSpecHTChain_TestE10CreateTestEv
FN:869,_ZN7testing8internal15IsContainerTestImEEcl
FN:869,_ZN7testing8internal15IsContainerTestIiEEcl
FNDA:0,_ZN7testing8internal15TestFactoryBaseD0Ev
FNDA:0,_ZN7testing8internal15TestFactoryBaseD2Ev
FNDA:8,_ZN7testing8internal15TestFactoryBaseC2Ev
FNDA:0,_ZN7testing8internal15TestFactoryImplI28Test1_FindMaxWordsChain_TestED0Ev
FNDA:0,_ZN7testing8internal15TestFactoryImplI28Test1_FindMaxWordsChain_TestED2Ev
FNDA:0,_ZN7testing8internal15TestFactoryImplI28Test2_FindMaxCharsChain_TestED0Ev
FNDA:0,_ZN7testing8internal15TestFactoryImplI28Test2_FindMaxCharsChain_TestED2Ev
FNDA:0,_ZN7testing8internal15TestFactoryImplI26Test3_FindSpecHTChain_TestED0Ev
FNDA:0,_ZN7testing8internal15TestFactoryImplI26Test3_FindSpecHTChain_TestED2Ev
FNDA:0,_ZN7testing8internal15TestFactoryImplI30Test4_FindSpecLengthChain_TestED0Ev
FNDA:0,_ZN7testing8internal15TestFactoryImplI30Test4_FindSpecLengthChain_TestED2Ev
FNDA:2,_ZN7testing8internal15TestFactoryImplI30Test4_FindSpecLengthChain_TestEC2Ev
FNDA:2,_ZN7testing8internal15TestFactoryImplI26Test3_FindSpecHTChain_TestEC2Ev
FNDA:2,_ZN7testing8internal15TestFactoryImplI28Test2_FindMaxCharsChain_TestEC2Ev
FNDA:2,_ZN7testing8internal15TestFactoryImplI28Test1_FindMaxWordsChain_TestEC2Ev
FNDA:2,_ZN7testing8internal15TestFactoryImplI28Test1_FindMaxWordsChain_TestE10CreateTestEv
FNDA:2,_ZN7testing8internal15TestFactoryImplI28Test2_FindMaxCharsChain_TestE10CreateTestEv
FNDA:2,_ZN7testing8internal15TestFactoryImplI26Test3_FindSpecHTChain_TestE10CreateTestEv
FNDA:2,_ZN7testing8internal15TestFactoryImplI30Test4_FindSpecLengthChain_TestE10CreateTestEv
FNDA:0,_ZN7testing8internal15IsContainerTestImEEcl
FNDA:0,_ZN7testing8internal15IsContainerTestIiEEcl
FNF:21
FNH:9
DA:436,0
DA:443,8
DA:452,8
DA:454,8
DA:869,0
LF:5
LH:3
end_of_record
SF:/usr/include/gtest/internal/gtest-port.h
FN:898,_ZN7testing8internal10scoped_ptrINSt7__cxx1112basic_stringIcSt11char_traitsIcESaIcEEEED2Ev
FN:898,_ZN7testing8internal10scoped_ptrINSt7__cxx1118basic_stringstreamIcSt11char_traitsIcESaIcEEEED2Ev
FN:901,_ZNK7testing8internal10scoped_ptrINSt7__cxx1112basic_stringIcSt11char_traitsIcESaIcEEEEptEv
FN:902,_ZNK7testing8internal10scoped_ptrINSt7__cxx1112basic_stringIcSt11char_traitsIcESaIcEEEE3getEv
FN:910,_ZN7testing8internal10scoped_ptrINSt7__cxx1118basic_stringstreamIcSt11char_traitsIcESaIcEEEE5resetEPS7_
FN:910,_ZN7testing8internal10scoped_ptrINSt7__cxx1112basic_stringIcSt11char_traitsIcESaIcEEEE5resetEPS7_
FNDA:74,_ZN7testing8internal10scoped_ptrINSt7__cxx1112basic_stringIcSt11char_traitsIcESaIcEEEED2Ev
FNDA:108,_ZN7testing8internal10scoped_ptrINSt7__cxx1118basic_stringstreamIcSt11char_traitsIcESaIcEEEED2Ev
FNDA:0,_ZNK7testing8internal10scoped_ptrINSt7__cxx1112basic_stringIcSt11char_traitsIcESaIcEEEEptEv
FNDA:0,_ZNK7testing8internal10scoped_ptrINSt7__cxx1112basic_stringIcSt11char_traitsIcESaIcEEEE3getEv
FNDA:108,_ZN7testing8internal10scoped_ptrINSt7__cxx1118basic_stringstreamIcSt11char_traitsIcESaIcEEEE5resetEPS7_
FNDA:74,_ZN7testing8internal10scoped_ptrINSt7__cxx1112basic_stringIcSt11char_traitsIcESaIcEEEE5resetEPS7_
FNF:6
FNH:4
DA:898,182
DA:901,0
DA:902,0
DA:910,182
DA:911,182
DA:912,108
DA:913,108
DA:915,108
DA:917,182
LF:9
LH:7
end_of_record
SF:/home/godo/lab_code/WordList_api/src/test_main.cpp
FN:13,_ZN28Test1_FindMaxWordsChain_TestC2Ev
FN:13,_ZN28Test1_FindMaxWordsChain_Test8TestBodyEv
FN:13,_ZN28Test1_FindMaxWordsChain_TestD2Ev
FN:13,_ZN28Test1_FindMaxWordsChain_TestD0Ev
FN:25,_ZN28Test2_FindMaxCharsChain_TestD0Ev
FN:25,_ZN28Test2_FindMaxCharsChain_Test8TestBodyEv
FN:25,_ZN28Test2_FindMaxCharsChain_TestD2Ev
FN:25,_ZN28Test2_FindMaxCharsChain_TestC2Ev
FN:37,_ZN26Test3_FindSpecHTChain_Test8TestBodyEv
FN:37,_ZN26Test3_FindSpecHTChain_TestC2Ev
FN:37,_ZN26Test3_FindSpecHTChain_TestD2Ev
FN:37,_ZN26Test3_FindSpecHTChain_TestD0Ev
FN:51,_ZN30Test4_FindSpecLengthChain_TestD0Ev
FN:51,_ZN30Test4_FindSpecLengthChain_TestC2Ev
FN:51,_ZN30Test4_FindSpecLengthChain_Test8TestBodyEv
FN:51,_ZN30Test4_FindSpecLengthChain_TestD2Ev
FN:59,main
FN:63,_Z41__static_initialization_and_destruction_0ii
FN:63,_GLOBAL__sub_I_s
FNDA:2,_ZN28Test1_FindMaxWordsChain_TestD0Ev
FNDA:2,_ZN28Test1_FindMaxWordsChain_TestD2Ev
FNDA:2,_ZN28Test1_FindMaxWordsChain_Test8TestBodyEv
FNDA:2,_ZN28Test1_FindMaxWordsChain_TestC2Ev
FNDA:2,_ZN28Test2_FindMaxCharsChain_TestD0Ev
FNDA:2,_ZN28Test2_FindMaxCharsChain_TestD2Ev
FNDA:2,_ZN28Test2_FindMaxCharsChain_Test8TestBodyEv
FNDA:2,_ZN28Test2_FindMaxCharsChain_TestC2Ev
FNDA:2,_ZN26Test3_FindSpecHTChain_TestD0Ev
FNDA:2,_ZN26Test3_FindSpecHTChain_TestD2Ev
FNDA:2,_ZN26Test3_FindSpecHTChain_Test8TestBodyEv
FNDA:2,_ZN26Test3_FindSpecHTChain_TestC2Ev
FNDA:2,_ZN30Test4_FindSpecLengthChain_TestD0Ev
FNDA:2,_ZN30Test4_FindSpecLengthChain_TestD2Ev
FNDA:2,_ZN30Test4_FindSpecLengthChain_Test8TestBodyEv
FNDA:2,_ZN30Test4_FindSpecLengthChain_TestC2Ev
FNDA:2,main
FNDA:2,_GLOBAL__sub_I_s
FNDA:2,_Z41__static_initialization_and_destruction_0ii
FNF:19
FNH:19
DA:9,2
DA:10,2
DA:11,2
DA:13,10
DA:15,2
DA:16,2
DA:17,14
DA:18,12
DA:19,12
DA:20,12
DA:22,2
DA:25,10
DA:27,2
DA:28,2
DA:29,10
DA:30,8
DA:31,8
DA:32,8
DA:34,2
DA:37,10
DA:39,2
DA:40,2
DA:41,12
DA:42,10
DA:43,10
DA:44,10
DA:45,10
DA:46,10
DA:48,2
DA:51,10
DA:53,2
DA:54,2
DA:55,34
DA:56,32
DA:59,2
DA:61,2
DA:62,2
DA:63,6
LF:38
LH:38
end_of_record
TN:Test
SF:/usr/include/c++/5/bits/alloc_traits.h
FN:490,_ZNSt16allocator_traitsISaIPNSt8__detail15_Hash_node_baseEEE8allocateERS3_m
FN:490,_ZNSt16allocator_traitsISaINSt8__detail10_Hash_nodeISt4pairIKNSt7__cxx1112basic_stringIcSt11char_traitsIcESaIcEEEiELb1EEEEE8allocateERSC_m
FN:490,_ZNSt16allocator_traitsISaISt6vectorINSt7__cxx1112basic_stringIcSt11char_traitsIcESaIcEEESaIS6_EEEE8allocateERS9_m
FN:490,_ZNSt16allocator_traitsISaISt6vectorIN8wordList9wordSidesESaIS2_EEEE8allocateERS5_m
FN:490,_ZNSt16allocator_traitsISaIN8wordList9wordSidesEEE8allocateERS2_m
FN:490,_ZNSt16allocator_traitsISaINSt7__cxx1112basic_stringIcSt11char_traitsIcESaIcEEEEE8allocateERS6_m
FN:516,_ZNSt16allocator_traitsISaIN8wordList9wordSidesEEE10deallocateERS2_PS1_m
FN:516,_ZNSt16allocator_traitsISaISt6vectorINSt7__cxx1112basic_stringIcSt11char_traitsIcESaIcEEESaIS6_EEEE10deallocateERS9_PS8_m
FN:516,_ZNSt16allocator_traitsISaINSt7__cxx1112basic_stringIcSt11char_traitsIcESaIcEEEEE10deallocateERS6_PS5_m
FN:516,_ZNSt16allocator_traitsISaINSt8__detail10_Hash_nodeISt4pairIKNSt7__cxx1112basic_stringIcSt11char_traitsIcESaIcEEEiELb1EEEEE10deallocateERSC_PSB_m
FN:516,_ZNSt16allocator_traitsISaIPNSt8__detail15_Hash_node_baseEEE10deallocateERS3_PS2_m
FN:516,_ZNSt16allocator_traitsISaISt6vectorIN8wordList9wordSidesESaIS2_EEEE10deallocateERS5_PS4_m
FN:529,_ZNSt16allocator_traitsISaISt6vectorINSt7__cxx1112basic_stringIcSt11char_traitsIcESaIcEEESaIS6_EEEE9constructIS8_JRKS8_EEEvRS9_PT_DpOT0_
FN:529,_ZNSt16allocator_traitsISaISt4pairIKNSt7__cxx1112basic_stringIcSt11char_traitsIcESaIcEEEiEEE9constructIS8_JRKSt21piecewise_construct_tSt5tupleIJRS7_EESF_IJEEEEEvRS9_PT_DpOT0_
FN:529,_ZNSt16allocator_traitsISaIN8wordList9wordSidesEEE9constructIS1_JRKS1_EEEvRS2_PT_DpOT0_
FN:529,_ZNSt16allocator_traitsISaINSt7__cxx1112basic_stringIcSt11char_traitsIcESaIcEEEEE9constructIS5_JRKS5_EEEvRS6_PT_DpOT0_
FN:529,_ZNSt16allocator_traitsISaINSt7__cxx1112basic_stringIcSt11char_traitsIcESaIcEEEEE9constructIS5_JS5_EEEvRS6_PT_DpOT0_
FN:529,_ZNSt16allocator_traitsISaISt6vectorIN8wordList9wordSidesESaIS2_EEEE9constructIS4_JRKS4_EEEvRS5_PT_DpOT0_
FN:541,_ZNSt16allocator_traitsISaISt6vectorINSt7__cxx1112basic_stringIcSt11char_traitsIcESaIcEEESaIS6_EEEE7destroyIS8_EEvRS9_PT_
FN:541,_ZNSt16allocator_traitsISaIN8wordList9wordSidesEEE7destroyIS1_EEvRS2_PT_
FN:541,_ZNSt16allocator_traitsISaISt6vectorIN8wordList9wordSidesESaIS2_EEEE7destroyIS4_EEvRS5_PT_
FN:541,_ZNSt16allocator_traitsISaINSt7__cxx1112basic_stringIcSt11char_traitsIcESaIcEEEEE7destroyIS5_EEvRS6_PT_
FN:541,_ZNSt16allocator_traitsISaISt4pairIKNSt7__cxx1112basic_stringIcSt11char_traitsIcESaIcEEEiEEE7destroyIS8_EEvRS9_PT_
FN:550,_ZNSt16allocator_traitsISaISt6vectorINSt7__cxx1112basic_stringIcSt11char_traitsIcESaIcEEESaIS6_EEEE8max_sizeERKS9_
FN:550,_ZNSt16allocator_traitsISaISt6vectorIN8wordList9wordSidesESaIS2_EEEE8max_sizeERKS5_
FN:550,_ZNSt16allocator_traitsISaINSt7__cxx1112basic_stringIcSt11char_traitsIcESaIcEEEEE8max_sizeERKS6_
FN:550,_ZNSt16allocator_traitsISaIN8wordList9wordSidesEEE8max_sizeERKS2_
FN:559,_ZNSt16allocator_traitsISaINSt7__cxx1112basic_stringIcSt11char_traitsIcESaIcEEEEE37select_on_container_copy_constructionERKS6_
FN:559,_ZNSt16allocator_traitsISaIN8wordList9wordSidesEEE37select_on_container_copy_constructionERKS2_
FN:571,_ZSt18__do_alloc_on_copyISaIN8wordList9wordSidesEEEvRT_RKS3_St17integral_constantIbLb0EE
FN:575,_ZSt15__alloc_on_copyISaIN8wordList9wordSidesEEEvRT_RKS3_
FNDA:32,_ZNSt16allocator_traitsISaIPNSt8__detail15_Hash_node_baseEEE8allocateERS3_m
FNDA:20,_ZNSt16allocator_traitsISaISt6vectorINSt7__cxx1112basic_stringIcSt11char_traitsIcESaIcEEESaIS6_EEEE8allocateERS9_m
FNDA:10,_ZNSt16allocator_traitsISaISt6vectorIN8wordList9wordSidesESaIS2_EEEE8allocateERS5_m
FNDA:176,_ZNSt16allocator_traitsISaIN8wordList9wordSidesEEE8allocateERS2_m
FNDA:96,_ZNSt16allocator_traitsISaINSt8__detail10_Hash_nodeISt4pairIKNSt7__cxx1112basic_stringIcSt11char_traitsIcESaIcEEEiELb1EEEEE8allocateERSC_m
FNDA:0,_ZNSt16allocator_traitsISaINSt7__cxx1112basic_stringIcSt11char_traitsIcESaIcEEEEE8allocateERS6_m
FNDA:32,_ZNSt16allocator_traitsISaIPNSt8__detail15_Hash_node_baseEEE10deallocateERS3_PS2_m
FNDA:96,_ZNSt16allocator_traitsISaINSt8__detail10_Hash_nodeISt4pairIKNSt7__cxx1112basic_stringIcSt11char_traitsIcESaIcEEEiELb1EEEEE10deallocateERSC_PSB_m
FNDA:0,_ZNSt16allocator_traitsISaISt6vectorINSt7__cxx1112basic_stringIcSt11char_traitsIcESaIcEEESaIS6_EEEE10deallocateERS9_PS8_m
FNDA:8,_ZNSt16allocator_traitsISaISt6vectorIN8wordList9wordSidesESaIS2_EEEE10deallocateERS5_PS4_m
FNDA:0,_ZNSt16allocator_traitsISaINSt7__cxx1112basic_stringIcSt11char_traitsIcESaIcEEEEE10deallocateERS6_PS5_m
FNDA:148,_ZNSt16allocator_traitsISaIN8wordList9wordSidesEEE10deallocateERS2_PS1_m
FNDA:96,_ZNSt16allocator_traitsISaISt4pairIKNSt7__cxx1112basic_stringIcSt11char_traitsIcESaIcEEEiEEE9constructIS8_JRKSt21piecewise_construct_tSt5tupleIJRS7_EESF_IJEEEEEvRS9_PT_DpOT0_
FNDA:104,_ZNSt16allocator_traitsISaINSt7__cxx1112basic_stringIcSt11char_traitsIcESaIcEEEEE9constructIS5_JS5_EEEvRS6_PT_DpOT0_
FNDA:64,_ZNSt16allocator_traitsISaISt6vectorINSt7__cxx1112basic_stringIcSt11char_traitsIcESaIcEEESaIS6_EEEE9constructIS8_JRKS8_EEEvRS9_PT_DpOT0_
FNDA:24,_ZNSt16allocator_traitsISaISt6vectorIN8wordList9wordSidesESaIS2_EEEE9constructIS4_JRKS4_EEEvRS5_PT_DpOT0_
FNDA:256,_ZNSt16allocator_traitsISaIN8wordList9wordSidesEEE9constructIS1_JRKS1_EEEvRS2_PT_DpOT0_
FNDA:180,_ZNSt16allocator_traitsISaINSt7__cxx1112basic_stringIcSt11char_traitsIcESaIcEEEEE9constructIS5_JRKS5_EEEvRS6_PT_DpOT0_
FNDA:96,_ZNSt16allocator_traitsISaISt4pairIKNSt7__cxx1112basic_stringIcSt11char_traitsIcESaIcEEEiEEE7destroyIS8_EEvRS9_PT_
FNDA:0,_ZNSt16allocator_traitsISaISt6vectorINSt7__cxx1112basic_stringIcSt11char_traitsIcESaIcEEESaIS6_EEEE7destroyIS8_EEvRS9_PT_
FNDA:0,_ZNSt16allocator_traitsISaISt6vectorIN8wordList9wordSidesESaIS2_EEEE7destroyIS4_EEvRS5_PT_
FNDA:256,_ZNSt16allocator_traitsISaIN8wordList9wordSidesEEE7destroyIS1_EEvRS2_PT_
FNDA:220,_ZNSt16allocator_traitsISaINSt7__cxx1112basic_stringIcSt11char_traitsIcESaIcEEEEE7destroyIS5_EEvRS6_PT_
FNDA:40,_ZNSt16allocator_traitsISaISt6vectorINSt7__cxx1112basic_stringIcSt11char_traitsIcESaIcEEESaIS6_EEEE8max_sizeERKS9_
FNDA:20,_ZNSt16allocator_traitsISaISt6vectorIN8wordList9wordSidesESaIS2_EEEE8max_sizeERKS5_
FNDA:16,_ZNSt16allocator_traitsISaIN8wordList9wordSidesEEE8max_sizeERKS2_
FNDA:0,_ZNSt16allocator_traitsISaINSt7__cxx1112basic_stringIcSt11char_traitsIcESaIcEEEEE8max_sizeERKS6_
FNDA:164,_ZNSt16allocator_traitsISaIN8wordList9wordSidesEEE37select_on_container_copy_constructionERKS2_
FNDA:0,_ZNSt16allocator_traitsISaINSt7__cxx1112basic_stringIcSt11char_traitsIcESaIcEEEEE37select_on_container_copy_constructionERKS6_
FNDA:0,_ZSt18__do_alloc_on_copyISaIN8wordList9wordSidesEEEvRT_RKS3_St17integral_constantIbLb0EE
FNDA:0,_ZSt15__alloc_on_copyISaIN8wordList9wordSidesEEEvRT_RKS3_
FNF:31
FNH:22
DA:490,334
DA:491,334
DA:516,284
DA:517,284
DA:529,724
DA:530,724
DA:541,572
DA:542,572
DA:550,76
DA:551,76
DA:559,164
DA:560,164
DA:571,0
DA:572,0
DA:575,0
DA:579,0
DA:580,0
LF:17
LH:12
end_of_record
SF:/usr/include/c++/5/bits/allocator.h
FN:113,_ZNSaIN8wordList9wordSidesEEC2Ev
FN:113,_ZNSaINSt7__cxx1112basic_stringIcSt11char_traitsIcESaIcEEEEC2Ev
FN:113,_ZNSaISt6vectorIN8wordList9wordSidesESaIS1_EEEC2Ev
FN:113,_ZNSaINSt8__detail10_Hash_nodeISt4pairIKNSt7__cxx1112basic_stringIcSt11char_traitsIcESaIcEEEiELb1EEEEC2Ev
FN:113,_ZNSaISt6vectorINSt7__cxx1112basic_stringIcSt11char_traitsIcESaIcEEESaIS5_EEEC2Ev
FN:115,_ZNSaIN8wordList9wordSidesEEC2ERKS1_
FN:115,_ZNSaINSt7__cxx1112basic_stringIcSt11char_traitsIcESaIcEEEEC2ERKS5_
FN:119,_ZNSaIPNSt8__detail15_Hash_node_baseEEC2INS_10_Hash_nodeISt4pairIKNSt7__cxx1112basic_stringIcSt11char_traitsIcESaIcEEEiELb1EEEEERKSaIT_E
FN:119,_ZNSaISt4pairIKNSt7__cxx1112basic_stringIcSt11char_traitsIcESaIcEEEiEEC2INSt8__detail10_Hash_nodeIS7_Lb1EEEEERKSaIT_E
FN:121,_ZNSaISt4pairIKNSt7__cxx1112basic_stringIcSt11char_traitsIcESaIcEEEiEED2Ev
FN:121,_ZNSaIN8wordList9wordSidesEED2Ev
FN:121,_ZNSaISt6vectorINSt7__cxx1112basic_stringIcSt11char_traitsIcESaIcEEESaIS5_EEED2Ev
FN:121,_ZNSaISt6vectorIN8wordList9wordSidesESaIS1_EEED2Ev
FN:121,_ZNSaINSt7__cxx1112basic_stringIcSt11char_traitsIcESaIcEEEED2Ev
FN:121,_ZNSaIPNSt8__detail15_Hash_node_baseEED2Ev
FN:121,_ZNSaINSt8__detail10_Hash_nodeISt4pairIKNSt7__cxx1112basic_stringIcSt11char_traitsIcESaIcEEEiELb1EEEED2Ev
FN:146,_ZStneIN8wordList9wordSidesEEbRKSaIT_ES5_
FNDA:0,_ZNSaISt6vectorINSt7__cxx1112basic_stringIcSt11char_traitsIcESaIcEEESaIS5_EEEC2Ev
FNDA:2,_ZNSaISt6vectorIN8wordList9wordSidesESaIS1_EEEC2Ev
FNDA:4,_ZNSaIN8wordList9wordSidesEEC2Ev
FNDA:0,_ZNSaINSt7__cxx1112basic_stringIcSt11char_traitsIcESaIcEEEEC2Ev
FNDA:8,_ZNSaINSt8__detail10_Hash_nodeISt4pairIKNSt7__cxx1112basic_stringIcSt11char_traitsIcESaIcEEEiELb1EEEEC2Ev
FNDA:358,_ZNSaIN8wordList9wordSidesEEC2ERKS1_
FNDA:0,_ZNSaINSt7__cxx1112basic_stringIcSt11char_traitsIcESaIcEEEEC2ERKS5_
FNDA:64,_ZNSaIPNSt8__detail15_Hash_node_baseEEC2INS_10_Hash_nodeISt4pairIKNSt7__cxx1112basic_stringIcSt11char_traitsIcESaIcEEEiELb1EEEEERKSaIT_E
FNDA:192,_ZNSaISt4pairIKNSt7__cxx1112basic_stringIcSt11char_traitsIcESaIcEEEiEEC2INSt8__detail10_Hash_nodeIS7_Lb1EEEEERKSaIT_E
FNDA:64,_ZNSaIPNSt8__detail15_Hash_node_baseEED2Ev
FNDA:192,_ZNSaISt4pairIKNSt7__cxx1112basic_stringIcSt11char_traitsIcESaIcEEEiEED2Ev
FNDA:0,_ZNSaISt6vectorINSt7__cxx1112basic_stringIcSt11char_traitsIcESaIcEEESaIS5_EEED2Ev
FNDA:0,_ZNSaISt6vectorIN8wordList9wordSidesESaIS1_EEED2Ev
FNDA:334,_ZNSaIN8wordList9wordSidesEED2Ev
FNDA:0,_ZNSaINSt7__cxx1112basic_stringIcSt11char_traitsIcESaIcEEEED2Ev
FNDA:8,_ZNSaINSt8__detail10_Hash_nodeISt4pairIKNSt7__cxx1112basic_stringIcSt11char_traitsIcESaIcEEEiELb1EEEED2Ev
FNDA:0,_ZStneIN8wordList9wordSidesEEbRKSaIT_ES5_
FNF:17
FNH:10
DA:113,14
DA:115,358
DA:116,358
DA:119,256
DA:121,598
DA:146,0
DA:148,0
LF:7
LH:5
end_of_record
SF:/usr/include/c++/5/bits/basic_string.h
FN:106,_ZNSt7__cxx1112basic_stringIcSt11char_traitsIcESaIcEE12_Alloc_hiderD2Ev
FN:191,_ZNSt7__cxx1112basic_stringIcSt11char_traitsIcESaIcEE16_M_construct_auxIPcEEvT_S7_St12__false_type
FN:211,_ZNSt7__cxx1112basic_stringIcSt11char_traitsIcESaIcEE12_M_constructIPcEEvT_S7_
FN:534,_ZNSt7__cxx1112basic_stringIcSt11char_traitsIcESaIcEEC2IPcvEET_S7_RKS3_
FN:4820,_ZStplIcSt11char_traitsIcESaIcEENSt7__cxx1112basic_stringIT_T0_T1_EERKS8_PKS5_
FN:4836,_ZStplIcSt11char_traitsIcESaIcEENSt7__cxx1112basic_stringIT_T0_T1_EERKS8_S5_
FN:4890,_ZStplIcSt11char_traitsIcESaIcEENSt7__cxx1112basic_stringIT_T0_T1_EEOS8_S5_
FN:4911,_ZSteqIcEN9__gnu_cxx11__enable_ifIXsrSt9__is_charIT_E7__valueEbE6__typeERKNSt7__cxx1112basic_stringIS3_St11char_traitsIS3_ESaIS3_EEESE_
FN:5299,_ZNSt7__cxx119to_stringEi
FN:5482,_ZNSt4hashINSt7__cxx1112basic_stringIcSt11char_traitsIcESaIcEEEEC2Ev
FN:5486,_ZNKSt4hashINSt7__cxx1112basic_stringIcSt11char_traitsIcESaIcEEEEclERKS5_
FNDA:0,_ZNSt7__cxx1112basic_stringIcSt11char_traitsIcESaIcEE12_Alloc_hiderD2Ev
FNDA:8,_ZNSt7__cxx1112basic_stringIcSt11char_traitsIcESaIcEE16_M_construct_auxIPcEEvT_S7_St12__false_type
FNDA:8,_ZNSt7__cxx1112basic_stringIcSt11char_traitsIcESaIcEE12_M_constructIPcEEvT_S7_
FNDA:8,_ZNSt7__cxx1112basic_stringIcSt11char_traitsIcESaIcEEC2IPcvEET_S7_RKS3_
FNDA:0,_ZStplIcSt11char_traitsIcESaIcEENSt7__cxx1112basic_stringIT_T0_T1_EERKS8_PKS5_
FNDA:0,_ZStplIcSt11char_traitsIcESaIcEENSt7__cxx1112basic_stringIT_T0_T1_EERKS8_S5_
FNDA:8,_ZStplIcSt11char_traitsIcESaIcEENSt7__cxx1112basic_stringIT_T0_T1_EEOS8_S5_
FNDA:0,_ZSteqIcEN9__gnu_cxx11__enable_ifIXsrSt9__is_charIT_E7__valueEbE6__typeERKNSt7__cxx1112basic_stringIS3_St11char_traitsIS3_ESaIS3_EEESE_
FNDA:8,_ZNSt7__cxx119to_stringEi
FNDA:8,_ZNSt4hashINSt7__cxx1112basic_stringIcSt11char_traitsIcESaIcEEEEC2Ev
FNDA:192,_ZNKSt4hashINSt7__cxx1112basic_stringIcSt11char_traitsIcESaIcEEEEclERKS5_
FNF:11
FNH:7
DA:106,0
DA:191,8
DA:195,8
DA:196,8
DA:211,8
DA:214,8
DA:215,8
DA:534,8
DA:536,8
DA:537,8
DA:4820,0
DA:4823,0
DA:4824,0
DA:4825,0
DA:4836,0
DA:4840,0
DA:4841,0
DA:4842,0
DA:4890,8
DA:4892,8
DA:4911,0
DA:4913,0
DA:4914,0
DA:4915,0
DA:5299,8
DA:5301,8
DA:5482,8
DA:5486,192
DA:5487,192
LF:29
LH:16
end_of_record
SF:/usr/include/c++/5/bits/basic_string.tcc
FN:210,_ZNSt7__cxx1112basic_stringIcSt11char_traitsIcESaIcEE12_M_constructIPcEEvT_S7_St20forward_iterator_tag
FNDA:1860,_ZNSt7__cxx1112basic_stringIcSt11char_traitsIcESaIcEE12_M_constructIPcEEvT_S7_St20forward_iterator_tag
FNF:1
FNH:1
DA:210,1860
DA:215,1860
DA:216,0
DA:219,1860
DA:221,1860
DA:223,24
DA:224,24
DA:229,1860
DA:230,0
DA:232,0
DA:233,0
DA:236,1860
DA:237,1860
LF:13
LH:9
end_of_record
SF:/usr/include/c++/5/bits/char_traits.h
FN:258,_ZNSt11char_traitsIcE7compareEPKcS2_m
FNDA:0,_ZNSt11char_traitsIcE7compareEPKcS2_m
FNF:1
FNH:0
DA:258,0
DA:260,0
DA:261,0
DA:262,0
LF:4
LH:0
end_of_record
SF:/usr/include/c++/5/bits/functional_hash.h
FN:50,_ZNSt11__hash_baseImNSt7__cxx1112basic_stringIcSt11char_traitsIcESaIcEEEEC2Ev
FN:129,_ZNSt10_Hash_impl4hashEPKvmm
FNDA:8,_ZNSt11__hash_baseImNSt7__cxx1112basic_stringIcSt11char_traitsIcESaIcEEEEC2Ev
FNDA:192,_ZNSt10_Hash_impl4hashEPKvmm
FNF:2
FNH:2
DA:50,8
DA:129,192
DA:131,192
LF:3
LH:3
end_of_record
SF:/usr/include/c++/5/bits/hashtable.h
FN:328,_ZNKSt10_HashtableINSt7__cxx1112basic_stringIcSt11char_traitsIcESaIcEEESt4pairIKS5_iESaIS8_ENSt8__detail10_Select1stESt8equal_toIS5_ESt4hashIS5_ENSA_18_Mod_range_hashingENSA_20_Default_ranged_hashENSA_20_Prime_rehash_policyENSA_17_Hashtable_traitsILb1ELb0ELb1EEEE21_M_uses_single_bucketEPPNSA_15_Hash_node_baseE
FN:339,_ZNSt10_HashtableINSt7__cxx1112basic_stringIcSt11char_traitsIcESaIcEEESt4pairIKS5_iESaIS8_ENSt8__detail10_Select1stESt8equal_toIS5_ESt4hashIS5_ENSA_18_Mod_range_hashingENSA_20_Default_ranged_hashENSA_20_Prime_rehash_policyENSA_17_Hashtable_traitsILb1ELb0ELb1EEEE19_M_allocate_bucketsEm
FN:351,_ZNSt10_HashtableINSt7__cxx1112basic_stringIcSt11char_traitsIcESaIcEEESt4pairIKS5_iESaIS8_ENSt8__detail10_Select1stESt8equal_toIS5_ESt4hashIS5_ENSA_18_Mod_range_hashingENSA_20_Default_ranged_hashENSA_20_Prime_rehash_policyENSA_17_Hashtable_traitsILb1ELb0ELb1EEEE21_M_deallocate_bucketsEPPNSA_15_Hash_node_baseEm
FN:360,_ZNSt10_HashtableINSt7__cxx1112basic_stringIcSt11char_traitsIcESaIcEEESt4pairIKS5_iESaIS8_ENSt8__detail10_Select1stESt8equal_toIS5_ESt4hashIS5_ENSA_18_Mod_range_hashingENSA_20_Default_ranged_hashENSA_20_Prime_rehash_policyENSA_17_Hashtable_traitsILb1ELb0ELb1EEEE21_M_deallocate_bucketsEv
FN:369,_ZNKSt10_HashtableINSt7__cxx1112basic_stringIcSt11char_traitsIcESaIcEEESt4pairIKS5_iESaIS8_ENSt8__detail10_Select1stESt8equal_toIS5_ESt4hashIS5_ENSA_18_Mod_range_hashingENSA_20_Default_ranged_hashENSA_20_Prime_rehash_policyENSA_17_Hashtable_traitsILb1ELb0ELb1EEEE8_M_beginEv
FN:394,_ZNSt10_HashtableINSt7__cxx1112basic_stringIcSt11char_traitsIcESaIcEEESt4pairIKS5_iESaIS8_ENSt8__detail10_Select1stESt8equal_toIS5_ESt4hashIS5_ENSA_18_Mod_range_hashingENSA_20_Default_ranged_hashENSA_20_Prime_rehash_policyENSA_17_Hashtable_traitsILb1ELb0ELb1EEEEC2Ev
FN:616,_ZNKSt10_HashtableINSt7__cxx1112basic_stringIcSt11char_traitsIcESaIcEEESt4pairIKS5_iESaIS8_ENSt8__detail10_Select1stESt8equal_toIS5_ESt4hashIS5_ENSA_18_Mod_range_hashingENSA_20_Default_ranged_hashENSA_20_Prime_rehash_policyENSA_17_Hashtable_traitsILb1ELb0ELb1EEEE15_M_bucket_indexEPNSA_10_Hash_nodeIS8_Lb1EEE
FN:620,_ZNKSt10_HashtableINSt7__cxx1112basic_stringIcSt11char_traitsIcESaIcEEESt4pairIKS5_iESaIS8_ENSt8__detail10_Select1stESt8equal_toIS5_ESt4hashIS5_ENSA_18_Mod_range_hashingENSA_20_Default_ranged_hashENSA_20_Prime_rehash_policyENSA_17_Hashtable_traitsILb1ELb0ELb1EEEE15_M_bucket_indexERS7_m
FN:629,_ZNKSt10_HashtableINSt7__cxx1112basic_stringIcSt11char_traitsIcESaIcEEESt4pairIKS5_iESaIS8_ENSt8__detail10_Select1stESt8equal_toIS5_ESt4hashIS5_ENSA_18_Mod_range_hashingENSA_20_Default_ranged_hashENSA_20_Prime_rehash_policyENSA_17_Hashtable_traitsILb1ELb0ELb1EEEE12_M_find_nodeEmRS7_m
FN:782,_ZNKSt10_HashtableINSt7__cxx1112basic_stringIcSt11char_traitsIcESaIcEEESt4pairIKS5_iESaIS8_ENSt8__detail10_Select1stESt8equal_toIS5_ESt4hashIS5_ENSA_18_Mod_range_hashingENSA_20_Default_ranged_hashENSA_20_Prime_rehash_policyENSA_17_Hashtable_traitsILb1ELb0ELb1EEEE15_M_bucket_beginEm
FN:1221,_ZNSt10_HashtableINSt7__cxx1112basic_stringIcSt11char_traitsIcESaIcEEESt4pairIKS5_iESaIS8_ENSt8__detail10_Select1stESt8equal_toIS5_ESt4hashIS5_ENSA_18_Mod_range_hashingENSA_20_Default_ranged_hashENSA_20_Prime_rehash_policyENSA_17_Hashtable_traitsILb1ELb0ELb1EEEED2Ev
FN:1332,_ZNKSt10_HashtableINSt7__cxx1112basic_stringIcSt11char_traitsIcESaIcEEESt4pairIKS5_iESaIS8_ENSt8__detail10_Select1stESt8equal_toIS5_ESt4hashIS5_ENSA_18_Mod_range_hashingENSA_20_Default_ranged_hashENSA_20_Prime_rehash_policyENSA_17_Hashtable_traitsILb1ELb0ELb1EEEE5countERS7_
FN:1420,_ZNKSt10_HashtableINSt7__cxx1112basic_stringIcSt11char_traitsIcESaIcEEESt4pairIKS5_iESaIS8_ENSt8__detail10_Select1stESt8equal_toIS5_ESt4hashIS5_ENSA_18_Mod_range_hashingENSA_20_Default_ranged_hashENSA_20_Prime_rehash_policyENSA_17_Hashtable_traitsILb1ELb0ELb1EEEE19_M_find_before_nodeEmRS7_m
FN:1448,_ZNSt10_HashtableINSt7__cxx1112basic_stringIcSt11char_traitsIcESaIcEEESt4pairIKS5_iESaIS8_ENSt8__detail10_Select1stESt8equal_toIS5_ESt4hashIS5_ENSA_18_Mod_range_hashingENSA_20_Default_ranged_hashENSA_20_Prime_rehash_policyENSA_17_Hashtable_traitsILb1ELb0ELb1EEEE22_M_insert_bucket_beginEmPNSA_10_Hash_nodeIS8_Lb1EEE
FN:1586,_ZNSt10_HashtableINSt7__cxx1112basic_stringIcSt11char_traitsIcESaIcEEESt4pairIKS5_iESaIS8_ENSt8__detail10_Select1stESt8equal_toIS5_ESt4hashIS5_ENSA_18_Mod_range_hashingENSA_20_Default_ranged_hashENSA_20_Prime_rehash_policyENSA_17_Hashtable_traitsILb1ELb0ELb1EEEE21_M_insert_unique_nodeEmmPNSA_10_Hash_nodeIS8_Lb1EEE
FN:1910,_ZNSt10_HashtableINSt7__cxx1112basic_stringIcSt11char_traitsIcESaIcEEESt4pairIKS5_iESaIS8_ENSt8__detail10_Select1stESt8equal_toIS5_ESt4hashIS5_ENSA_18_Mod_range_hashingENSA_20_Default_ranged_hashENSA_20_Prime_rehash_policyENSA_17_Hashtable_traitsILb1ELb0ELb1EEEE5clearEv
FN:1947,_ZNSt10_HashtableINSt7__cxx1112basic_stringIcSt11char_traitsIcESaIcEEESt4pairIKS5_iESaIS8_ENSt8__detail10_Select1stESt8equal_toIS5_ESt4hashIS5_ENSA_18_Mod_range_hashingENSA_20_Default_ranged_hashENSA_20_Prime_rehash_policyENSA_17_Hashtable_traitsILb1ELb0ELb1EEEE9_M_rehashEmRKm
FN:1970,_ZNSt10_HashtableINSt7__cxx1112basic_stringIcSt11char_traitsIcESaIcEEESt4pairIKS5_iESaIS8_ENSt8__detail10_Select1stESt8equal_toIS5_ESt4hashIS5_ENSA_18_Mod_range_hashingENSA_20_Default_ranged_hashENSA_20_Prime_rehash_policyENSA_17_Hashtable_traitsILb1ELb0ELb1EEEE13_M_rehash_auxEmSt17integral_constantIbLb1EE
FNDA:40,_ZNKSt10_HashtableINSt7__cxx1112basic_stringIcSt11char_traitsIcESaIcEEESt4pairIKS5_iESaIS8_ENSt8__detail10_Select1stESt8equal_toIS5_ESt4hashIS5_ENSA_18_Mod_range_hashingENSA_20_Default_ranged_hashENSA_20_Prime_rehash_policyENSA_17_Hashtable_traitsILb1ELb0ELb1EEEE21_M_uses_single_bucketEPPNSA_15_Hash_node_baseE
FNDA:32,_ZNSt10_HashtableINSt7__cxx1112basic_stringIcSt11char_traitsIcESaIcEEESt4pairIKS5_iESaIS8_ENSt8__detail10_Select1stESt8equal_toIS5_ESt4hashIS5_ENSA_18_Mod_range_hashingENSA_20_Default_ranged_hashENSA_20_Prime_rehash_policyENSA_17_Hashtable_traitsILb1ELb0ELb1EEEE19_M_allocate_bucketsEm
FNDA:40,_ZNSt10_HashtableINSt7__cxx1112basic_stringIcSt11char_traitsIcESaIcEEESt4pairIKS5_iESaIS8_ENSt8__detail10_Select1stESt8equal_toIS5_ESt4hashIS5_ENSA_18_Mod_range_hashingENSA_20_Default_ranged_hashENSA_20_Prime_rehash_policyENSA_17_Hashtable_traitsILb1ELb0ELb1EEEE21_M_deallocate_bucketsEPPNSA_15_Hash_node_baseEm
FNDA:40,_ZNSt10_HashtableINSt7__cxx1112basic_stringIcSt11char_traitsIcESaIcEEESt4pairIKS5_iESaIS8_ENSt8__detail10_Select1stESt8equal_toIS5_ESt4hashIS5_ENSA_18_Mod_range_hashingENSA_20_Default_ranged_hashENSA_20_Prime_rehash_policyENSA_17_Hashtable_traitsILb1ELb0ELb1EEEE21_M_deallocate_bucketsEv
FNDA:40,_ZNKSt10_HashtableINSt7__cxx1112basic_stringIcSt11char_traitsIcESaIcEEESt4pairIKS5_iESaIS8_ENSt8__detail10_Select1stESt8equal_toIS5_ESt4hashIS5_ENSA_18_Mod_range_hashingENSA_20_Default_ranged_hashENSA_20_Prime_rehash_policyENSA_17_Hashtable_traitsILb1ELb0ELb1EEEE8_M_beginEv
FNDA:8,_ZNSt10_HashtableINSt7__cxx1112basic_stringIcSt11char_traitsIcESaIcEEESt4pairIKS5_iESaIS8_ENSt8__detail10_Select1stESt8equal_toIS5_ESt4hashIS5_ENSA_18_Mod_range_hashingENSA_20_Default_ranged_hashENSA_20_Prime_rehash_policyENSA_17_Hashtable_traitsILb1ELb0ELb1EEEEC2Ev
FNDA:128,_ZNKSt10_HashtableINSt7__cxx1112basic_stringIcSt11char_traitsIcESaIcEEESt4pairIKS5_iESaIS8_ENSt8__detail10_Select1stESt8equal_toIS5_ESt4hashIS5_ENSA_18_Mod_range_hashingENSA_20_Default_ranged_hashENSA_20_Prime_rehash_policyENSA_17_Hashtable_traitsILb1ELb0ELb1EEEE15_M_bucket_indexEPNSA_10_Hash_nodeIS8_Lb1EEE
FNDA:224,_ZNKSt10_HashtableINSt7__cxx1112basic_stringIcSt11char_traitsIcESaIcEEESt4pairIKS5_iESaIS8_ENSt8__detail10_Select1stESt8equal_toIS5_ESt4hashIS5_ENSA_18_Mod_range_hashingENSA_20_Default_ranged_hashENSA_20_Prime_rehash_policyENSA_17_Hashtable_traitsILb1ELb0ELb1EEEE15_M_bucket_indexERS7_m
FNDA:96,_ZNKSt10_HashtableINSt7__cxx1112basic_stringIcSt11char_traitsIcESaIcEEESt4pairIKS5_iESaIS8_ENSt8__detail10_Select1stESt8equal_toIS5_ESt4hashIS5_ENSA_18_Mod_range_hashingENSA_20_Default_ranged_hashENSA_20_Prime_rehash_policyENSA_17_Hashtable_traitsILb1ELb0ELb1EEEE12_M_find_nodeEmRS7_m
FNDA:96,_ZNKSt10_HashtableINSt7__cxx1112basic_stringIcSt11char_traitsIcESaIcEEESt4pairIKS5_iESaIS8_ENSt8__detail10_Select1stESt8equal_toIS5_ESt4hashIS5_ENSA_18_Mod_range_hashingENSA_20_Default_ranged_hashENSA_20_Prime_rehash_policyENSA_17_Hashtable_traitsILb1ELb0ELb1EEEE15_M_bucket_beginEm
FNDA:8,_ZNSt10_HashtableINSt7__cxx1112basic_stringIcSt11char_traitsIcESaIcEEESt4pairIKS5_iESaIS8_ENSt8__detail10_Select1stESt8equal_toIS5_ESt4hashIS5_ENSA_18_Mod_range_hashingENSA_20_Default_ranged_hashENSA_20_Prime_rehash_policyENSA_17_Hashtable_traitsILb1ELb0ELb1EEEED2Ev
FNDA:96,_ZNKSt10_HashtableINSt7__cxx1112basic_stringIcSt11char_traitsIcESaIcEEESt4pairIKS5_iESaIS8_ENSt8__detail10_Select1stESt8equal_toIS5_ESt4hashIS5_ENSA_18_Mod_range_hashingENSA_20_Default_ranged_hashENSA_20_Prime_rehash_policyENSA_17_Hashtable_traitsILb1ELb0ELb1EEEE5countERS7_
FNDA:96,_ZNKSt10_HashtableINSt7__cxx1112basic_stringIcSt11char_traitsIcESaIcEEESt4pairIKS5_iESaIS8_ENSt8__detail10_Select1stESt8equal_toIS5_ESt4hashIS5_ENSA_18_Mod_range_hashingENSA_20_Default_ranged_hashENSA_20_Prime_rehash_policyENSA_17_Hashtable_traitsILb1ELb0ELb1EEEE19_M_find_before_nodeEmRS7_m
FNDA:96,_ZNSt10_HashtableINSt7__cxx1112basic_stringIcSt11char_traitsIcESaIcEEESt4pairIKS5_iESaIS8_ENSt8__detail10_Select1stESt8equal_toIS5_ESt4hashIS5_ENSA_18_Mod_range_hashingENSA_20_Default_ranged_hashENSA_20_Prime_rehash_policyENSA_17_Hashtable_traitsILb1ELb0ELb1EEEE22_M_insert_bucket_beginEmPNSA_10_Hash_nodeIS8_Lb1EEE
FNDA:96,_ZNSt10_HashtableINSt7__cxx1112basic_stringIcSt11char_traitsIcESaIcEEESt4pairIKS5_iESaIS8_ENSt8__detail10_Select1stESt8equal_toIS5_ESt4hashIS5_ENSA_18_Mod_range_hashingENSA_20_Default_ranged_hashENSA_20_Prime_rehash_policyENSA_17_Hashtable_traitsILb1ELb0ELb1EEEE21_M_insert_unique_nodeEmmPNSA_10_Hash_nodeIS8_Lb1EEE
FNDA:8,_ZNSt10_HashtableINSt7__cxx1112basic_stringIcSt11char_traitsIcESaIcEEESt4pairIKS5_iESaIS8_ENSt8__detail10_Select1stESt8equal_toIS5_ESt4hashIS5_ENSA_18_Mod_range_hashingENSA_20_Default_ranged_hashENSA_20_Prime_rehash_policyENSA_17_Hashtable_traitsILb1ELb0ELb1EEEE5clearEv
FNDA:32,_ZNSt10_HashtableINSt7__cxx1112basic_stringIcSt11char_traitsIcESaIcEEESt4pairIKS5_iESaIS8_ENSt8__detail10_Select1stESt8equal_toIS5_ESt4hashIS5_ENSA_18_Mod_range_hashingENSA_20_Default_ranged_hashENSA_20_Prime_rehash_policyENSA_17_Hashtable_traitsILb1ELb0ELb1EEEE9_M_rehashEmRKm
FNDA:32,_ZNSt10_HashtableINSt7__cxx1112basic_stringIcSt11char_traitsIcESaIcEEESt4pairIKS5_iESaIS8_ENSt8__detail10_Select1stESt8equal_toIS5_ESt4hashIS5_ENSA_18_Mod_range_hashingENSA_20_Default_ranged_hashENSA_20_Prime_rehash_policyENSA_17_Hashtable_traitsILb1ELb0ELb1EEEE13_M_rehash_auxEmSt17integral_constantIbLb1EE
FNF:18
FNH:18
DA:328,40
DA:329,40
DA:339,32
DA:341,32
DA:343,0
DA:344,0
DA:347,32
DA:351,40
DA:353,40
DA:354,8
DA:356,32
DA:360,40
DA:361,40
DA:369,40
DA:370,40
DA:394,8
DA:616,128
DA:617,128
DA:620,224
DA:621,224
DA:629,96
DA:632,96
DA:633,96
DA:634,0
DA:635,96
DA:782,96
DA:787,96
DA:788,96
DA:1221,8
DA:1225,8
DA:1226,8
DA:1227,8
DA:1332,96
DA:1337,96
DA:1338,96
DA:1339,96
DA:1340,96
DA:1341,64
DA:1343,32
DA:1344,0
DA:1346,32
DA:1347,0
DA:1348,32
DA:1352,0
DA:1353,32
DA:1354,32
DA:1356,32
DA:1420,96
DA:1426,96
DA:1427,96
DA:1428,64
DA:1430,32
DA:1433,32
DA:1434,0
DA:1436,32
DA:1437,32
DA:1438,0
DA:1440,32
DA:1448,96
DA:1452,96
DA:1456,24
DA:1457,24
DA:1464,72
DA:1465,72
DA:1466,72
DA:1469,64
DA:1470,72
DA:1472,96
DA:1586,96
DA:1592,96
DA:1594,96
DA:1598,96
DA:1600,32
DA:1601,32
DA:1604,96
DA:1607,96
DA:1608,96
DA:1609,96
DA:1611,0
DA:1613,0
DA:1614,0
DA:1910,8
DA:1914,8
DA:1915,8
DA:1916,8
DA:1917,8
DA:1918,8
DA:1947,32
DA:1953,32
DA:1955,0
DA:1959,0
DA:1960,0
DA:1962,32
DA:1970,32
DA:1974,32
DA:1975,32
DA:1976,32
DA:1977,32
DA:1978,272
DA:1980,120
DA:1981,120
DA:1982,120
DA:1984,104
DA:1985,104
DA:1986,104
DA:1987,104
DA:1988,80
DA:1989,104
DA:1993,16
DA:1994,16
DA:1996,120
DA:1999,32
DA:2000,32
DA:2001,32
DA:2002,32
LF:115
LH:101
end_of_record
SF:/usr/include/c++/5/bits/hashtable_policy.h
FN:96,_ZNSt8__detail10_Select1stC2Ev
FN:100,_ZNKSt8__detail10_Select1stclIRSt4pairIKNSt7__cxx1112basic_stringIcSt11char_traitsIcESaIcEEEiEEEDTcl3getILi0EEcl7forwardIT_Efp_EEEOSC_
FN:231,_ZNSt8__detail15_Hash_node_baseC2Ev
FN:242,_ZNSt8__detail21_Hash_node_value_baseISt4pairIKNSt7__cxx1112basic_stringIcSt11char_traitsIcESaIcEEEiEEC2Ev
FN:249,_ZNSt8__detail21_Hash_node_value_baseISt4pairIKNSt7__cxx1112basic_stringIcSt11char_traitsIcESaIcEEEiEE9_M_valptrEv
FN:257,_ZNSt8__detail21_Hash_node_value_baseISt4pairIKNSt7__cxx1112basic_stringIcSt11char_traitsIcESaIcEEEiEE4_M_vEv
FN:277,_ZNSt8__detail10_Hash_nodeISt4pairIKNSt7__cxx1112basic_stringIcSt11char_traitsIcESaIcEEEiELb1EEC2Ev
FN:282,_ZNKSt8__detail10_Hash_nodeISt4pairIKNSt7__cxx1112basic_stringIcSt11char_traitsIcESaIcEEEiELb1EE7_M_nextEv
FN:307,_ZNSt8__detail19_Node_iterator_baseISt4pairIKNSt7__cxx1112basic_stringIcSt11char_traitsIcESaIcEEEiELb1EEC2EPNS_10_Hash_nodeIS9_Lb1EEE
FN:353,_ZNSt8__detail14_Node_iteratorISt4pairIKNSt7__cxx1112basic_stringIcSt11char_traitsIcESaIcEEEiELb0ELb1EEC2EPNS_10_Hash_nodeIS9_Lb1EEE
FN:361,_ZNKSt8__detail14_Node_iteratorISt4pairIKNSt7__cxx1112basic_stringIcSt11char_traitsIcESaIcEEEiELb0ELb1EEptEv
FN:437,_ZNSt8__detail18_Mod_range_hashingC2Ev
FN:444,_ZNKSt8__detail18_Mod_range_hashingclEmm
FN:460,_ZNSt8__detail20_Prime_rehash_policyC2Ef
FN:487,_ZNKSt8__detail20_Prime_rehash_policy8_M_stateEv
FN:495,_ZNSt8__detail20_Prime_rehash_policy8_M_resetEm
FN:545,_ZNSt8__detail9_Map_baseINSt7__cxx1112basic_stringIcSt11char_traitsIcESaIcEEESt4pairIKS6_iESaIS9_ENS_10_Select1stESt8equal_toIS6_ESt4hashIS6_ENS_18_Mod_range_hashingENS_20_Default_ranged_hashENS_20_Prime_rehash_policyENS_17_Hashtable_traitsILb1ELb0ELb1EEELb1EEC2Ev
FN:585,_ZNSt8__detail9_Map_baseINSt7__cxx1112basic_stringIcSt11char_traitsIcESaIcEEESt4pairIKS6_iESaIS9_ENS_10_Select1stESt8equal_toIS6_ESt4hashIS6_ENS_18_Mod_range_hashingENS_20_Default_ranged_hashENS_20_Prime_rehash_policyENS_17_Hashtable_traitsILb1ELb0ELb1EEELb1EEixERS8_
FN:678,_ZNSt8__detail12_Insert_baseINSt7__cxx1112basic_stringIcSt11char_traitsIcESaIcEEESt4pairIKS6_iESaIS9_ENS_10_Select1stESt8equal_toIS6_ESt4hashIS6_ENS_18_Mod_range_hashingENS_20_Default_ranged_hashENS_20_Prime_rehash_policyENS_17_Hashtable_traitsILb1ELb0ELb1EEEEC2Ev
FN:871,_ZNSt8__detail7_InsertINSt7__cxx1112basic_stringIcSt11char_traitsIcESaIcEEESt4pairIKS6_iESaIS9_ENS_10_Select1stESt8equal_toIS6_ESt4hashIS6_ENS_18_Mod_range_hashingENS_20_Default_ranged_hashENS_20_Prime_rehash_policyENS_17_Hashtable_traitsILb1ELb0ELb1EEELb0ELb1EEC2Ev
FN:932,_ZNSt8__detail12_Rehash_baseINSt7__cxx1112basic_stringIcSt11char_traitsIcESaIcEEESt4pairIKS6_iESaIS9_ENS_10_Select1stESt8equal_toIS6_ESt4hashIS6_ENS_18_Mod_range_hashingENS_20_Default_ranged_hashENS_20_Prime_rehash_policyENS_17_Hashtable_traitsILb1ELb0ELb1EEEEC2Ev
FN:973,_ZNSt8__detail21_Hashtable_ebo_helperILi0ESaINS_10_Hash_nodeISt4pairIKNSt7__cxx1112basic_stringIcSt11char_traitsIcESaIcEEEiELb1EEEELb1EED2Ev
FN:976,_ZNSt8__detail21_Hashtable_ebo_helperILi1ESt4hashINSt7__cxx1112basic_stringIcSt11char_traitsIcESaIcEEEELb1EEC2Ev
FN:976,_ZNSt8__detail21_Hashtable_ebo_helperILi2ENS_18_Mod_range_hashingELb1EEC2Ev
FN:976,_ZNSt8__detail21_Hashtable_ebo_helperILi0ESt8equal_toINSt7__cxx1112basic_stringIcSt11char_traitsIcESaIcEEEELb1EEC2Ev
FN:976,_ZNSt8__detail21_Hashtable_ebo_helperILi0ENS_10_Select1stELb1EEC2Ev
FN:976,_ZNSt8__detail21_Hashtable_ebo_helperILi0ESaINS_10_Hash_nodeISt4pairIKNSt7__cxx1112basic_stringIcSt11char_traitsIcESaIcEEEiELb1EEEELb1EEC2Ev
FN:984,_ZNSt8__detail21_Hashtable_ebo_helperILi2ENS_18_Mod_range_hashingELb1EE7_S_cgetERKS2_
FN:984,_ZNSt8__detail21_Hashtable_ebo_helperILi0ESt8equal_toINSt7__cxx1112basic_stringIcSt11char_traitsIcESaIcEEEELb1EE7_S_cgetERKS9_
FN:984,_ZNSt8__detail21_Hashtable_ebo_helperILi0ENS_10_Select1stELb1EE7_S_cgetERKS2_
FN:984,_ZNSt8__detail21_Hashtable_ebo_helperILi1ESt4hashINSt7__cxx1112basic_stringIcSt11char_traitsIcESaIcEEEELb1EE7_S_cgetERKS9_
FN:988,_ZNSt8__detail21_Hashtable_ebo_helperILi0ESaINS_10_Hash_nodeISt4pairIKNSt7__cxx1112basic_stringIcSt11char_traitsIcESaIcEEEiELb1EEEELb1EE6_S_getERSD_
FN:988,_ZNSt8__detail21_Hashtable_ebo_helperILi0ENS_10_Select1stELb1EE6_S_getERS2_
FN:1249,_ZNSt8__detail15_Hash_code_baseINSt7__cxx1112basic_stringIcSt11char_traitsIcESaIcEEESt4pairIKS6_iENS_10_Select1stESt4hashIS6_ENS_18_Mod_range_hashingENS_20_Default_ranged_hashELb1EEC2Ev
FN:1256,_ZNKSt8__detail15_Hash_code_baseINSt7__cxx1112basic_stringIcSt11char_traitsIcESaIcEEESt4pairIKS6_iENS_10_Select1stESt4hashIS6_ENS_18_Mod_range_hashingENS_20_Default_ranged_hashELb1EE12_M_hash_codeERS8_
FN:1260,_ZNKSt8__detail15_Hash_code_baseINSt7__cxx1112basic_stringIcSt11char_traitsIcESaIcEEESt4pairIKS6_iENS_10_Select1stESt4hashIS6_ENS_18_Mod_range_hashingENS_20_Default_ranged_hashELb1EE15_M_bucket_indexERS8_mm
FN:1265,_ZNKSt8__detail15_Hash_code_baseINSt7__cxx1112basic_stringIcSt11char_traitsIcESaIcEEESt4pairIKS6_iENS_10_Select1stESt4hashIS6_ENS_18_Mod_range_hashingENS_20_Default_ranged_hashELb1EE15_M_bucket_indexEPKNS_10_Hash_nodeIS9_Lb1EEEm
FN:1271,_ZNKSt8__detail15_Hash_code_baseINSt7__cxx1112basic_stringIcSt11char_traitsIcESaIcEEESt4pairIKS6_iENS_10_Select1stESt4hashIS6_ENS_18_Mod_range_hashingENS_20_Default_ranged_hashELb1EE13_M_store_codeEPNS_10_Hash_nodeIS9_Lb1EEEm
FN:1287,_ZNKSt8__detail15_Hash_code_baseINSt7__cxx1112basic_stringIcSt11char_traitsIcESaIcEEESt4pairIKS6_iENS_10_Select1stESt4hashIS6_ENS_18_Mod_range_hashingENS_20_Default_ranged_hashELb1EE10_M_extractEv
FN:1290,_ZNSt8__detail15_Hash_code_baseINSt7__cxx1112basic_stringIcSt11char_traitsIcESaIcEEESt4pairIKS6_iENS_10_Select1stESt4hashIS6_ENS_18_Mod_range_hashingENS_20_Default_ranged_hashELb1EE10_M_extractEv
FN:1293,_ZNKSt8__detail15_Hash_code_baseINSt7__cxx1112basic_stringIcSt11char_traitsIcESaIcEEESt4pairIKS6_iENS_10_Select1stESt4hashIS6_ENS_18_Mod_range_hashingENS_20_Default_ranged_hashELb1EE5_M_h1Ev
FN:1299,_ZNKSt8__detail15_Hash_code_baseINSt7__cxx1112basic_stringIcSt11char_traitsIcESaIcEEESt4pairIKS6_iENS_10_Select1stESt4hashIS6_ENS_18_Mod_range_hashingENS_20_Default_ranged_hashELb1EE5_M_h2Ev
FN:1320,_ZNSt8__detail13_Equal_helperINSt7__cxx1112basic_stringIcSt11char_traitsIcESaIcEEESt4pairIKS6_iENS_10_Select1stESt8equal_toIS6_EmLb1EE9_S_equalsERKSC_RKSA_RS8_mPNS_10_Hash_nodeIS9_Lb1EEE
FN:1694,_ZNSt8__detail15_Hashtable_baseINSt7__cxx1112basic_stringIcSt11char_traitsIcESaIcEEESt4pairIKS6_iENS_10_Select1stESt8equal_toIS6_ESt4hashIS6_ENS_18_Mod_range_hashingENS_20_Default_ranged_hashENS_17_Hashtable_traitsILb1ELb0ELb1EEEEC2Ev
FN:1701,_ZNKSt8__detail15_Hashtable_baseINSt7__cxx1112basic_stringIcSt11char_traitsIcESaIcEEESt4pairIKS6_iENS_10_Select1stESt8equal_toIS6_ESt4hashIS6_ENS_18_Mod_range_hashingENS_20_Default_ranged_hashENS_17_Hashtable_traitsILb1ELb0ELb1EEEE9_M_equalsERS8_mPNS_10_Hash_nodeIS9_Lb1EEE
FN:1715,_ZNKSt8__detail15_Hashtable_baseINSt7__cxx1112basic_stringIcSt11char_traitsIcESaIcEEESt4pairIKS6_iENS_10_Select1stESt8equal_toIS6_ESt4hashIS6_ENS_18_Mod_range_hashingENS_20_Default_ranged_hashENS_17_Hashtable_traitsILb1ELb0ELb1EEEE5_M_eqEv
FN:1800,_ZNSt8__detail9_EqualityINSt7__cxx1112basic_stringIcSt11char_traitsIcESaIcEEESt4pairIKS6_iESaIS9_ENS_10_Select1stESt8equal_toIS6_ESt4hashIS6_ENS_18_Mod_range_hashingENS_20_Default_ranged_hashENS_20_Prime_rehash_policyENS_17_Hashtable_traitsILb1ELb0ELb1EEELb1EEC2Ev
FN:1886,_ZNSt8__detail16_Hashtable_allocISaINS_10_Hash_nodeISt4pairIKNSt7__cxx1112basic_stringIcSt11char_traitsIcESaIcEEEiELb1EEEEED2Ev
FN:1907,_ZNSt8__detail16_Hashtable_allocISaINS_10_Hash_nodeISt4pairIKNSt7__cxx1112basic_stringIcSt11char_traitsIcESaIcEEEiELb1EEEEEC2Ev
FN:1917,_ZNSt8__detail16_Hashtable_allocISaINS_10_Hash_nodeISt4pairIKNSt7__cxx1112basic_stringIcSt11char_traitsIcESaIcEEEiELb1EEEEE17_M_node_allocatorEv
FN:1947,_ZNSt8__detail16_Hashtable_allocISaINS_10_Hash_nodeISt4pairIKNSt7__cxx1112basic_stringIcSt11char_traitsIcESaIcEEEiELb1EEEEE16_M_allocate_nodeIJRKSt21piecewise_construct_tSt5tupleIJRS9_EESI_IJEEEEEPSB_DpOT_
FN:1968,_ZNSt8__detail16_Hashtable_allocISaINS_10_Hash_nodeISt4pairIKNSt7__cxx1112basic_stringIcSt11char_traitsIcESaIcEEEiELb1EEEEE18_M_deallocate_nodeEPSB_
FN:1980,_ZNSt8__detail16_Hashtable_allocISaINS_10_Hash_nodeISt4pairIKNSt7__cxx1112basic_stringIcSt11char_traitsIcESaIcEEEiELb1EEEEE19_M_deallocate_nodesEPSB_
FN:1992,_ZNSt8__detail16_Hashtable_allocISaINS_10_Hash_nodeISt4pairIKNSt7__cxx1112basic_stringIcSt11char_traitsIcESaIcEEEiELb1EEEEE19_M_allocate_bucketsEm
FN:2004,_ZNSt8__detail16_Hashtable_allocISaINS_10_Hash_nodeISt4pairIKNSt7__cxx1112basic_stringIcSt11char_traitsIcESaIcEEEiELb1EEEEE21_M_deallocate_bucketsEPPNS_15_Hash_node_baseEm
FNDA:8,_ZNSt8__detail10_Select1stC2Ev
FNDA:32,_ZNKSt8__detail10_Select1stclIRSt4pairIKNSt7__cxx1112basic_stringIcSt11char_traitsIcESaIcEEEiEEEDTcl3getILi0EEcl7forwardIT_Efp_EEEOSC_
FNDA:104,_ZNSt8__detail15_Hash_node_baseC2Ev
FNDA:96,_ZNSt8__detail21_Hash_node_value_baseISt4pairIKNSt7__cxx1112basic_stringIcSt11char_traitsIcESaIcEEEiEEC2Ev
FNDA:320,_ZNSt8__detail21_Hash_node_value_baseISt4pairIKNSt7__cxx1112basic_stringIcSt11char_traitsIcESaIcEEEiEE9_M_valptrEv
FNDA:32,_ZNSt8__detail21_Hash_node_value_baseISt4pairIKNSt7__cxx1112basic_stringIcSt11char_traitsIcESaIcEEEiEE4_M_vEv
FNDA:96,_ZNSt8__detail10_Hash_nodeISt4pairIKNSt7__cxx1112basic_stringIcSt11char_traitsIcESaIcEEEiELb1EEC2Ev
FNDA:344,_ZNKSt8__detail10_Hash_nodeISt4pairIKNSt7__cxx1112basic_stringIcSt11char_traitsIcESaIcEEEiELb1EE7_M_nextEv
FNDA:96,_ZNSt8__detail19_Node_iterator_baseISt4pairIKNSt7__cxx1112basic_stringIcSt11char_traitsIcESaIcEEEiELb1EEC2EPNS_10_Hash_nodeIS9_Lb1EEE
FNDA:96,_ZNSt8__detail14_Node_iteratorISt4pairIKNSt7__cxx1112basic_stringIcSt11char_traitsIcESaIcEEEiELb0ELb1EEC2EPNS_10_Hash_nodeIS9_Lb1EEE
FNDA:96,_ZNKSt8__detail14_Node_iteratorISt4pairIKNSt7__cxx1112basic_stringIcSt11char_traitsIcESaIcEEEiELb0ELb1EEptEv
FNDA:8,_ZNSt8__detail18_Mod_range_hashingC2Ev
FNDA:472,_ZNKSt8__detail18_Mod_range_hashingclEmm
FNDA:8,_ZNSt8__detail20_Prime_rehash_policyC2Ef
FNDA:96,_ZNKSt8__detail20_Prime_rehash_policy8_M_stateEv
FNDA:0,_ZNSt8__detail20_Prime_rehash_policy8_M_resetEm
FNDA:8,_ZNSt8__detail9_Map_baseINSt7__cxx1112basic_stringIcSt11char_traitsIcESaIcEEESt4pairIKS6_iESaIS9_ENS_10_Select1stESt8equal_toIS6_ESt4hashIS6_ENS_18_Mod_range_hashingENS_20_Default_ranged_hashENS_20_Prime_rehash_policyENS_17_Hashtable_traitsILb1ELb0ELb1EEELb1EEC2Ev
FNDA:96,_ZNSt8__detail9_Map_baseINSt7__cxx1112basic_stringIcSt11char_traitsIcESaIcEEESt4pairIKS6_iESaIS9_ENS_10_Select1stESt8equal_toIS6_ESt4hashIS6_ENS_18_Mod_range_hashingENS_20_Default_ranged_hashENS_20_Prime_rehash_policyENS_17_Hashtable_traitsILb1ELb0ELb1EEELb1EEixERS8_
FNDA:8,_ZNSt8__detail12_Insert_baseINSt7__cxx1112basic_stringIcSt11char_traitsIcESaIcEEESt4pairIKS6_iESaIS9_ENS_10_Select1stESt8equal_toIS6_ESt4hashIS6_ENS_18_Mod_range_hashingENS_20_Default_ranged_hashENS_20_Prime_rehash_policyENS_17_Hashtable_traitsILb1ELb0ELb1EEEEC2Ev
FNDA:8,_ZNSt8__detail7_InsertINSt7__cxx1112basic_stringIcSt11char_traitsIcESaIcEEESt4pairIKS6_iESaIS9_ENS_10_Select1stESt8equal_toIS6_ESt4hashIS6_ENS_18_Mod_range_hashingENS_20_Default_ranged_hashENS_20_Prime_rehash_policyENS_17_Hashtable_traitsILb1ELb0ELb1EEELb0ELb1EEC2Ev
FNDA:8,_ZNSt8__detail12_Rehash_baseINSt7__cxx1112basic_stringIcSt11char_traitsIcESaIcEEESt4pairIKS6_iESaIS9_ENS_10_Select1stESt8equal_toIS6_ESt4hashIS6_ENS_18_Mod_range_hashingENS_20_Default_ranged_hashENS_20_Prime_rehash_policyENS_17_Hashtable_traitsILb1ELb0ELb1EEEEC2Ev
FNDA:8,_ZNSt8__detail21_Hashtable_ebo_helperILi0ESaINS_10_Hash_nodeISt4pairIKNSt7__cxx1112basic_stringIcSt11char_traitsIcESaIcEEEiELb1EEEELb1EED2Ev
FNDA:8,_ZNSt8__detail21_Hashtable_ebo_helperILi0ESaINS_10_Hash_nodeISt4pairIKNSt7__cxx1112basic_stringIcSt11char_traitsIcESaIcEEEiELb1EEEELb1EEC2Ev
FNDA:8,_ZNSt8__detail21_Hashtable_ebo_helperILi0ESt8equal_toINSt7__cxx1112basic_stringIcSt11char_traitsIcESaIcEEEELb1EEC2Ev
FNDA:8,_ZNSt8__detail21_Hashtable_ebo_helperILi2ENS_18_Mod_range_hashingELb1EEC2Ev
FNDA:8,_ZNSt8__detail21_Hashtable_ebo_helperILi1ESt4hashINSt7__cxx1112basic_stringIcSt11char_traitsIcESaIcEEEELb1EEC2Ev
FNDA:8,_ZNSt8__detail21_Hashtable_ebo_helperILi0ENS_10_Select1stELb1EEC2Ev
FNDA:472,_ZNSt8__detail21_Hashtable_ebo_helperILi2ENS_18_Mod_range_hashingELb1EE7_S_cgetERKS2_
FNDA:64,_ZNSt8__detail21_Hashtable_ebo_helperILi0ENS_10_Select1stELb1EE7_S_cgetERKS2_
FNDA:64,_ZNSt8__detail21_Hashtable_ebo_helperILi0ESt8equal_toINSt7__cxx1112basic_stringIcSt11char_traitsIcESaIcEEEELb1EE7_S_cgetERKS9_
FNDA:192,_ZNSt8__detail21_Hashtable_ebo_helperILi1ESt4hashINSt7__cxx1112basic_stringIcSt11char_traitsIcESaIcEEEELb1EE7_S_cgetERKS9_
FNDA:32,_ZNSt8__detail21_Hashtable_ebo_helperILi0ENS_10_Select1stELb1EE6_S_getERS2_
FNDA:448,_ZNSt8__detail21_Hashtable_ebo_helperILi0ESaINS_10_Hash_nodeISt4pairIKNSt7__cxx1112basic_stringIcSt11char_traitsIcESaIcEEEiELb1EEEELb1EE6_S_getERSD_
FNDA:8,_ZNSt8__detail15_Hash_code_baseINSt7__cxx1112basic_stringIcSt11char_traitsIcESaIcEEESt4pairIKS6_iENS_10_Select1stESt4hashIS6_ENS_18_Mod_range_hashingENS_20_Default_ranged_hashELb1EEC2Ev
FNDA:192,_ZNKSt8__detail15_Hash_code_baseINSt7__cxx1112basic_stringIcSt11char_traitsIcESaIcEEESt4pairIKS6_iENS_10_Select1stESt4hashIS6_ENS_18_Mod_range_hashingENS_20_Default_ranged_hashELb1EE12_M_hash_codeERS8_
FNDA:224,_ZNKSt8__detail15_Hash_code_baseINSt7__cxx1112basic_stringIcSt11char_traitsIcESaIcEEESt4pairIKS6_iENS_10_Select1stESt4hashIS6_ENS_18_Mod_range_hashingENS_20_Default_ranged_hashELb1EE15_M_bucket_indexERS8_mm
FNDA:248,_ZNKSt8__detail15_Hash_code_baseINSt7__cxx1112basic_stringIcSt11char_traitsIcESaIcEEESt4pairIKS6_iENS_10_Select1stESt4hashIS6_ENS_18_Mod_range_hashingENS_20_Default_ranged_hashELb1EE15_M_bucket_indexEPKNS_10_Hash_nodeIS9_Lb1EEEm
FNDA:96,_ZNKSt8__detail15_Hash_code_baseINSt7__cxx1112basic_stringIcSt11char_traitsIcESaIcEEESt4pairIKS6_iENS_10_Select1stESt4hashIS6_ENS_18_Mod_range_hashingENS_20_Default_ranged_hashELb1EE13_M_store_codeEPNS_10_Hash_nodeIS9_Lb1EEEm
FNDA:64,_ZNKSt8__detail15_Hash_code_baseINSt7__cxx1112basic_stringIcSt11char_traitsIcESaIcEEESt4pairIKS6_iENS_10_Select1stESt4hashIS6_ENS_18_Mod_range_hashingENS_20_Default_ranged_hashELb1EE10_M_extractEv
FNDA:32,_ZNSt8__detail15_Hash_code_baseINSt7__cxx1112basic_stringIcSt11char_traitsIcESaIcEEESt4pairIKS6_iENS_10_Select1stESt4hashIS6_ENS_18_Mod_range_hashingENS_20_Default_ranged_hashELb1EE10_M_extractEv
FNDA:192,_ZNKSt8__detail15_Hash_code_baseINSt7__cxx1112basic_stringIcSt11char_traitsIcESaIcEEESt4pairIKS6_iENS_10_Select1stESt4hashIS6_ENS_18_Mod_range_hashingENS_20_Default_ranged_hashELb1EE5_M_h1Ev
FNDA:472,_ZNKSt8__detail15_Hash_code_baseINSt7__cxx1112basic_stringIcSt11char_traitsIcESaIcEEESt4pairIKS6_iENS_10_Select1stESt4hashIS6_ENS_18_Mod_range_hashingENS_20_Default_ranged_hashELb1EE5_M_h2Ev
FNDA:64,_ZNSt8__detail13_Equal_helperINSt7__cxx1112basic_stringIcSt11char_traitsIcESaIcEEESt4pairIKS6_iENS_10_Select1stESt8equal_toIS6_EmLb1EE9_S_equalsERKSC_RKSA_RS8_mPNS_10_Hash_nodeIS9_Lb1EEE
FNDA:8,_ZNSt8__detail15_Hashtable_baseINSt7__cxx1112basic_stringIcSt11char_traitsIcESaIcEEESt4pairIKS6_iENS_10_Select1stESt8equal_toIS6_ESt4hashIS6_ENS_18_Mod_range_hashingENS_20_Default_ranged_hashENS_17_Hashtable_traitsILb1ELb0ELb1EEEEC2Ev
FNDA:64,_ZNKSt8__detail15_Hashtable_baseINSt7__cxx1112basic_stringIcSt11char_traitsIcESaIcEEESt4pairIKS6_iENS_10_Select1stESt8equal_toIS6_ESt4hashIS6_ENS_18_Mod_range_hashingENS_20_Default_ranged_hashENS_17_Hashtable_traitsILb1ELb0ELb1EEEE9_M_equalsERS8_mPNS_10_Hash_nodeIS9_Lb1EEE
FNDA:64,_ZNKSt8__detail15_Hashtable_baseINSt7__cxx1112basic_stringIcSt11char_traitsIcESaIcEEESt4pairIKS6_iENS_10_Select1stESt8equal_toIS6_ESt4hashIS6_ENS_18_Mod_range_hashingENS_20_Default_ranged_hashENS_17_Hashtable_traitsILb1ELb0ELb1EEEE5_M_eqEv
FNDA:8,_ZNSt8__detail9_EqualityINSt7__cxx1112basic_stringIcSt11char_traitsIcESaIcEEESt4pairIKS6_iESaIS9_ENS_10_Select1stESt8equal_toIS6_ESt4hashIS6_ENS_18_Mod_range_hashingENS_20_Default_ranged_hashENS_20_Prime_rehash_policyENS_17_Hashtable_traitsILb1ELb0ELb1EEELb1EEC2Ev
FNDA:8,_ZNSt8__detail16_Hashtable_allocISaINS_10_Hash_nodeISt4pairIKNSt7__cxx1112basic_stringIcSt11char_traitsIcESaIcEEEiELb1EEEEED2Ev
FNDA:8,_ZNSt8__detail16_Hashtable_allocISaINS_10_Hash_nodeISt4pairIKNSt7__cxx1112basic_stringIcSt11char_traitsIcESaIcEEEiELb1EEEEEC2Ev
FNDA:448,_ZNSt8__detail16_Hashtable_allocISaINS_10_Hash_nodeISt4pairIKNSt7__cxx1112basic_stringIcSt11char_traitsIcESaIcEEEiELb1EEEEE17_M_node_allocatorEv
FNDA:96,_ZNSt8__detail16_Hashtable_allocISaINS_10_Hash_nodeISt4pairIKNSt7__cxx1112basic_stringIcSt11char_traitsIcESaIcEEEiELb1EEEEE16_M_allocate_nodeIJRKSt21piecewise_construct_tSt5tupleIJRS9_EESI_IJEEEEEPSB_DpOT_
FNDA:96,_ZNSt8__detail16_Hashtable_allocISaINS_10_Hash_nodeISt4pairIKNSt7__cxx1112basic_stringIcSt11char_traitsIcESaIcEEEiELb1EEEEE18_M_deallocate_nodeEPSB_
FNDA:8,_ZNSt8__detail16_Hashtable_allocISaINS_10_Hash_nodeISt4pairIKNSt7__cxx1112basic_stringIcSt11char_traitsIcESaIcEEEiELb1EEEEE19_M_deallocate_nodesEPSB_
FNDA:32,_ZNSt8__detail16_Hashtable_allocISaINS_10_Hash_nodeISt4pairIKNSt7__cxx1112basic_stringIcSt11char_traitsIcESaIcEEEiELb1EEEEE19_M_allocate_bucketsEm
FNDA:32,_ZNSt8__detail16_Hashtable_allocISaINS_10_Hash_nodeISt4pairIKNSt7__cxx1112basic_stringIcSt11char_traitsIcESaIcEEEiELb1EEEEE21_M_deallocate_bucketsEPPNS_15_Hash_node_baseEm
FNF:55
FNH:54
DA:96,8
DA:100,32
DA:102,32
DA:231,104
DA:242,96
DA:249,320
DA:250,320
DA:257,32
DA:258,32
DA:277,96
DA:282,344
DA:283,344
DA:307,96
DA:308,96
DA:353,96
DA:354,96
DA:361,96
DA:362,96
DA:437,8
DA:444,472
DA:446,472
DA:460,8
DA:461,8
DA:487,96
DA:488,96
DA:495,0
DA:496,0
DA:545,8
DA:585,96
DA:590,96
DA:591,96
DA:592,96
DA:593,96
DA:595,96
DA:597,96
DA:600,96
DA:603,0
DA:678,8
DA:871,8
DA:932,8
DA:973,8
DA:976,40
DA:984,792
DA:985,792
DA:988,480
DA:989,480
DA:1249,8
DA:1256,192
DA:1257,192
DA:1260,224
DA:1262,224
DA:1265,248
DA:1268,248
DA:1271,96
DA:1272,96
DA:1287,64
DA:1290,32
DA:1293,192
DA:1299,472
DA:1320,64
DA:1322,64
DA:1694,8
DA:1701,64
DA:1703,64
DA:1704,64
DA:1715,64
DA:1800,8
DA:1886,8
DA:1907,8
DA:1917,448
DA:1918,448
DA:1947,96
DA:1949,96
DA:1950,96
DA:1953,192
DA:1954,96
DA:1955,96
DA:1956,96
DA:1957,192
DA:1959,0
DA:1961,0
DA:1962,0
DA:1968,96
DA:1971,96
DA:1972,192
DA:1973,96
DA:1975,96
DA:1976,96
DA:1980,104
DA:1982,200
DA:1984,96
DA:1985,96
DA:1986,96
DA:1988,8
DA:1992,32
DA:1994,64
DA:1996,32
DA:1997,32
DA:1998,32
DA:1999,64
DA:2004,32
DA:2008,32
DA:2009,64
DA:2010,32
DA:2011,32
LF:105
LH:99
end_of_record
SF:/usr/include/c++/5/bits/move.h
FN:47,_ZSt11__addressofISt6vectorIN8wordList9wordSidesESaIS2_EEEPT_RS5_
FN:47,_ZSt11__addressofINSt7__cxx1112basic_stringIcSt11char_traitsIcESaIcEEEEPT_RS6_
FN:47,_ZSt11__addressofISt6vectorINSt7__cxx1112basic_stringIcSt11char_traitsIcESaIcEEESaIS6_EEEPT_RS9_
FN:47,_ZSt11__addressofINSt8__detail10_Hash_nodeISt4pairIKNSt7__cxx1112basic_stringIcSt11char_traitsIcESaIcEEEiELb1EEEEPT_RSC_
FN:47,_ZSt11__addressofIPNSt8__detail15_Hash_node_baseEEPT_RS3_
FN:76,_ZSt7forwardIRKNSt7__cxx1112basic_stringIcSt11char_traitsIcESaIcEEEEOT_RNSt16remove_referenceIS8_E4typeE
FN:76,_ZSt7forwardISt6vectorIN8wordList9wordSidesESaIS2_EEEOT_RNSt16remove_referenceIS5_E4typeE
FN:76,_ZSt7forwardISt5tupleIJRKNSt7__cxx1112basic_stringIcSt11char_traitsIcESaIcEEEEEEOT_RNSt16remove_referenceISA_E4typeE
FN:76,_ZSt7forwardISt6vectorINSt7__cxx1112basic_stringIcSt11char_traitsIcESaIcEEESaIS6_EEEOT_RNSt16remove_referenceIS9_E4typeE
FN:76,_ZSt7forwardIRKSt21piecewise_construct_tEOT_RNSt16remove_referenceIS3_E4typeE
FN:76,_ZSt7forwardIRSt4pairIKNSt7__cxx1112basic_stringIcSt11char_traitsIcESaIcEEEiEEOT_RNSt16remove_referenceISA_E4typeE
FN:76,_ZSt7forwardIRKSt6vectorIN8wordList9wordSidesESaIS2_EEEOT_RNSt16remove_referenceIS7_E4typeE
FN:76,_ZSt7forwardIRKN8wordList9wordSidesEEOT_RNSt16remove_referenceIS4_E4typeE
FN:76,_ZSt7forwardISt5tupleIJEEEOT_RNSt16remove_referenceIS2_E4typeE
FN:76,_ZSt7forwardINSt7__cxx1112basic_stringIcSt11char_traitsIcESaIcEEEEOT_RNSt16remove_referenceIS6_E4typeE
FN:76,_ZSt7forwardIRKSt6vectorINSt7__cxx1112basic_stringIcSt11char_traitsIcESaIcEEESaIS6_EEEOT_RNSt16remove_referenceISB_E4typeE
FN:101,_ZSt4moveIRNSt7__cxx1112basic_stringIcSt11char_traitsIcESaIcEEEEONSt16remove_referenceIT_E4typeEOS8_
FN:101,_ZSt4moveIRSt6vectorIN8wordList9wordSidesESaIS2_EEEONSt16remove_referenceIT_E4typeEOS7_
FN:101,_ZSt4moveIRSt6vectorINSt7__cxx1112basic_stringIcSt11char_traitsIcESaIcEEESaIS6_EEEONSt16remove_referenceIT_E4typeEOSB_
FN:101,_ZSt4moveIRPNSt7__cxx1112basic_stringIcSt11char_traitsIcESaIcEEEEONSt16remove_referenceIT_E4typeEOS9_
FN:101,_ZSt4moveIRSaIN8wordList9wordSidesEEEONSt16remove_referenceIT_E4typeEOS5_
FN:101,_ZSt4moveIRSaINSt7__cxx1112basic_stringIcSt11char_traitsIcESaIcEEEEEONSt16remove_referenceIT_E4typeEOS9_
FN:101,_ZSt4moveIRPN8wordList9wordSidesEEONSt16remove_referenceIT_E4typeEOS5_
FN:135,_ZSt9addressofINSt8__detail10_Hash_nodeISt4pairIKNSt7__cxx1112basic_stringIcSt11char_traitsIcESaIcEEEiELb1EEEEPT_RSC_
FN:135,_ZSt9addressofIPNSt8__detail15_Hash_node_baseEEPT_RS3_
FN:176,_ZSt4swapIPNSt7__cxx1112basic_stringIcSt11char_traitsIcESaIcEEEEvRT_S8_
FN:176,_ZSt4swapIPN8wordList9wordSidesEEvRT_S4_
FNDA:64,_ZSt11__addressofIPNSt8__detail15_Hash_node_baseEEPT_RS3_
FNDA:0,_ZSt11__addressofISt6vectorINSt7__cxx1112basic_stringIcSt11char_traitsIcESaIcEEESaIS6_EEEPT_RS9_
FNDA:60,_ZSt11__addressofISt6vectorIN8wordList9wordSidesESaIS2_EEEPT_RS5_
FNDA:0,_ZSt11__addressofINSt7__cxx1112basic_stringIcSt11char_traitsIcESaIcEEEEPT_RS6_
FNDA:192,_ZSt11__addressofINSt8__detail10_Hash_nodeISt4pairIKNSt7__cxx1112basic_stringIcSt11char_traitsIcESaIcEEEiELb1EEEEPT_RSC_
FNDA:60,_ZSt7forwardISt6vectorINSt7__cxx1112basic_stringIcSt11char_traitsIcESaIcEEESaIS6_EEEOT_RNSt16remove_referenceIS9_E4typeE
FNDA:30,_ZSt7forwardISt6vectorIN8wordList9wordSidesESaIS2_EEEOT_RNSt16remove_referenceIS5_E4typeE
FNDA:32,_ZSt7forwardIRSt4pairIKNSt7__cxx1112basic_stringIcSt11char_traitsIcESaIcEEEiEEOT_RNSt16remove_referenceISA_E4typeE
FNDA:288,_ZSt7forwardISt5tupleIJEEEOT_RNSt16remove_referenceIS2_E4typeE
FNDA:288,_ZSt7forwardISt5tupleIJRKNSt7__cxx1112basic_stringIcSt11char_traitsIcESaIcEEEEEEOT_RNSt16remove_referenceISA_E4typeE
FNDA:288,_ZSt7forwardIRKSt21piecewise_construct_tEOT_RNSt16remove_referenceIS3_E4typeE
FNDA:148,_ZSt7forwardIRKSt6vectorINSt7__cxx1112basic_stringIcSt11char_traitsIcESaIcEEESaIS6_EEEOT_RNSt16remove_referenceISB_E4typeE
FNDA:58,_ZSt7forwardIRKSt6vectorIN8wordList9wordSidesESaIS2_EEEOT_RNSt16remove_referenceIS7_E4typeE
FNDA:520,_ZSt7forwardIRKN8wordList9wordSidesEEOT_RNSt16remove_referenceIS4_E4typeE
FNDA:352,_ZSt7forwardINSt7__cxx1112basic_stringIcSt11char_traitsIcESaIcEEEEOT_RNSt16remove_referenceIS6_E4typeE
FNDA:576,_ZSt7forwardIRKNSt7__cxx1112basic_stringIcSt11char_traitsIcESaIcEEEEOT_RNSt16remove_referenceIS8_E4typeE
FNDA:270,_ZSt4moveIRPN8wordList9wordSidesEEONSt16remove_referenceIT_E4typeEOS5_
FNDA:60,_ZSt4moveIRSaIN8wordList9wordSidesEEEONSt16remove_referenceIT_E4typeEOS5_
FNDA:30,_ZSt4moveIRSt6vectorIN8wordList9wordSidesESaIS2_EEEONSt16remove_referenceIT_E4typeEOS7_
FNDA:0,_ZSt4moveIRPNSt7__cxx1112basic_stringIcSt11char_traitsIcESaIcEEEEONSt16remove_referenceIT_E4typeEOS9_
FNDA:120,_ZSt4moveIRSaINSt7__cxx1112basic_stringIcSt11char_traitsIcESaIcEEEEEONSt16remove_referenceIT_E4typeEOS9_
FNDA:60,_ZSt4moveIRSt6vectorINSt7__cxx1112basic_stringIcSt11char_traitsIcESaIcEEESaIS6_EEEONSt16remove_referenceIT_E4typeEOSB_
FNDA:128,_ZSt4moveIRNSt7__cxx1112basic_stringIcSt11char_traitsIcESaIcEEEEONSt16remove_referenceIT_E4typeEOS8_
FNDA:32,_ZSt9addressofIPNSt8__detail15_Hash_node_baseEEPT_RS3_
FNDA:96,_ZSt9addressofINSt8__detail10_Hash_nodeISt4pairIKNSt7__cxx1112basic_stringIcSt11char_traitsIcESaIcEEEiELb1EEEEPT_RSC_
FNDA:90,_ZSt4swapIPN8wordList9wordSidesEEvRT_S4_
FNDA:0,_ZSt4swapIPNSt7__cxx1112basic_stringIcSt11char_traitsIcESaIcEEEEvRT_S8_
FNF:27
FNH:23
DA:47,316
DA:50,316
DA:76,2640
DA:77,2640
DA:101,668
DA:102,668
DA:135,128
DA:136,128
DA:176,90
DA:185,90
DA:186,90
DA:187,90
DA:188,90
LF:13
LH:13
end_of_record
SF:/usr/include/c++/5/bits/predefined_ops.h
FN:162,_ZN9__gnu_cxx5__ops14_Val_comp_iterIPFbNSt7__cxx1112basic_stringIcSt11char_traitsIcESaIcEEES7_EEC2ES9_
FN:168,_ZN9__gnu_cxx5__ops14_Val_comp_iterIPFbNSt7__cxx1112basic_stringIcSt11char_traitsIcESaIcEEES7_EEclIKS7_NS_17__normal_iteratorIPS7_St6vectorIS7_SaIS7_EEEEEEbRT_T0_
FN:174,_ZN9__gnu_cxx5__ops15__val_comp_iterIPFbNSt7__cxx1112basic_stringIcSt11char_traitsIcESaIcEEES7_EEENS0_14_Val_comp_iterIT_EESB_
FNDA:96,_ZN9__gnu_cxx5__ops14_Val_comp_iterIPFbNSt7__cxx1112basic_stringIcSt11char_traitsIcESaIcEEES7_EEC2ES9_
FNDA:8,_ZN9__gnu_cxx5__ops14_Val_comp_iterIPFbNSt7__cxx1112basic_stringIcSt11char_traitsIcESaIcEEES7_EEclIKS7_NS_17__normal_iteratorIPS7_St6vectorIS7_SaIS7_EEEEEEbRT_T0_
FNDA:96,_ZN9__gnu_cxx5__ops15__val_comp_iterIPFbNSt7__cxx1112basic_stringIcSt11char_traitsIcESaIcEEES7_EEENS0_14_Val_comp_iterIT_EESB_
FNF:3
FNH:3
DA:162,96
DA:163,96
DA:164,96
DA:168,8
DA:169,8
DA:174,96
DA:175,96
LF:7
LH:7
end_of_record
SF:/usr/include/c++/5/bits/ptr_traits.h
FN:168,_ZNSt14pointer_traitsIPPNSt8__detail15_Hash_node_baseEE10pointer_toERS2_
FN:168,_ZNSt14pointer_traitsIPNSt8__detail10_Hash_nodeISt4pairIKNSt7__cxx1112basic_stringIcSt11char_traitsIcESaIcEEEiELb1EEEE10pointer_toERSB_
FNDA:32,_ZNSt14pointer_traitsIPPNSt8__detail15_Hash_node_baseEE10pointer_toERS2_
FNDA:96,_ZNSt14pointer_traitsIPNSt8__detail10_Hash_nodeISt4pairIKNSt7__cxx1112basic_stringIcSt11char_traitsIcESaIcEEEiELb1EEEE10pointer_toERSB_
FNF:2
FNH:2
DA:168,128
DA:169,128
LF:2
LH:2
end_of_record
SF:/usr/include/c++/5/bits/stl_algo.h
FN:2037,_ZSt13__upper_boundIN9__gnu_cxx17__normal_iteratorIPNSt7__cxx1112basic_stringIcSt11char_traitsIcESaIcEEESt6vectorIS7_SaIS7_EEEES7_NS0_5__ops14_Val_comp_iterIPFbS7_S7_EEEET_SI_SI_RKT0_T1_
FN:2107,_ZSt11upper_boundIN9__gnu_cxx17__normal_iteratorIPNSt7__cxx1112basic_stringIcSt11char_traitsIcESaIcEEESt6vectorIS7_SaIS7_EEEES7_PFbS7_S7_EET_SF_SF_RKT0_T1_
FNDA:96,_ZSt13__upper_boundIN9__gnu_cxx17__normal_iteratorIPNSt7__cxx1112basic_stringIcSt11char_traitsIcESaIcEEESt6vectorIS7_SaIS7_EEEES7_NS0_5__ops14_Val_comp_iterIPFbS7_S7_EEEET_SI_SI_RKT0_T1_
FNDA:96,_ZSt11upper_boundIN9__gnu_cxx17__normal_iteratorIPNSt7__cxx1112basic_stringIcSt11char_traitsIcESaIcEEESt6vectorIS7_SaIS7_EEEES7_PFbS7_S7_EET_SF_SF_RKT0_T1_
FNF:2
FNH:2
DA:2037,96
DA:2043,96
DA:2045,112
DA:2047,8
DA:2048,8
DA:2049,8
DA:2050,8
DA:2051,0
DA:2054,8
DA:2055,8
DA:2056,8
DA:2059,96
DA:2107,96
DA:2120,96
DA:2121,96
LF:15
LH:14
end_of_record
SF:/usr/include/c++/5/bits/stl_algobase.h
FN:219,_ZSt3maxImERKT_S2_S2_
FN:282,_ZSt12__niter_baseIN9__gnu_cxx17__normal_iteratorIPNSt7__cxx1112basic_stringIcSt11char_traitsIcESaIcEEESt6vectorIS7_SaIS7_EEEEENSt11_Niter_baseIT_E13iterator_typeESE_
FN:282,_ZSt12__niter_baseIN9__gnu_cxx17__normal_iteratorIPN8wordList9wordSidesESt6vectorIS3_SaIS3_EEEEENSt11_Niter_baseIT_E13iterator_typeESA_
FN:282,_ZSt12__niter_baseIN9__gnu_cxx17__normal_iteratorIPKN8wordList9wordSidesESt6vectorIS3_SaIS3_EEEEENSt11_Niter_baseIT_E13iterator_typeESB_
FN:282,_ZSt12__niter_baseIPN8wordList9wordSidesEENSt11_Niter_baseIT_E13iterator_typeES4_
FN:282,_ZSt12__niter_baseIPNSt7__cxx1112basic_stringIcSt11char_traitsIcESaIcEEEENSt11_Niter_baseIT_E13iterator_typeES8_
FN:293,_ZSt12__miter_baseIPNSt7__cxx1112basic_stringIcSt11char_traitsIcESaIcEEEENSt11_Miter_baseIT_E13iterator_typeES8_
FN:293,_ZSt12__miter_baseIN9__gnu_cxx17__normal_iteratorIPNSt7__cxx1112basic_stringIcSt11char_traitsIcESaIcEEESt6vectorIS7_SaIS7_EEEEENSt11_Miter_baseIT_E13iterator_typeESE_
FN:293,_ZSt12__miter_baseIN9__gnu_cxx17__normal_iteratorIPKN8wordList9wordSidesESt6vectorIS3_SaIS3_EEEEENSt11_Miter_baseIT_E13iterator_typeESB_
FN:293,_ZSt12__miter_baseISt13move_iteratorIPN8wordList9wordSidesEEENSt11_Miter_baseIT_E13iterator_typeES6_
FN:293,_ZSt12__miter_baseIPN8wordList9wordSidesEENSt11_Miter_baseIT_E13iterator_typeES4_
FN:354,_ZNSt11__copy_moveILb1ELb0ESt26random_access_iterator_tagE8__copy_mIPNSt7__cxx1112basic_stringIcSt11char_traitsIcESaIcEEES9_EET0_T_SB_SA_
FN:373,_ZNSt11__copy_moveILb1ELb1ESt26random_access_iterator_tagE8__copy_mIN8wordList9wordSidesEEEPT_PKS5_S8_S6_
FN:373,_ZNSt11__copy_moveILb0ELb1ESt26random_access_iterator_tagE8__copy_mIN8wordList9wordSidesEEEPT_PKS5_S8_S6_
FN:391,_ZSt13__copy_move_aILb1EPNSt7__cxx1112basic_stringIcSt11char_traitsIcESaIcEEES6_ET1_T0_S8_S7_
FN:391,_ZSt13__copy_move_aILb0EPKN8wordList9wordSidesEPS1_ET1_T0_S6_S5_
FN:391,_ZSt13__copy_move_aILb0EPN8wordList9wordSidesES2_ET1_T0_S4_S3_
FN:391,_ZSt13__copy_move_aILb1EPN8wordList9wordSidesES2_ET1_T0_S4_S3_
FN:436,_ZSt14__copy_move_a2ILb0EN9__gnu_cxx17__normal_iteratorIPKN8wordList9wordSidesESt6vectorIS3_SaIS3_EEEEPS3_ET1_T0_SC_SB_
FN:436,_ZSt14__copy_move_a2ILb0EN9__gnu_cxx17__normal_iteratorIPKN8wordList9wordSidesESt6vectorIS3_SaIS3_EEEENS1_IPS3_S8_EEET1_T0_SD_SC_
FN:436,_ZSt14__copy_move_a2ILb1EPN8wordList9wordSidesES2_ET1_T0_S4_S3_
FN:436,_ZSt14__copy_move_a2ILb0EPN8wordList9wordSidesES2_ET1_T0_S4_S3_
FN:436,_ZSt14__copy_move_a2ILb1EN9__gnu_cxx17__normal_iteratorIPNSt7__cxx1112basic_stringIcSt11char_traitsIcESaIcEEESt6vectorIS7_SaIS7_EEEESC_ET1_T0_SE_SD_
FN:462,_ZSt4copyIPN8wordList9wordSidesES2_ET0_T_S4_S3_
FN:462,_ZSt4copyISt13move_iteratorIPN8wordList9wordSidesEES3_ET0_T_S6_S5_
[...]
FNDA:164,_ZN9__gnu_cxx14__alloc_traitsISaIN8wordList9wordSidesEEE17_S_select_on_copyERKS3_
FNDA:0,_ZN9__gnu_cxx14__alloc_traitsISaINSt7__cxx1112basic_stringIcSt11char_traitsIcESaIcEEEEE17_S_select_on_copyERKS7_
FNDA:32,_ZN9__gnu_cxx14__alloc_traitsISaIN8wordList9wordSidesEEE27_S_propagate_on_copy_assignEv
FNDA:0,_ZN9__gnu_cxx14__alloc_traitsISaIN8wordList9wordSidesEEE15_S_always_equalEv
FNF:4
FNH:2
DA:139,164
DA:140,164
DA:145,32
DA:146,32
DA:154,0
DA:155,0
LF:6
LH:4
end_of_record
SF:/usr/include/c++/5/ext/new_allocator.h
FN:79,_ZN9__gnu_cxx13new_allocatorIPNSt8__detail15_Hash_node_baseEEC2Ev
FN:79,_ZN9__gnu_cxx13new_allocatorINSt8__detail10_Hash_nodeISt4pairIKNSt7__cxx1112basic_stringIcSt11char_traitsIcESaIcEEEiELb1EEEEC2Ev
FN:79,_ZN9__gnu_cxx13new_allocatorISt6vectorINSt7__cxx1112basic_stringIcSt11char_traitsIcESaIcEEESaIS7_EEEC2Ev
FN:79,_ZN9__gnu_cxx13new_allocatorINSt7__cxx1112basic_stringIcSt11char_traitsIcESaIcEEEEC2Ev
FN:79,_ZN9__gnu_cxx13new_allocatorISt4pairIKNSt7__cxx1112basic_stringIcSt11char_traitsIcESaIcEEEiEEC2Ev
FN:79,_ZN9__gnu_cxx13new_allocatorISt6vectorIN8wordList9wordSidesESaIS3_EEEC2Ev
FN:79,_ZN9__gnu_cxx13new_allocatorIN8wordList9wordSidesEEC2Ev
FN:81,_ZN9__gnu_cxx13new_allocatorINSt7__cxx1112basic_stringIcSt11char_traitsIcESaIcEEEEC2ERKS7_
FN:81,_ZN9__gnu_cxx13new_allocatorIN8wordList9wordSidesEEC2ERKS3_
FN:86,_ZN9__gnu_cxx13new_allocatorIN8wordList9wordSidesEED2Ev
FN:86,_ZN9__gnu_cxx13new_allocatorISt4pairIKNSt7__cxx1112basic_stringIcSt11char_traitsIcESaIcEEEiEED2Ev
FN:86,_ZN9__gnu_cxx13new_allocatorINSt7__cxx1112basic_stringIcSt11char_traitsIcESaIcEEEED2Ev
FN:86,_ZN9__gnu_cxx13new_allocatorISt6vectorINSt7__cxx1112basic_stringIcSt11char_traitsIcESaIcEEESaIS7_EEED2Ev
FN:86,_ZN9__gnu_cxx13new_allocatorISt6vectorIN8wordList9wordSidesESaIS3_EEED2Ev
FN:86,_ZN9__gnu_cxx13new_allocatorIPNSt8__detail15_Hash_node_baseEED2Ev
FN:86,_ZN9__gnu_cxx13new_allocatorINSt8__detail10_Hash_nodeISt4pairIKNSt7__cxx1112basic_stringIcSt11char_traitsIcESaIcEEEiELb1EEEED2Ev
FN:99,_ZN9__gnu_cxx13new_allocatorINSt7__cxx1112basic_stringIcSt11char_traitsIcESaIcEEEE8allocateEmPKv
FN:99,_ZN9__gnu_cxx13new_allocatorISt6vectorINSt7__cxx1112basic_stringIcSt11char_traitsIcESaIcEEESaIS7_EEE8allocateEmPKv
FN:99,_ZN9__gnu_cxx13new_allocatorIN8wordList9wordSidesEE8allocateEmPKv
FN:99,_ZN9__gnu_cxx13new_allocatorIPNSt8__detail15_Hash_node_baseEE8allocateEmPKv
FN:99,_ZN9__gnu_cxx13new_allocatorISt6vectorIN8wordList9wordSidesESaIS3_EEE8allocateEmPKv
FN:99,_ZN9__gnu_cxx13new_allocatorINSt8__detail10_Hash_nodeISt4pairIKNSt7__cxx1112basic_stringIcSt11char_traitsIcESaIcEEEiELb1EEEE8allocateEmPKv
FN:109,_ZN9__gnu_cxx13new_allocatorINSt8__detail10_Hash_nodeISt4pairIKNSt7__cxx1112basic_stringIcSt11char_traitsIcESaIcEEEiELb1EEEE10deallocateEPSC_m
FN:109,_ZN9__gnu_cxx13new_allocatorIN8wordList9wordSidesEE10deallocateEPS2_m
FN:109,_ZN9__gnu_cxx13new_allocatorISt6vectorINSt7__cxx1112basic_stringIcSt11char_traitsIcESaIcEEESaIS7_EEE10deallocateEPS9_m
FN:109,_ZN9__gnu_cxx13new_allocatorINSt7__cxx1112basic_stringIcSt11char_traitsIcESaIcEEEE10deallocateEPS6_m
FN:109,_ZN9__gnu_cxx13new_allocatorISt6vectorIN8wordList9wordSidesESaIS3_EEE10deallocateEPS5_m
FN:109,_ZN9__gnu_cxx13new_allocatorIPNSt8__detail15_Hash_node_baseEE10deallocateEPS3_m
FN:113,_ZNK9__gnu_cxx13new_allocatorISt6vectorINSt7__cxx1112basic_stringIcSt11char_traitsIcESaIcEEESaIS7_EEE8max_sizeEv
FN:113,_ZNK9__gnu_cxx13new_allocatorIPNSt8__detail15_Hash_node_baseEE8max_sizeEv
FN:113,_ZNK9__gnu_cxx13new_allocatorISt6vectorIN8wordList9wordSidesESaIS3_EEE8max_sizeEv
FN:113,_ZNK9__gnu_cxx13new_allocatorINSt7__cxx1112basic_stringIcSt11char_traitsIcESaIcEEEE8max_sizeEv
FN:113,_ZNK9__gnu_cxx13new_allocatorINSt8__detail10_Hash_nodeISt4pairIKNSt7__cxx1112basic_stringIcSt11char_traitsIcESaIcEEEiELb1EEEE8max_sizeEv
FN:113,_ZNK9__gnu_cxx13new_allocatorIN8wordList9wordSidesEE8max_sizeEv
FN:119,_ZN9__gnu_cxx13new_allocatorIN8wordList9wordSidesEE9constructIS2_JRKS2_EEEvPT_DpOT0_
FN:119,_ZN9__gnu_cxx13new_allocatorISt6vectorIN8wordList9wordSidesESaIS3_EEE9constructIS5_JRKS5_EEEvPT_DpOT0_
FN:119,_ZN9__gnu_cxx13new_allocatorINSt7__cxx1112basic_stringIcSt11char_traitsIcESaIcEEEE9constructIS6_JRKS6_EEEvPT_DpOT0_
FN:119,_ZN9__gnu_cxx13new_allocatorINSt7__cxx1112basic_stringIcSt11char_traitsIcESaIcEEEE9constructIS6_JS6_EEEvPT_DpOT0_
FN:119,_ZN9__gnu_cxx13new_allocatorISt6vectorINSt7__cxx1112basic_stringIcSt11char_traitsIcESaIcEEESaIS7_EEE9constructIS9_JRKS9_EEEvPT_DpOT0_
FN:119,_ZN9__gnu_cxx13new_allocatorISt4pairIKNSt7__cxx1112basic_stringIcSt11char_traitsIcESaIcEEEiEE9constructIS9_JRKSt21piecewise_construct_tSt5tupleIJRS8_EESF_IJEEEEEvPT_DpOT0_
FN:124,_ZN9__gnu_cxx13new_allocatorIN8wordList9wordSidesEE7destroyIS2_EEvPT_
FN:124,_ZN9__gnu_cxx13new_allocatorISt6vectorIN8wordList9wordSidesESaIS3_EEE7destroyIS5_EEvPT_
FN:124,_ZN9__gnu_cxx13new_allocatorISt4pairIKNSt7__cxx1112basic_stringIcSt11char_traitsIcESaIcEEEiEE7destroyIS9_EEvPT_
FN:124,_ZN9__gnu_cxx13new_allocatorISt6vectorINSt7__cxx1112basic_stringIcSt11char_traitsIcESaIcEEESaIS7_EEE7destroyIS9_EEvPT_
FN:124,_ZN9__gnu_cxx13new_allocatorINSt7__cxx1112basic_stringIcSt11char_traitsIcESaIcEEEE7destroyIS6_EEvPT_
FNDA:64,_ZN9__gnu_cxx13new_allocatorIPNSt8__detail15_Hash_node_baseEEC2Ev
FNDA:192,_ZN9__gnu_cxx13new_allocatorISt4pairIKNSt7__cxx1112basic_stringIcSt11char_traitsIcESaIcEEEiEEC2Ev
FNDA:0,_ZN9__gnu_cxx13new_allocatorISt6vectorINSt7__cxx1112basic_stringIcSt11char_traitsIcESaIcEEESaIS7_EEEC2Ev
FNDA:2,_ZN9__gnu_cxx13new_allocatorISt6vectorIN8wordList9wordSidesESaIS3_EEEC2Ev
FNDA:4,_ZN9__gnu_cxx13new_allocatorIN8wordList9wordSidesEEC2Ev
FNDA:0,_ZN9__gnu_cxx13new_allocatorINSt7__cxx1112basic_stringIcSt11char_traitsIcESaIcEEEEC2Ev
FNDA:8,_ZN9__gnu_cxx13new_allocatorINSt8__detail10_Hash_nodeISt4pairIKNSt7__cxx1112basic_stringIcSt11char_traitsIcESaIcEEEiELb1EEEEC2Ev
FNDA:358,_ZN9__gnu_cxx13new_allocatorIN8wordList9wordSidesEEC2ERKS3_
FNDA:0,_ZN9__gnu_cxx13new_allocatorINSt7__cxx1112basic_stringIcSt11char_traitsIcESaIcEEEEC2ERKS7_
FNDA:64,_ZN9__gnu_cxx13new_allocatorIPNSt8__detail15_Hash_node_baseEED2Ev
FNDA:192,_ZN9__gnu_cxx13new_allocatorISt4pairIKNSt7__cxx1112basic_stringIcSt11char_traitsIcESaIcEEEiEED2Ev
FNDA:0,_ZN9__gnu_cxx13new_allocatorISt6vectorINSt7__cxx1112basic_stringIcSt11char_traitsIcESaIcEEESaIS7_EEED2Ev
FNDA:0,_ZN9__gnu_cxx13new_allocatorISt6vectorIN8wordList9wordSidesESaIS3_EEED2Ev
FNDA:334,_ZN9__gnu_cxx13new_allocatorIN8wordList9wordSidesEED2Ev
FNDA:0,_ZN9__gnu_cxx13new_allocatorINSt7__cxx1112basic_stringIcSt11char_traitsIcESaIcEEEED2Ev
FNDA:8,_ZN9__gnu_cxx13new_allocatorINSt8__detail10_Hash_nodeISt4pairIKNSt7__cxx1112basic_stringIcSt11char_traitsIcESaIcEEEiELb1EEEED2Ev
FNDA:32,_ZN9__gnu_cxx13new_allocatorIPNSt8__detail15_Hash_node_baseEE8allocateEmPKv
FNDA:20,_ZN9__gnu_cxx13new_allocatorISt6vectorINSt7__cxx1112basic_stringIcSt11char_traitsIcESaIcEEESaIS7_EEE8allocateEmPKv
FNDA:10,_ZN9__gnu_cxx13new_allocatorISt6vectorIN8wordList9wordSidesESaIS3_EEE8allocateEmPKv
FNDA:176,_ZN9__gnu_cxx13new_allocatorIN8wordList9wordSidesEE8allocateEmPKv
FNDA:96,_ZN9__gnu_cxx13new_allocatorINSt8__detail10_Hash_nodeISt4pairIKNSt7__cxx1112basic_stringIcSt11char_traitsIcESaIcEEEiELb1EEEE8allocateEmPKv
FNDA:0,_ZN9__gnu_cxx13new_allocatorINSt7__cxx1112basic_stringIcSt11char_traitsIcESaIcEEEE8allocateEmPKv
FNDA:32,_ZN9__gnu_cxx13new_allocatorIPNSt8__detail15_Hash_node_baseEE10deallocateEPS3_m
FNDA:96,_ZN9__gnu_cxx13new_allocatorINSt8__detail10_Hash_nodeISt4pairIKNSt7__cxx1112basic_stringIcSt11char_traitsIcESaIcEEEiELb1EEEE10deallocateEPSC_m
FNDA:0,_ZN9__gnu_cxx13new_allocatorISt6vectorINSt7__cxx1112basic_stringIcSt11char_traitsIcESaIcEEESaIS7_EEE10deallocateEPS9_m
FNDA:8,_ZN9__gnu_cxx13new_allocatorISt6vectorIN8wordList9wordSidesESaIS3_EEE10deallocateEPS5_m
FNDA:0,_ZN9__gnu_cxx13new_allocatorINSt7__cxx1112basic_stringIcSt11char_traitsIcESaIcEEEE10deallocateEPS6_m
FNDA:148,_ZN9__gnu_cxx13new_allocatorIN8wordList9wordSidesEE10deallocateEPS2_m
FNDA:32,_ZNK9__gnu_cxx13new_allocatorIPNSt8__detail15_Hash_node_baseEE8max_sizeEv
FNDA:60,_ZNK9__gnu_cxx13new_allocatorISt6vectorINSt7__cxx1112basic_stringIcSt11char_traitsIcESaIcEEESaIS7_EEE8max_sizeEv
FNDA:30,_ZNK9__gnu_cxx13new_allocatorISt6vectorIN8wordList9wordSidesESaIS3_EEE8max_sizeEv
FNDA:192,_ZNK9__gnu_cxx13new_allocatorIN8wordList9wordSidesEE8max_sizeEv
FNDA:96,_ZNK9__gnu_cxx13new_allocatorINSt8__detail10_Hash_nodeISt4pairIKNSt7__cxx1112basic_stringIcSt11char_traitsIcESaIcEEEiELb1EEEE8max_sizeEv
FNDA:0,_ZNK9__gnu_cxx13new_allocatorINSt7__cxx1112basic_stringIcSt11char_traitsIcESaIcEEEE8max_sizeEv
FNDA:96,_ZN9__gnu_cxx13new_allocatorISt4pairIKNSt7__cxx1112basic_stringIcSt11char_traitsIcESaIcEEEiEE9constructIS9_JRKSt21piecewise_construct_tSt5tupleIJRS8_EESF_IJEEEEEvPT_DpOT0_
FNDA:104,_ZN9__gnu_cxx13new_allocatorINSt7__cxx1112basic_stringIcSt11char_traitsIcESaIcEEEE9constructIS6_JS6_EEEvPT_DpOT0_
FNDA:64,_ZN9__gnu_cxx13new_allocatorISt6vectorINSt7__cxx1112basic_stringIcSt11char_traitsIcESaIcEEESaIS7_EEE9constructIS9_JRKS9_EEEvPT_DpOT0_
FNDA:24,_ZN9__gnu_cxx13new_allocatorISt6vectorIN8wordList9wordSidesESaIS3_EEE9constructIS5_JRKS5_EEEvPT_DpOT0_
FNDA:256,_ZN9__gnu_cxx13new_allocatorIN8wordList9wordSidesEE9constructIS2_JRKS2_EEEvPT_DpOT0_
FNDA:180,_ZN9__gnu_cxx13new_allocatorINSt7__cxx1112basic_stringIcSt11char_traitsIcESaIcEEEE9constructIS6_JRKS6_EEEvPT_DpOT0_
FNDA:96,_ZN9__gnu_cxx13new_allocatorISt4pairIKNSt7__cxx1112basic_stringIcSt11char_traitsIcESaIcEEEiEE7destroyIS9_EEvPT_
FNDA:0,_ZN9__gnu_cxx13new_allocatorISt6vectorINSt7__cxx1112basic_stringIcSt11char_traitsIcESaIcEEESaIS7_EEE7destroyIS9_EEvPT_
FNDA:0,_ZN9__gnu_cxx13new_allocatorISt6vectorIN8wordList9wordSidesESaIS3_EEE7destroyIS5_EEvPT_
FNDA:256,_ZN9__gnu_cxx13new_allocatorIN8wordList9wordSidesEE7destroyIS2_EEvPT_
FNDA:220,_ZN9__gnu_cxx13new_allocatorINSt7__cxx1112basic_stringIcSt11char_traitsIcESaIcEEEE7destroyIS6_EEvPT_
FNF:45
FNH:33
DA:79,270
DA:81,358
DA:86,598
DA:99,334
DA:101,334
DA:102,0
DA:104,334
DA:109,284
DA:110,284
DA:113,410
DA:114,410
DA:119,724
DA:120,724
DA:124,572
LF:14
LH:13
end_of_record
SF:/usr/include/c++/5/ext/string_conversions.h
FN:83,_ZN9__gnu_cxx12__to_xstringINSt7__cxx1112basic_stringIcSt11char_traitsIcESaIcEEEcEET_PFiPT0_mPKS8_P13__va_list_tagEmSB_z
FNDA:8,_ZN9__gnu_cxx12__to_xstringINSt7__cxx1112basic_stringIcSt11char_traitsIcESaIcEEEcEET_PFiPT0_mPKS8_P13__va_list_tagEmSB_z
FNF:1
FNH:1
DA:83,8
DA:89,8
DA:90,8
DA:93,8
DA:95,8
DA:97,8
DA:99,8
LF:7
LH:7
end_of_record
SF:/usr/include/c++/5/ext/type_traits.h
FN:150,_ZN9__gnu_cxx17__is_null_pointerIcEEbPT_
FNDA:1860,_ZN9__gnu_cxx17__is_null_pointerIcEEbPT_
FNF:1
FNH:1
DA:150,1860
DA:151,1860
LF:2
LH:2
end_of_record
SF:/usr/include/c++/5/iostream
DA:74,2
LF:1
LH:1
end_of_record
SF:/usr/include/c++/5/new
FN:129,_ZnwmPv
FN:135,_ZdlPvS_
FNDA:0,_ZnwmPv
FNDA:0,_ZdlPvS_
FNF:2
FNH:0
DA:129,0
DA:130,0
DA:135,0
LF:3
LH:0
end_of_record
SF:/usr/include/c++/5/tuple
FN:107,_ZNSt10_Head_baseILm0ERKNSt7__cxx1112basic_stringIcSt11char_traitsIcESaIcEEELb0EEC2ES7_
FN:142,_ZNSt10_Head_baseILm0ERKNSt7__cxx1112basic_stringIcSt11char_traitsIcESaIcEEELb0EE7_M_headERS8_
FN:347,_ZNSt11_Tuple_implILm0EJRKNSt7__cxx1112basic_stringIcSt11char_traitsIcESaIcEEEEE7_M_headERS8_
FN:356,_ZNSt11_Tuple_implILm0EJRKNSt7__cxx1112basic_stringIcSt11char_traitsIcESaIcEEEEEC2ES7_
FN:367,_ZNSt11_Tuple_implILm0EJRKNSt7__cxx1112basic_stringIcSt11char_traitsIcESaIcEEEEEC2EOS8_
FN:472,_ZNSt5tupleIJRKNSt7__cxx1112basic_stringIcSt11char_traitsIcESaIcEEEEEC2ES7_
FN:484,_ZNSt5tupleIJRKNSt7__cxx1112basic_stringIcSt11char_traitsIcESaIcEEEEEC2EOS8_
FN:821,_ZSt12__get_helperILm0ERKNSt7__cxx1112basic_stringIcSt11char_traitsIcESaIcEEEJEERT0_RSt11_Tuple_implIXT_EJS8_DpT1_EE
FN:832,_ZSt3getILm0EJRKNSt7__cxx1112basic_stringIcSt11char_traitsIcESaIcEEEEERNSt13tuple_elementIXT_ESt5tupleIJDpT0_EEE4typeERSC_
FN:1156,_ZNSt4pairIKNSt7__cxx1112basic_stringIcSt11char_traitsIcESaIcEEEiEC2IJRS6_EJEEESt21piecewise_construct_tSt5tupleIJDpT_EESB_IJDpT0_EE
FN:1168,_ZNSt4pairIKNSt7__cxx1112basic_stringIcSt11char_traitsIcESaIcEEEiEC2IJRS6_EJLm0EEJEJEEERSt5tupleIJDpT_EERSA_IJDpT1_EESt12_Index_tupleIJXspT0_EEESJ_IJXspT2_EEE
FNDA:192,_ZNSt10_Head_baseILm0ERKNSt7__cxx1112basic_stringIcSt11char_traitsIcESaIcEEELb0EEC2ES7_
FNDA:192,_ZNSt10_Head_baseILm0ERKNSt7__cxx1112basic_stringIcSt11char_traitsIcESaIcEEELb0EE7_M_headERS8_
FNDA:192,_ZNSt11_Tuple_implILm0EJRKNSt7__cxx1112basic_stringIcSt11char_traitsIcESaIcEEEEE7_M_headERS8_
FNDA:96,_ZNSt11_Tuple_implILm0EJRKNSt7__cxx1112basic_stringIcSt11char_traitsIcESaIcEEEEEC2ES7_
FNDA:96,_ZNSt11_Tuple_implILm0EJRKNSt7__cxx1112basic_stringIcSt11char_traitsIcESaIcEEEEEC2EOS8_
FNDA:96,_ZNSt5tupleIJRKNSt7__cxx1112basic_stringIcSt11char_traitsIcESaIcEEEEEC2ES7_
FNDA:96,_ZNSt5tupleIJRKNSt7__cxx1112basic_stringIcSt11char_traitsIcESaIcEEEEEC2EOS8_
FNDA:96,_ZSt12__get_helperILm0ERKNSt7__cxx1112basic_stringIcSt11char_traitsIcESaIcEEEJEERT0_RSt11_Tuple_implIXT_EJS8_DpT1_EE
FNDA:96,_ZSt3getILm0EJRKNSt7__cxx1112basic_stringIcSt11char_traitsIcESaIcEEEEERNSt13tuple_elementIXT_ESt5tupleIJDpT0_EEE4typeERSC_
FNDA:96,_ZNSt4pairIKNSt7__cxx1112basic_stringIcSt11char_traitsIcESaIcEEEiEC2IJRS6_EJEEESt21piecewise_construct_tSt5tupleIJDpT_EESB_IJDpT0_EE
FNDA:96,_ZNSt4pairIKNSt7__cxx1112basic_stringIcSt11char_traitsIcESaIcEEEiEC2IJRS6_EJLm0EEJEJEEERSt5tupleIJDpT_EERSA_IJDpT1_EESt12_Index_tupleIJXspT0_EEESJ_IJXspT2_EEE
FNF:11
FNH:11
DA:107,192
DA:108,192
DA:142,192
DA:347,192
DA:356,96
DA:357,96
DA:367,96
DA:369,96
DA:472,96
DA:473,96
DA:484,96
DA:821,96
DA:822,96
DA:832,96
DA:833,96
DA:1156,96
DA:1161,96
DA:1162,96
DA:1168,96
DA:1171,96
DA:1172,96
DA:1173,96
LF:22
LH:22
end_of_record
SF:/usr/include/c++/5/type_traits
FN:1986,_ZNSt15aligned_storageILm40ELm8EEC2Ev
FNDA:96,_ZNSt15aligned_storageILm40ELm8EEC2Ev
FNF:1
FNH:1
DA:1986,96
LF:1
LH:1
end_of_record
SF:/usr/include/c++/5/utility
FN:112,_ZNSt10__pair_getILm0EE5__getIKNSt7__cxx1112basic_stringIcSt11char_traitsIcESaIcEEEiEERT_RSt4pairIS9_T0_E
FN:147,_ZSt3getILm0EKNSt7__cxx1112basic_stringIcSt11char_traitsIcESaIcEEEiERNSt13tuple_elementIXT_ESt4pairIT0_T1_EE4typeERSB_
FNDA:32,_ZNSt10__pair_getILm0EE5__getIKNSt7__cxx1112basic_stringIcSt11char_traitsIcESaIcEEEiEERT_RSt4pairIS9_T0_E
FNDA:32,_ZSt3getILm0EKNSt7__cxx1112basic_stringIcSt11char_traitsIcESaIcEEEiERNSt13tuple_elementIXT_ESt4pairIT0_T1_EE4typeERSB_
FNF:2
FNH:2
DA:112,32
DA:113,32
DA:147,32
DA:148,32
LF:4
LH:4
end_of_record
SF:/home/godo/lab_code/WordList_api/src/wordlist.cpp
FN:31,_Z12outputMatrixv
FN:63,_Z7inRangec
FN:71,_ZN8wordList6filterENSt7__cxx1112basic_stringIcSt11char_traitsIcESaIcEEE
FN:108,_ZN8wordList7CompareENSt7__cxx1112basic_stringIcSt11char_traitsIcESaIcEEES5_
FN:114,_ZN8wordList12loadingWordsEv
FN:188,_ZN8wordList3DFSEic
FN:266,_ZN8wordList6outputEv
FN:280,_Z12output_printiSt6vectorIN8wordList9wordSidesESaIS1_EE
FN:301,_ZN8wordList18outputspecWordListEv
FN:344,_ZN8wordList13Find_WordListEv
FN:381,_Z4Initv
FN:398,get_chain_word
FN:425,get_chain_char
FN:452,get_chain_spec
FN:478,_GLOBAL__sub_I_wordlist.cpp
FN:478,_Z41__static_initialization_and_destruction_0ii
FNDA:8,_Z12outputMatrixv
FNDA:560,_Z7inRangec
FNDA:8,_ZN8wordList6filterENSt7__cxx1112basic_stringIcSt11char_traitsIcESaIcEEE
FNDA:8,_ZN8wordList7CompareENSt7__cxx1112basic_stringIcSt11char_traitsIcESaIcEEES5_
FNDA:8,_ZN8wordList12loadingWordsEv
FNDA:414,_ZN8wordList3DFSEic
FNDA:6,_ZN8wordList6outputEv
FNDA:116,_Z12output_printiSt6vectorIN8wordList9wordSidesESaIS1_EE
FNDA:2,_ZN8wordList18outputspecWordListEv
FNDA:8,_ZN8wordList13Find_WordListEv
FNDA:8,_Z4Initv
FNDA:4,get_chain_word
FNDA:2,get_chain_char
FNDA:2,get_chain_spec
FNDA:2,_GLOBAL__sub_I_wordlist.cpp
FNDA:2,_Z41__static_initialization_and_destruction_0ii
FNF:16
FNH:16
DA:31,8
DA:42,2
DA:44,2
DA:45,2
DA:46,2
DA:47,2
DA:55,2
DA:56,2
DA:58,2
DA:59,2
DA:60,2
DA:61,2
DA:63,560
DA:64,560
DA:65,464
DA:67,96
DA:71,8
DA:72,8
DA:73,8
DA:74,8
DA:75,568
DA:76,560
DA:77,464
DA:78,464
DA:79,16
DA:82,96
DA:83,96
DA:85,96
DA:88,8
DA:108,8
DA:110,8
DA:114,8
DA:115,16
DA:136,16
DA:137,104
DA:138,192
DA:139,96
DA:140,96
DA:142,96
DA:143,96
DA:148,8
DA:149,8
DA:188,414
DA:199,414
DA:200,414
DA:202,11178
DA:204,10764
DA:205,10478
DA:206,286
DA:207,14
DA:209,272
DA:211,256
DA:213,256
DA:215,256
DA:216,256
DA:218,256
DA:219,256
DA:221,256
DA:222,256
DA:226,32
DA:227,16
DA:228,16
DA:231,272
DA:239,70
DA:242,70
DA:244,70
DA:247,414
DA:248,28
DA:249,2
DA:250,2
DA:251,2
DA:252,2
DA:256,386
DA:257,30
DA:258,30
DA:259,30
DA:260,30
DA:266,6
DA:267,6
DA:269,6
DA:270,42
DA:271,36
DA:272,72
DA:273,36
DA:275,36
DA:278,6
DA:280,116
DA:281,116
DA:282,128
DA:284,96
DA:286,32
DA:287,32
DA:288,64
DA:290,84
DA:291,176
DA:292,184
DA:294,92
DA:295,92
DA:296,92
DA:297,92
DA:301,2
DA:302,2
DA:303,2
DA:304,26
DA:305,48
DA:306,24
DA:307,96
DA:308,72
DA:309,72
DA:311,24
DA:314,2
DA:315,26
DA:316,24
DA:318,24
DA:320,2
DA:344,8
DA:345,8
DA:347,162
DA:349,156
DA:353,8
DA:381,8
DA:383,8
DA:384,8
DA:385,8
DA:386,8
DA:387,8
DA:388,8
DA:389,8
DA:390,8
DA:391,8
DA:392,8
DA:393,8
DA:394,8
DA:395,8
DA:398,4
DA:400,4
DA:401,4
DA:402,4
DA:403,4
DA:404,4
DA:405,2
DA:406,2
DA:408,2
DA:409,4
DA:410,2
DA:411,2
DA:413,2
DA:415,4
DA:416,4
DA:417,4
DA:418,4
DA:420,30
DA:421,26
DA:422,4
DA:425,2
DA:427,2
DA:428,2
DA:429,2
DA:430,2
DA:431,2
DA:432,0
DA:433,0
DA:435,2
DA:436,2
DA:437,0
DA:438,0
DA:440,2
DA:442,2
DA:443,2
DA:444,2
DA:445,2
DA:447,12
DA:448,10
DA:449,2
DA:452,2
DA:454,2
DA:455,2
DA:456,2
DA:457,2
DA:458,2
DA:459,2
DA:460,0
DA:461,0
DA:463,2
DA:464,2
DA:465,0
DA:466,0
DA:468,2
DA:470,2
DA:471,2
DA:472,2
DA:473,2
DA:475,34
DA:476,32
DA:477,2
DA:478,6
LF:196
LH:188
end_of_record
SF:/home/godo/lab_code/WordList_api/src/wordlist.h
FN:18,_ZN8wordList4cellD2Ev
FN:18,_ZN8wordList4cellC2Ev
FN:32,_ZN8wordList11CwordMatrixD2Ev
FN:37,_ZN8wordList11CwordMatrixC2Ev
FN:41,_ZN8wordList11CwordMatrix4InitEv
FN:51,_ZN8wordList11CwordMatrix15setEstimatedMaxEcci
FN:55,_ZN8wordList11CwordMatrix12estimatedMaxEcc
FN:59,_ZN8wordList11CwordMatrix5countEcc
FN:63,_ZN8wordList11CwordMatrix7getsizeEcc
FN:67,_ZN8wordList11CwordMatrix8incCountEcc
FN:71,_ZN8wordList11CwordMatrix8incCountENSt7__cxx1112basic_stringIcSt11char_traitsIcESaIcEEE
FN:85,_ZN8wordList11CwordMatrix8decCountEcc
FN:93,_ZN8wordList11CwordMatrix8pushWordENSt7__cxx1112basic_stringIcSt11char_traitsIcESaIcEEE
FN:105,_ZN8wordList11CwordMatrix7popWordB5cxx11Ecc
FN:111,_ZN8wordList11CwordMatrix12getIncrementEcc
FN:118,_ZN8wordList11CwordMatrix5eraseB5cxx11Ecci
FN:124,_ZN8wordList11CwordMatrix6insertEccNSt7__cxx1112basic_stringIcSt11char_traitsIcESaIcEEEi
FNDA:0,_ZN8wordList4cellD2Ev
FNDA:1352,_ZN8wordList4cellC2Ev
FNDA:0,_ZN8wordList11CwordMatrixD2Ev
FNDA:2,_ZN8wordList11CwordMatrixC2Ev
FNDA:10,_ZN8wordList11CwordMatrix4InitEv
FNDA:70,_ZN8wordList11CwordMatrix15setEstimatedMaxEcci
FNDA:320,_ZN8wordList11CwordMatrix12estimatedMaxEcc
FNDA:10764,_ZN8wordList11CwordMatrix5countEcc
FNDA:248,_ZN8wordList11CwordMatrix7getsizeEcc
FNDA:256,_ZN8wordList11CwordMatrix8incCountEcc
FNDA:96,_ZN8wordList11CwordMatrix8incCountENSt7__cxx1112basic_stringIcSt11char_traitsIcESaIcEEE
FNDA:256,_ZN8wordList11CwordMatrix8decCountEcc
FNDA:96,_ZN8wordList11CwordMatrix8pushWordENSt7__cxx1112basic_stringIcSt11char_traitsIcESaIcEEE
FNDA:36,_ZN8wordList11CwordMatrix7popWordB5cxx11Ecc
FNDA:256,_ZN8wordList11CwordMatrix12getIncrementEcc
FNDA:92,_ZN8wordList11CwordMatrix5eraseB5cxx11Ecci
FNDA:92,_ZN8wordList11CwordMatrix6insertEccNSt7__cxx1112basic_stringIcSt11char_traitsIcESaIcEEEi
FNF:17
FNH:15
DA:18,1352
DA:32,0
DA:37,2
DA:38,2
DA:39,2
DA:41,10
DA:42,270
DA:43,7020
DA:44,6760
DA:45,6760
DA:46,6760
DA:49,10
DA:51,70
DA:52,70
DA:53,70
DA:55,320
DA:56,320
DA:59,10764
DA:60,10764
DA:63,248
DA:64,248
DA:67,256
DA:68,256
DA:69,256
DA:71,96
DA:72,96
DA:73,96
DA:74,96
DA:75,96
DA:85,256
DA:86,256
DA:87,256
DA:93,96
DA:94,96
DA:95,96
DA:96,384
DA:97,384
DA:98,96
DA:105,36
DA:106,36
DA:107,36
DA:108,36
DA:111,256
DA:112,256
DA:113,512
DA:114,256
DA:115,80
DA:118,92
DA:119,92
DA:120,92
DA:121,92
DA:124,92
DA:125,92
DA:126,92
LF:54
LH:53
end_of_record
