TN:Test
TN:Test
SF:/usr/include/c++/5/bits/alloc_traits.h
FN:516,_ZNSt16allocator_traitsISaINSt7__cxx1112basic_stringIcSt11char_traitsIcESaIcEEEEE10deallocateERS6_PS5_m
FN:516,_ZNSt16allocator_traitsISaISt6vectorINSt7__cxx1112basic_stringIcSt11char_traitsIcESaIcEEESaIS6_EEEE10deallocateERS9_PS8_m
FNDA:16,_ZNSt16allocator_traitsISaISt6vectorINSt7__cxx1112basic_stringIcSt11char_traitsIcESaIcEEESaIS6_EEEE10deallocateERS9_PS8_m
FNDA:60,_ZNSt16allocator_traitsISaINSt7__cxx1112basic_stringIcSt11char_traitsIcESaIcEEEEE10deallocateERS6_PS5_m
FNF:2
FNH:2
DA:516,76
DA:517,76
LF:2
LH:2
end_of_record
SF:/usr/include/c++/5/bits/allocator.h
FN:113,_ZNSaINSt7__cxx1112basic_stringIcSt11char_traitsIcESaIcEEEEC2Ev
FN:113,_ZNSaISt6vectorINSt7__cxx1112basic_stringIcSt11char_traitsIcESaIcEEESaIS5_EEEC2Ev
FN:121,_ZNSaISt6vectorINSt7__cxx1112basic_stringIcSt11char_traitsIcESaIcEEESaIS5_EEED2Ev
FN:121,_ZNSaINSt7__cxx1112basic_stringIcSt11char_traitsIcESaIcEEEED2Ev
FNDA:4,_ZNSaISt6vectorINSt7__cxx1112basic_stringIcSt11char_traitsIcESaIcEEESaIS5_EEEC2Ev
FNDA:1368,_ZNSaINSt7__cxx1112basic_stringIcSt11char_traitsIcESaIcEEEEC2Ev
FNDA:0,_ZNSaISt6vectorINSt7__cxx1112basic_stringIcSt11char_traitsIcESaIcEEESaIS5_EEED2Ev
FNDA:70,_ZNSaINSt7__cxx1112basic_stringIcSt11char_traitsIcESaIcEEEED2Ev
FNF:4
FNH:3
DA:113,1372
DA:121,70
LF:2
LH:2
end_of_record
SF:/usr/include/c++/5/bits/ios_base.h
FN:129,_ZStorSt13_Ios_OpenmodeS_
FNDA:108,_ZStorSt13_Ios_OpenmodeS_
FNF:1
FNH:1
DA:129,108
DA:130,108
LF:2
LH:2
end_of_record
SF:/usr/include/c++/5/bits/move.h
FN:47,_ZSt11__addressofINSt7__cxx1112basic_stringIcSt11char_traitsIcESaIcEEEEPT_RS6_
FN:47,_ZSt11__addressofISt6vectorINSt7__cxx1112basic_stringIcSt11char_traitsIcESaIcEEESaIS6_EEEPT_RS9_
FNDA:120,_ZSt11__addressofISt6vectorINSt7__cxx1112basic_stringIcSt11char_traitsIcESaIcEEESaIS6_EEEPT_RS9_
FNDA:710,_ZSt11__addressofINSt7__cxx1112basic_stringIcSt11char_traitsIcESaIcEEEEPT_RS6_
FNF:2
FNH:2
DA:47,830
DA:50,830
LF:2
LH:2
end_of_record
SF:/usr/include/c++/5/bits/stl_construct.h
FN:92,_ZSt8_DestroyINSt7__cxx1112basic_stringIcSt11char_traitsIcESaIcEEEEvPT_
FN:92,_ZSt8_DestroyISt6vectorINSt7__cxx1112basic_stringIcSt11char_traitsIcESaIcEEESaIS6_EEEvPT_
FN:100,_ZNSt12_Destroy_auxILb0EE9__destroyIPNSt7__cxx1112basic_stringIcSt11char_traitsIcESaIcEEEEEvT_S9_
FN:100,_ZNSt12_Destroy_auxILb0EE9__destroyIPSt6vectorINSt7__cxx1112basic_stringIcSt11char_traitsIcESaIcEEESaIS8_EEEEvT_SC_
FN:122,_ZSt8_DestroyIPSt6vectorINSt7__cxx1112basic_stringIcSt11char_traitsIcESaIcEEESaIS6_EEEvT_SA_
FN:122,_ZSt8_DestroyIPNSt7__cxx1112basic_stringIcSt11char_traitsIcESaIcEEEEvT_S7_
FN:148,_ZSt8_DestroyIPSt6vectorINSt7__cxx1112basic_stringIcSt11char_traitsIcESaIcEEESaIS6_EES8_EvT_SA_RSaIT0_E
FN:148,_ZSt8_DestroyIPNSt7__cxx1112basic_stringIcSt11char_traitsIcESaIcEEES5_EvT_S7_RSaIT0_E
FNDA:60,_ZSt8_DestroyISt6vectorINSt7__cxx1112basic_stringIcSt11char_traitsIcESaIcEEESaIS6_EEEvPT_
FNDA:362,_ZSt8_DestroyINSt7__cxx1112basic_stringIcSt11char_traitsIcESaIcEEEEvPT_
FNDA:28,_ZNSt12_Destroy_auxILb0EE9__destroyIPSt6vectorINSt7__cxx1112basic_stringIcSt11char_traitsIcESaIcEEESaIS8_EEEEvT_SC_
FNDA:6942,_ZNSt12_Destroy_auxILb0EE9__destroyIPNSt7__cxx1112basic_stringIcSt11char_traitsIcESaIcEEEEEvT_S9_
FNDA:28,_ZSt8_DestroyIPSt6vectorINSt7__cxx1112basic_stringIcSt11char_traitsIcESaIcEEESaIS6_EEEvT_SA_
FNDA:6942,_ZSt8_DestroyIPNSt7__cxx1112basic_stringIcSt11char_traitsIcESaIcEEEEvT_S7_
FNDA:28,_ZSt8_DestroyIPSt6vectorINSt7__cxx1112basic_stringIcSt11char_traitsIcESaIcEEESaIS6_EES8_EvT_SA_RSaIT0_E
FNDA:6942,_ZSt8_DestroyIPNSt7__cxx1112basic_stringIcSt11char_traitsIcESaIcEEES5_EvT_S7_RSaIT0_E
FNF:8
FNH:8
DA:92,422
DA:93,422
DA:100,7392
DA:102,7814
DA:103,422
DA:104,6970
DA:122,6970
DA:126,6970
DA:128,6970
DA:148,6970
DA:151,6970
DA:152,6970
LF:12
LH:12
end_of_record
SF:/usr/include/c++/5/bits/stl_iterator.h
FN:740,_ZN9__gnu_cxx17__normal_iteratorIPSt6vectorINSt7__cxx1112basic_stringIcSt11char_traitsIcESaIcEEESaIS7_EES1_IS9_SaIS9_EEEC2ERKSA_
FN:757,_ZNK9__gnu_cxx17__normal_iteratorIPSt6vectorINSt7__cxx1112basic_stringIcSt11char_traitsIcESaIcEEESaIS7_EES1_IS9_SaIS9_EEEptEv
FN:768,_ZN9__gnu_cxx17__normal_iteratorIPSt6vectorINSt7__cxx1112basic_stringIcSt11char_traitsIcESaIcEEESaIS7_EES1_IS9_SaIS9_EEEppEi
FN:805,_ZNK9__gnu_cxx17__normal_iteratorIPSt6vectorINSt7__cxx1112basic_stringIcSt11char_traitsIcESaIcEEESaIS7_EES1_IS9_SaIS9_EEE4baseEv
FN:841,_ZN9__gnu_cxxneIPSt6vectorINSt7__cxx1112basic_stringIcSt11char_traitsIcESaIcEEESaIS7_EES1_IS9_SaIS9_EEEEbRKNS_17__normal_iteratorIT_T0_EESI_
FNDA:136,_ZN9__gnu_cxx17__normal_iteratorIPSt6vectorINSt7__cxx1112basic_stringIcSt11char_traitsIcESaIcEEESaIS7_EES1_IS9_SaIS9_EEEC2ERKSA_
FNDA:32,_ZNK9__gnu_cxx17__normal_iteratorIPSt6vectorINSt7__cxx1112basic_stringIcSt11char_traitsIcESaIcEEESaIS7_EES1_IS9_SaIS9_EEEptEv
FNDA:64,_ZN9__gnu_cxx17__normal_iteratorIPSt6vectorINSt7__cxx1112basic_stringIcSt11char_traitsIcESaIcEEESaIS7_EES1_IS9_SaIS9_EEEppEi
FNDA:136,_ZNK9__gnu_cxx17__normal_iteratorIPSt6vectorINSt7__cxx1112basic_stringIcSt11char_traitsIcESaIcEEESaIS7_EES1_IS9_SaIS9_EEE4baseEv
FNDA:68,_ZN9__gnu_cxxneIPSt6vectorINSt7__cxx1112basic_stringIcSt11char_traitsIcESaIcEEESaIS7_EES1_IS9_SaIS9_EEEEbRKNS_17__normal_iteratorIT_T0_EESI_
FNF:5
FNH:5
DA:740,136
DA:741,136
DA:757,32
DA:758,32
DA:768,64
DA:769,64
DA:805,136
DA:806,136
DA:841,68
DA:844,68
LF:10
LH:10
end_of_record
SF:/usr/include/c++/5/bits/stl_vector.h
FN:79,_ZNSt12_Vector_baseINSt7__cxx1112basic_stringIcSt11char_traitsIcESaIcEEESaIS5_EE12_Vector_implD2Ev
FN:79,_ZNSt12_Vector_baseISt6vectorINSt7__cxx1112basic_stringIcSt11char_traitsIcESaIcEEESaIS6_EESaIS8_EE12_Vector_implD2Ev
FN:86,_ZNSt12_Vector_baseINSt7__cxx1112basic_stringIcSt11char_traitsIcESaIcEEESaIS5_EE12_Vector_implC2Ev
FN:86,_ZNSt12_Vector_baseISt6vectorINSt7__cxx1112basic_stringIcSt11char_traitsIcESaIcEEESaIS6_EESaIS8_EE12_Vector_implC2Ev
FN:113,_ZNSt12_Vector_baseINSt7__cxx1112basic_stringIcSt11char_traitsIcESaIcEEESaIS5_EE19_M_get_Tp_allocatorEv
FN:113,_ZNSt12_Vector_baseISt6vectorINSt7__cxx1112basic_stringIcSt11char_traitsIcESaIcEEESaIS6_EESaIS8_EE19_M_get_Tp_allocatorEv
FN:124,_ZNSt12_Vector_baseISt6vectorINSt7__cxx1112basic_stringIcSt11char_traitsIcESaIcEEESaIS6_EESaIS8_EEC2Ev
FN:124,_ZNSt12_Vector_baseINSt7__cxx1112basic_stringIcSt11char_traitsIcESaIcEEESaIS5_EEC2Ev
FN:159,_ZNSt12_Vector_baseISt6vectorINSt7__cxx1112basic_stringIcSt11char_traitsIcESaIcEEESaIS6_EESaIS8_EED2Ev
FN:159,_ZNSt12_Vector_baseINSt7__cxx1112basic_stringIcSt11char_traitsIcESaIcEEESaIS5_EED2Ev
FN:174,_ZNSt12_Vector_baseISt6vectorINSt7__cxx1112basic_stringIcSt11char_traitsIcESaIcEEESaIS6_EESaIS8_EE13_M_deallocateEPS8_m
FN:174,_ZNSt12_Vector_baseINSt7__cxx1112basic_stringIcSt11char_traitsIcESaIcEEESaIS5_EE13_M_deallocateEPS5_m
FN:253,_ZNSt6vectorINSt7__cxx1112basic_stringIcSt11char_traitsIcESaIcEEESaIS5_EEC2Ev
FN:253,_ZNSt6vectorIS_INSt7__cxx1112basic_stringIcSt11char_traitsIcESaIcEEESaIS5_EESaIS7_EEC2Ev
FN:423,_ZNSt6vectorIS_INSt7__cxx1112basic_stringIcSt11char_traitsIcESaIcEEESaIS5_EESaIS7_EED2Ev
FN:423,_ZNSt6vectorINSt7__cxx1112basic_stringIcSt11char_traitsIcESaIcEEESaIS5_EED2Ev
FN:547,_ZNSt6vectorIS_INSt7__cxx1112basic_stringIcSt11char_traitsIcESaIcEEESaIS5_EESaIS7_EE5beginEv
FN:565,_ZNSt6vectorIS_INSt7__cxx1112basic_stringIcSt11char_traitsIcESaIcEEESaIS5_EESaIS7_EE3endEv
FN:654,_ZNKSt6vectorINSt7__cxx1112basic_stringIcSt11char_traitsIcESaIcEEESaIS5_EE4sizeEv
FN:779,_ZNSt6vectorINSt7__cxx1112basic_stringIcSt11char_traitsIcESaIcEEESaIS5_EEixEm
FN:800,_ZNKSt6vectorINSt7__cxx1112basic_stringIcSt11char_traitsIcESaIcEEESaIS5_EE14_M_range_checkEm
FN:822,_ZNSt6vectorINSt7__cxx1112basic_stringIcSt11char_traitsIcESaIcEEESaIS5_EE2atEm
FN:1211,_ZNSt6vectorINSt7__cxx1112basic_stringIcSt11char_traitsIcESaIcEEESaIS5_EE5clearEv
FN:1436,_ZNSt6vectorINSt7__cxx1112basic_stringIcSt11char_traitsIcESaIcEEESaIS5_EE15_M_erase_at_endEPS5_
FNDA:0,_ZNSt12_Vector_baseISt6vectorINSt7__cxx1112basic_stringIcSt11char_traitsIcESaIcEEESaIS6_EESaIS8_EE12_Vector_implD2Ev
FNDA:70,_ZNSt12_Vector_baseINSt7__cxx1112basic_stringIcSt11char_traitsIcESaIcEEESaIS5_EE12_Vector_implD2Ev
FNDA:4,_ZNSt12_Vector_baseISt6vectorINSt7__cxx1112basic_stringIcSt11char_traitsIcESaIcEEESaIS6_EESaIS8_EE12_Vector_implC2Ev
FNDA:1368,_ZNSt12_Vector_baseINSt7__cxx1112basic_stringIcSt11char_traitsIcESaIcEEESaIS5_EE12_Vector_implC2Ev
FNDA:48,_ZNSt12_Vector_baseISt6vectorINSt7__cxx1112basic_stringIcSt11char_traitsIcESaIcEEESaIS6_EESaIS8_EE19_M_get_Tp_allocatorEv
FNDA:7202,_ZNSt12_Vector_baseINSt7__cxx1112basic_stringIcSt11char_traitsIcESaIcEEESaIS5_EE19_M_get_Tp_allocatorEv
FNDA:4,_ZNSt12_Vector_baseISt6vectorINSt7__cxx1112basic_stringIcSt11char_traitsIcESaIcEEESaIS6_EESaIS8_EEC2Ev
FNDA:1368,_ZNSt12_Vector_baseINSt7__cxx1112basic_stringIcSt11char_traitsIcESaIcEEESaIS5_EEC2Ev
FNDA:0,_ZNSt12_Vector_baseISt6vectorINSt7__cxx1112basic_stringIcSt11char_traitsIcESaIcEEESaIS6_EESaIS8_EED2Ev
FNDA:70,_ZNSt12_Vector_baseINSt7__cxx1112basic_stringIcSt11char_traitsIcESaIcEEESaIS5_EED2Ev
FNDA:20,_ZNSt12_Vector_baseISt6vectorINSt7__cxx1112basic_stringIcSt11char_traitsIcESaIcEEESaIS6_EESaIS8_EE13_M_deallocateEPS8_m
FNDA:158,_ZNSt12_Vector_baseINSt7__cxx1112basic_stringIcSt11char_traitsIcESaIcEEESaIS5_EE13_M_deallocateEPS5_m
FNDA:4,_ZNSt6vectorIS_INSt7__cxx1112basic_stringIcSt11char_traitsIcESaIcEEESaIS5_EESaIS7_EEC2Ev
FNDA:1368,_ZNSt6vectorINSt7__cxx1112basic_stringIcSt11char_traitsIcESaIcEEESaIS5_EEC2Ev
FNDA:0,_ZNSt6vectorIS_INSt7__cxx1112basic_stringIcSt11char_traitsIcESaIcEEESaIS5_EESaIS7_EED2Ev
FNDA:70,_ZNSt6vectorINSt7__cxx1112basic_stringIcSt11char_traitsIcESaIcEEESaIS5_EED2Ev
FNDA:4,_ZNSt6vectorIS_INSt7__cxx1112basic_stringIcSt11char_traitsIcESaIcEEESaIS5_EESaIS7_EE5beginEv
FNDA:68,_ZNSt6vectorIS_INSt7__cxx1112basic_stringIcSt11char_traitsIcESaIcEEESaIS5_EESaIS7_EE3endEv
FNDA:1190,_ZNKSt6vectorINSt7__cxx1112basic_stringIcSt11char_traitsIcESaIcEEESaIS5_EE4sizeEv
FNDA:408,_ZNSt6vectorINSt7__cxx1112basic_stringIcSt11char_traitsIcESaIcEEESaIS5_EEixEm
FNDA:408,_ZNKSt6vectorINSt7__cxx1112basic_stringIcSt11char_traitsIcESaIcEEESaIS5_EE14_M_range_checkEm
FNDA:408,_ZNSt6vectorINSt7__cxx1112basic_stringIcSt11char_traitsIcESaIcEEESaIS5_EE2atEm
FNDA:6784,_ZNSt6vectorINSt7__cxx1112basic_stringIcSt11char_traitsIcESaIcEEESaIS5_EE5clearEv
FNDA:6784,_ZNSt6vectorINSt7__cxx1112basic_stringIcSt11char_traitsIcESaIcEEESaIS5_EE15_M_erase_at_endEPS5_
FNF:24
FNH:21
DA:79,70
DA:86,1372
DA:87,1372
DA:88,1372
DA:113,7250
DA:114,7250
DA:124,1372
DA:125,1372
DA:159,70
DA:160,140
DA:161,210
DA:174,178
DA:177,178
DA:178,76
DA:179,178
DA:253,1372
DA:257,1372
DA:423,70
DA:424,70
DA:425,140
DA:547,4
DA:548,4
DA:565,68
DA:566,68
DA:654,1190
DA:655,1190
DA:779,408
DA:780,408
DA:800,408
DA:802,408
DA:803,0
DA:807,408
DA:822,408
DA:824,408
DA:825,408
DA:1211,6784
DA:1212,6784
DA:1436,6784
DA:1438,6784
DA:1439,6784
DA:1440,6784
LF:41
LH:40
end_of_record
SF:/usr/include/c++/5/ext/new_allocator.h
FN:79,_ZN9__gnu_cxx13new_allocatorISt6vectorINSt7__cxx1112basic_stringIcSt11char_traitsIcESaIcEEESaIS7_EEEC2Ev
FN:79,_ZN9__gnu_cxx13new_allocatorINSt7__cxx1112basic_stringIcSt11char_traitsIcESaIcEEEEC2Ev
FN:86,_ZN9__gnu_cxx13new_allocatorISt6vectorINSt7__cxx1112basic_stringIcSt11char_traitsIcESaIcEEESaIS7_EEED2Ev
FN:86,_ZN9__gnu_cxx13new_allocatorINSt7__cxx1112basic_stringIcSt11char_traitsIcESaIcEEEED2Ev
FN:109,_ZN9__gnu_cxx13new_allocatorINSt7__cxx1112basic_stringIcSt11char_traitsIcESaIcEEEE10deallocateEPS6_m
FN:109,_ZN9__gnu_cxx13new_allocatorISt6vectorINSt7__cxx1112basic_stringIcSt11char_traitsIcESaIcEEESaIS7_EEE10deallocateEPS9_m
FNDA:4,_ZN9__gnu_cxx13new_allocatorISt6vectorINSt7__cxx1112basic_stringIcSt11char_traitsIcESaIcEEESaIS7_EEEC2Ev
FNDA:1368,_ZN9__gnu_cxx13new_allocatorINSt7__cxx1112basic_stringIcSt11char_traitsIcESaIcEEEEC2Ev
FNDA:0,_ZN9__gnu_cxx13new_allocatorISt6vectorINSt7__cxx1112basic_stringIcSt11char_traitsIcESaIcEEESaIS7_EEED2Ev
FNDA:70,_ZN9__gnu_cxx13new_allocatorINSt7__cxx1112basic_stringIcSt11char_traitsIcESaIcEEEED2Ev
FNDA:16,_ZN9__gnu_cxx13new_allocatorISt6vectorINSt7__cxx1112basic_stringIcSt11char_traitsIcESaIcEEESaIS7_EEE10deallocateEPS9_m
FNDA:60,_ZN9__gnu_cxx13new_allocatorINSt7__cxx1112basic_stringIcSt11char_traitsIcESaIcEEEE10deallocateEPS6_m
FNF:6
FNH:5
DA:79,1372
DA:86,70
DA:109,76
DA:110,76
LF:4
LH:4
end_of_record
SF:/usr/include/c++/5/iostream
DA:74,2
LF:1
LH:1
end_of_record
SF:/usr/include/gtest/gtest-message.h
FN:85,_ZN7testing7MessageD2Ev
FNDA:108,_ZN7testing7MessageD2Ev
FNF:1
FNH:1
DA:85,108
LF:1
LH:1
end_of_record
SF:/usr/include/gtest/gtest-printers.h
FN:218,_ZN16testing_internal26DefaultPrintNonContainerToIiEEvRKT_PSo
FN:218,_ZN16testing_internal26DefaultPrintNonContainerToImEEvRKT_PSo
FN:335,_ZN7testing8internal14DefaultPrintToIiEEvcNS0_13bool_constantILb0EEERKT_PSo
FN:335,_ZN7testing8internal14DefaultPrintToImEEvcNS0_13bool_constantILb0EEERKT_PSo
FN:353,_ZN7testing8internal7PrintToImEEvRKT_PSo
FN:353,_ZN7testing8internal7PrintToIiEEvRKT_PSo
FN:386,_ZN7testing8internal7PrintToEcPSo
FN:591,_ZN7testing8internal16UniversalPrinterImE5PrintERKmPSo
FN:591,_ZN7testing8internal16UniversalPrinterIcE5PrintERKcPSo
FN:591,_ZN7testing8internal16UniversalPrinterIiE5PrintERKiPSo
FN:683,_ZN7testing8internal21UniversalTersePrinterIiE5PrintERKiPSo
FN:683,_ZN7testing8internal21UniversalTersePrinterImE5PrintERKmPSo
FN:683,_ZN7testing8internal21UniversalTersePrinterIcE5PrintERKcPSo
FN:752,_ZN7testing8internal14UniversalPrintIcEEvRKT_PSo
FN:752,_ZN7testing8internal14UniversalPrintImEEvRKT_PSo
FN:752,_ZN7testing8internal14UniversalPrintIiEEvRKT_PSo
FN:847,_ZN7testing13PrintToStringIcEENSt7__cxx1112basic_stringIcSt11char_traitsIcESaIcEEERKT_
FN:847,_ZN7testing13PrintToStringImEENSt7__cxx1112basic_stringIcSt11char_traitsIcESaIcEEERKT_
FN:847,_ZN7testing13PrintToStringIiEENSt7__cxx1112basic_stringIcSt11char_traitsIcESaIcEEERKT_
FNDA:0,_ZN16testing_internal26DefaultPrintNonContainerToImEEvRKT_PSo
FNDA:0,_ZN16testing_internal26DefaultPrintNonContainerToIiEEvRKT_PSo
FNDA:0,_ZN7testing8internal14DefaultPrintToImEEvcNS0_13bool_constantILb0EEERKT_PSo
FNDA:0,_ZN7testing8internal14DefaultPrintToIiEEvcNS0_13bool_constantILb0EEERKT_PSo
FNDA:0,_ZN7testing8internal7PrintToImEEvRKT_PSo
FNDA:0,_ZN7testing8internal7PrintToIiEEvRKT_PSo
FNDA:0,_ZN7testing8internal7PrintToEcPSo
FNDA:0,_ZN7testing8internal16UniversalPrinterImE5PrintERKmPSo
FNDA:0,_ZN7testing8internal16UniversalPrinterIcE5PrintERKcPSo
FNDA:0,_ZN7testing8internal16UniversalPrinterIiE5PrintERKiPSo
FNDA:0,_ZN7testing8internal21UniversalTersePrinterImE5PrintERKmPSo
FNDA:0,_ZN7testing8internal21UniversalTersePrinterIcE5PrintERKcPSo
FNDA:0,_ZN7testing8internal21UniversalTersePrinterIiE5PrintERKiPSo
FNDA:0,_ZN7testing8internal14UniversalPrintImEEvRKT_PSo
FNDA:0,_ZN7testing8internal14UniversalPrintIcEEvRKT_PSo
FNDA:0,_ZN7testing8internal14UniversalPrintIiEEvRKT_PSo
FNDA:0,_ZN7testing13PrintToStringImEENSt7__cxx1112basic_stringIcSt11char_traitsIcESaIcEEERKT_
FNDA:0,_ZN7testing13PrintToStringIcEENSt7__cxx1112basic_stringIcSt11char_traitsIcESaIcEEERKT_
FNDA:0,_ZN7testing13PrintToStringIiEENSt7__cxx1112basic_stringIcSt11char_traitsIcESaIcEEERKT_
FNF:19
FNH:0
DA:218,0
DA:245,0
DA:246,0
DA:335,0
DA:338,0
DA:339,0
DA:353,0
DA:376,0
DA:377,0
DA:386,0
DA:390,0
DA:391,0
DA:591,0
DA:600,0
DA:601,0
DA:683,0
DA:684,0
DA:685,0
DA:752,0
DA:756,0
DA:757,0
DA:847,0
DA:848,0
DA:849,0
DA:850,0
LF:25
LH:0
end_of_record
SF:/usr/include/gtest/gtest.h
FN:256,_ZN7testing15AssertionResultD2Ev
FN:265,_ZNK7testing15AssertionResultcvbEv
FN:274,_ZNK7testing15AssertionResult7messageEv
FN:279,_ZNK7testing15AssertionResult15failure_messageEv
FN:365,_ZN7testing4Test13SetUpTestCaseEv
FN:373,_ZN7testing4Test16TearDownTestCaseEv
FN:451,_ZN7testing4Test5SetupEv
FN:1357,_ZN7testing8internal19FormatForComparisonIiiE6FormatERKi
FN:1357,_ZN7testing8internal19FormatForComparisonImiE6FormatERKm
FN:1357,_ZN7testing8internal19FormatForComparisonIccE6FormatERKc
FN:1357,_ZN7testing8internal19FormatForComparisonIimE6FormatERKi
FN:1431,_ZN7testing8internal33FormatForComparisonFailureMessageIccEENSt7__cxx1112basic_stringIcSt11char_traitsIcESaIcEEERKT_RKT0_
FN:1431,_ZN7testing8internal33FormatForComparisonFailureMessageIiiEENSt7__cxx1112basic_stringIcSt11char_traitsIcESaIcEEERKT_RKT0_
FN:1431,_ZN7testing8internal33FormatForComparisonFailureMessageImiEENSt7__cxx1112basic_stringIcSt11char_traitsIcESaIcEEERKT_RKT0_
FN:1431,_ZN7testing8internal33FormatForComparisonFailureMessageIimEENSt7__cxx1112basic_stringIcSt11char_traitsIcESaIcEEERKT_RKT0_
FN:1438,_ZN7testing8internal11CmpHelperEQImiEENS_15AssertionResultEPKcS4_RKT_RKT0_
FN:1438,_ZN7testing8internal11CmpHelperEQIccEENS_15AssertionResultEPKcS4_RKT_RKT0_
FN:1438,_ZN7testing8internal11CmpHelperEQIiiEENS_15AssertionResultEPKcS4_RKT_RKT0_
FN:1480,_ZN7testing8internal8EqHelperILb0EE7CompareIiiEENS_15AssertionResultEPKcS6_RKT_RKT0_
FN:1480,_ZN7testing8internal8EqHelperILb0EE7CompareImiEENS_15AssertionResultEPKcS6_RKT_RKT0_
FN:1480,_ZN7testing8internal8EqHelperILb0EE7CompareIccEENS_15AssertionResultEPKcS6_RKT_RKT0_
FN:2287,_Z13RUN_ALL_TESTSv
FNDA:74,_ZN7testing15AssertionResultD2Ev
FNDA:74,_ZNK7testing15AssertionResultcvbEv
FNDA:0,_ZNK7testing15AssertionResult7messageEv
FNDA:0,_ZNK7testing15AssertionResult15failure_messageEv
FNDA:8,_ZN7testing4Test13SetUpTestCaseEv
FNDA:8,_ZN7testing4Test16TearDownTestCaseEv
FNDA:0,_ZN7testing4Test5SetupEv
FNDA:0,_ZN7testing8internal19FormatForComparisonIimE6FormatERKi
FNDA:0,_ZN7testing8internal19FormatForComparisonImiE6FormatERKm
FNDA:0,_ZN7testing8internal19FormatForComparisonIccE6FormatERKc
FNDA:0,_ZN7testing8internal19FormatForComparisonIiiE6FormatERKi
FNDA:0,_ZN7testing8internal33FormatForComparisonFailureMessageIimEENSt7__cxx1112basic_stringIcSt11char_traitsIcESaIcEEERKT_RKT0_
FNDA:0,_ZN7testing8internal33FormatForComparisonFailureMessageImiEENSt7__cxx1112basic_stringIcSt11char_traitsIcESaIcEEERKT_RKT0_
FNDA:0,_ZN7testing8internal33FormatForComparisonFailureMessageIccEENSt7__cxx1112basic_stringIcSt11char_traitsIcESaIcEEERKT_RKT0_
FNDA:0,_ZN7testing8internal33FormatForComparisonFailureMessageIiiEENSt7__cxx1112basic_stringIcSt11char_traitsIcESaIcEEERKT_RKT0_
FNDA:32,_ZN7testing8internal11CmpHelperEQImiEENS_15AssertionResultEPKcS4_RKT_RKT0_
FNDA:34,_ZN7testing8internal11CmpHelperEQIccEENS_15AssertionResultEPKcS4_RKT_RKT0_
FNDA:8,_ZN7testing8internal11CmpHelperEQIiiEENS_15AssertionResultEPKcS4_RKT_RKT0_
FNDA:32,_ZN7testing8internal8EqHelperILb0EE7CompareImiEENS_15AssertionResultEPKcS6_RKT_RKT0_
FNDA:34,_ZN7testing8internal8EqHelperILb0EE7CompareIccEENS_15AssertionResultEPKcS6_RKT_RKT0_
FNDA:8,_ZN7testing8internal8EqHelperILb0EE7CompareIiiEENS_15AssertionResultEPKcS6_RKT_RKT0_
FNDA:2,_Z13RUN_ALL_TESTSv
FNF:22
FNH:11
DA:256,74
DA:265,74
DA:274,0
DA:275,0
DA:279,0
DA:365,8
DA:373,8
DA:451,0
DA:1357,0
DA:1358,0
DA:1431,0
DA:1433,0
DA:1438,74
DA:1448,74
DA:1449,74
DA:1460,0
DA:1480,74
DA:1485,74
DA:2287,2
DA:2288,2
LF:20
LH:11
end_of_record
SF:/usr/include/gtest/internal/gtest-internal.h
FN:436,_ZN7testing8internal15TestFactoryBaseD2Ev
FN:436,_ZN7testing8internal15TestFactoryBaseD0Ev
FN:443,_ZN7testing8internal15TestFactoryBaseC2Ev
FN:452,_ZN7testing8internal15TestFactoryImplI28Test1_FindMaxWordsChain_TestED2Ev
FN:452,_ZN7testing8internal15TestFactoryImplI28Test1_FindMaxWordsChain_TestEC2Ev
FN:452,_ZN7testing8internal15TestFactoryImplI26Test3_FindSpecHTChain_TestED0Ev
FN:452,_ZN7testing8internal15TestFactoryImplI28Test2_FindMaxCharsChain_TestED0Ev
FN:452,_ZN7testing8internal15TestFactoryImplI26Test3_FindSpecHTChain_TestEC2Ev
FN:452,_ZN7testing8internal15TestFactoryImplI30Test4_FindSpecLengthChain_TestED0Ev
FN:452,_ZN7testing8internal15TestFactoryImplI26Test3_FindSpecHTChain_TestED2Ev
FN:452,_ZN7testing8internal15TestFactoryImplI28Test2_FindMaxCharsChain_TestEC2Ev
FN:452,_ZN7testing8internal15TestFactoryImplI28Test2_FindMaxCharsChain_TestED2Ev
FN:452,_ZN7testing8internal15TestFactoryImplI30Test4_FindSpecLengthChain_TestEC2Ev
FN:452,_ZN7testing8internal15TestFactoryImplI30Test4_FindSpecLengthChain_TestED2Ev
FN:452,_ZN7testing8internal15TestFactoryImplI28Test1_FindMaxWordsChain_TestED0Ev
FN:454,_ZN7testing8internal15TestFactoryImplI28Test1_FindMaxWordsChain_TestE10CreateTestEv
FN:454,_ZN7testing8internal15TestFactoryImplI26Test3_FindSpecHTChain_TestE10CreateTestEv
FN:454,_ZN7testing8internal15TestFactoryImplI28Test2_FindMaxCharsChain_TestE10CreateTestEv
FN:454,_ZN7testing8internal15TestFactoryImplI30Test4_FindSpecLengthChain_TestE10CreateTestEv
FN:869,_ZN7testing8internal15IsContainerTestIiEEcl
FN:869,_ZN7testing8internal15IsContainerTestImEEcl
FNDA:0,_ZN7testing8internal15TestFactoryBaseD0Ev
FNDA:0,_ZN7testing8internal15TestFactoryBaseD2Ev
FNDA:8,_ZN7testing8internal15TestFactoryBaseC2Ev
FNDA:0,_ZN7testing8internal15TestFactoryImplI28Test1_FindMaxWordsChain_TestED0Ev
FNDA:0,_ZN7testing8internal15TestFactoryImplI28Test1_FindMaxWordsChain_TestED2Ev
FNDA:0,_ZN7testing8internal15TestFactoryImplI28Test2_FindMaxCharsChain_TestED0Ev
FNDA:0,_ZN7testing8internal15TestFactoryImplI28Test2_FindMaxCharsChain_TestED2Ev
FNDA:0,_ZN7testing8internal15TestFactoryImplI26Test3_FindSpecHTChain_TestED0Ev
FNDA:0,_ZN7testing8internal15TestFactoryImplI26Test3_FindSpecHTChain_TestED2Ev
FNDA:0,_ZN7testing8internal15TestFactoryImplI30Test4_FindSpecLengthChain_TestED0Ev
FNDA:0,_ZN7testing8internal15TestFactoryImplI30Test4_FindSpecLengthChain_TestED2Ev
FNDA:2,_ZN7testing8internal15TestFactoryImplI30Test4_FindSpecLengthChain_TestEC2Ev
FNDA:2,_ZN7testing8internal15TestFactoryImplI26Test3_FindSpecHTChain_TestEC2Ev
FNDA:2,_ZN7testing8internal15TestFactoryImplI28Test2_FindMaxCharsChain_TestEC2Ev
FNDA:2,_ZN7testing8internal15TestFactoryImplI28Test1_FindMaxWordsChain_TestEC2Ev
FNDA:2,_ZN7testing8internal15TestFactoryImplI28Test1_FindMaxWordsChain_TestE10CreateTestEv
FNDA:2,_ZN7testing8internal15TestFactoryImplI28Test2_FindMaxCharsChain_TestE10CreateTestEv
FNDA:2,_ZN7testing8internal15TestFactoryImplI26Test3_FindSpecHTChain_TestE10CreateTestEv
FNDA:2,_ZN7testing8internal15TestFactoryImplI30Test4_FindSpecLengthChain_TestE10CreateTestEv
FNDA:0,_ZN7testing8internal15IsContainerTestImEEcl
FNDA:0,_ZN7testing8internal15IsContainerTestIiEEcl
FNF:21
FNH:9
DA:436,0
DA:443,8
DA:452,8
DA:454,8
DA:869,0
LF:5
LH:3
end_of_record
SF:/usr/include/gtest/internal/gtest-port.h
FN:898,_ZN7testing8internal10scoped_ptrINSt7__cxx1112basic_stringIcSt11char_traitsIcESaIcEEEED2Ev
FN:898,_ZN7testing8internal10scoped_ptrINSt7__cxx1118basic_stringstreamIcSt11char_traitsIcESaIcEEEED2Ev
FN:901,_ZNK7testing8internal10scoped_ptrINSt7__cxx1112basic_stringIcSt11char_traitsIcESaIcEEEEptEv
FN:902,_ZNK7testing8internal10scoped_ptrINSt7__cxx1112basic_stringIcSt11char_traitsIcESaIcEEEE3getEv
FN:910,_ZN7testing8internal10scoped_ptrINSt7__cxx1118basic_stringstreamIcSt11char_traitsIcESaIcEEEE5resetEPS7_
FN:910,_ZN7testing8internal10scoped_ptrINSt7__cxx1112basic_stringIcSt11char_traitsIcESaIcEEEE5resetEPS7_
FNDA:74,_ZN7testing8internal10scoped_ptrINSt7__cxx1112basic_stringIcSt11char_traitsIcESaIcEEEED2Ev
FNDA:108,_ZN7testing8internal10scoped_ptrINSt7__cxx1118basic_stringstreamIcSt11char_traitsIcESaIcEEEED2Ev
FNDA:0,_ZNK7testing8internal10scoped_ptrINSt7__cxx1112basic_stringIcSt11char_traitsIcESaIcEEEEptEv
FNDA:0,_ZNK7testing8internal10scoped_ptrINSt7__cxx1112basic_stringIcSt11char_traitsIcESaIcEEEE3getEv
FNDA:108,_ZN7testing8internal10scoped_ptrINSt7__cxx1118basic_stringstreamIcSt11char_traitsIcESaIcEEEE5resetEPS7_
FNDA:74,_ZN7testing8internal10scoped_ptrINSt7__cxx1112basic_stringIcSt11char_traitsIcESaIcEEEE5resetEPS7_
FNF:6
FNH:4
DA:898,182
DA:901,0
DA:902,0
DA:910,182
DA:911,182
DA:912,108
DA:913,108
DA:915,108
DA:917,182
LF:9
LH:7
end_of_record
SF:/home/levishery/Documents/courses/软件工程/WordList/API/src/test_main.cpp
FN:13,_ZN28Test1_FindMaxWordsChain_TestC2Ev
FN:13,_ZN28Test1_FindMaxWordsChain_TestD2Ev
FN:13,_ZN28Test1_FindMaxWordsChain_Test8TestBodyEv
FN:13,_ZN28Test1_FindMaxWordsChain_TestD0Ev
FN:25,_ZN28Test2_FindMaxCharsChain_TestD0Ev
FN:25,_ZN28Test2_FindMaxCharsChain_TestD2Ev
FN:25,_ZN28Test2_FindMaxCharsChain_Test8TestBodyEv
FN:25,_ZN28Test2_FindMaxCharsChain_TestC2Ev
FN:37,_ZN26Test3_FindSpecHTChain_TestD2Ev
FN:37,_ZN26Test3_FindSpecHTChain_TestD0Ev
FN:37,_ZN26Test3_FindSpecHTChain_Test8TestBodyEv
FN:37,_ZN26Test3_FindSpecHTChain_TestC2Ev
FN:51,_ZN30Test4_FindSpecLengthChain_TestD0Ev
FN:51,_ZN30Test4_FindSpecLengthChain_TestC2Ev
FN:51,_ZN30Test4_FindSpecLengthChain_Test8TestBodyEv
FN:51,_ZN30Test4_FindSpecLengthChain_TestD2Ev
FN:59,main
FN:63,_GLOBAL__sub_I_s
FN:63,_Z41__static_initialization_and_destruction_0ii
FNDA:2,_ZN28Test1_FindMaxWordsChain_TestD0Ev
FNDA:2,_ZN28Test1_FindMaxWordsChain_TestD2Ev
FNDA:2,_ZN28Test1_FindMaxWordsChain_Test8TestBodyEv
FNDA:2,_ZN28Test1_FindMaxWordsChain_TestC2Ev
FNDA:2,_ZN28Test2_FindMaxCharsChain_TestD0Ev
FNDA:2,_ZN28Test2_FindMaxCharsChain_TestD2Ev
FNDA:2,_ZN28Test2_FindMaxCharsChain_Test8TestBodyEv
FNDA:2,_ZN28Test2_FindMaxCharsChain_TestC2Ev
FNDA:2,_ZN26Test3_FindSpecHTChain_TestD0Ev
FNDA:2,_ZN26Test3_FindSpecHTChain_TestD2Ev
FNDA:2,_ZN26Test3_FindSpecHTChain_Test8TestBodyEv
FNDA:2,_ZN26Test3_FindSpecHTChain_TestC2Ev
FNDA:2,_ZN30Test4_FindSpecLengthChain_TestD0Ev
FNDA:2,_ZN30Test4_FindSpecLengthChain_TestD2Ev
FNDA:2,_ZN30Test4_FindSpecLengthChain_Test8TestBodyEv
FNDA:2,_ZN30Test4_FindSpecLengthChain_TestC2Ev
FNDA:2,main
FNDA:2,_GLOBAL__sub_I_s
FNDA:2,_Z41__static_initialization_and_destruction_0ii
FNF:19
FNH:19
DA:9,2
DA:10,2
DA:11,2
DA:13,10
DA:15,2
DA:16,2
DA:17,14
DA:18,12
DA:19,12
DA:20,12
DA:22,2
DA:25,10
DA:27,2
DA:28,2
DA:29,10
DA:30,8
DA:31,8
DA:32,8
DA:34,2
DA:37,10
DA:39,2
DA:40,2
DA:41,12
DA:42,10
DA:43,10
DA:44,10
DA:45,10
DA:46,10
DA:48,2
DA:51,10
DA:53,2
DA:54,2
DA:55,34
DA:56,32
DA:59,2
DA:61,2
DA:62,2
DA:63,6
LF:38
LH:38
end_of_record
